<?xml version="1.0" encoding="UTF-8"?>
<!-- Generated by org.testng.reporters.JUnitXMLReporter -->
<testsuite hostname="claudios-MacBook-Air.local" name="Surefire test" tests="39" failures="39" timestamp="28 Sep 2016 13:44:17 GMT" time="0.147" errors="0">
  <testcase name="OppositeSafeGameTest" time="0.018" classname="MTSATests.controller.OppositeSafeGameSolverTests">
    <failure type="java.lang.AssertionError" message="expected [true] but found [false]">
      <![CDATA[java.lang.AssertionError: expected [true] but found [false]
	at MTSATests.controller.OppositeSafeGameSolverTests.OppositeSafeGameTest(OppositeSafeGameSolverTests.java:201)
... Removed 32 stack frames]]>
    </failure>
  </testcase> <!-- OppositeSafeGameTest -->
  <testcase name="OppositeSafeGameTest" time="0.001" classname="MTSATests.controller.OppositeSafeGameSolverTests">
    <failure type="java.lang.AssertionError" message="expected [true] but found [false]">
      <![CDATA[java.lang.AssertionError: expected [true] but found [false]
	at MTSATests.controller.OppositeSafeGameSolverTests.OppositeSafeGameTest(OppositeSafeGameSolverTests.java:201)
... Removed 32 stack frames]]>
    </failure>
  </testcase> <!-- OppositeSafeGameTest -->
  <testcase name="OppositeSafeGameTest" time="0.001" classname="MTSATests.controller.OppositeSafeGameSolverTests">
    <failure type="java.lang.AssertionError" message="expected [true] but found [false]">
      <![CDATA[java.lang.AssertionError: expected [true] but found [false]
	at MTSATests.controller.OppositeSafeGameSolverTests.OppositeSafeGameTest(OppositeSafeGameSolverTests.java:201)
... Removed 32 stack frames]]>
    </failure>
  </testcase> <!-- OppositeSafeGameTest -->
  <testcase name="OppositeSafeGameTest" time="0.0" classname="MTSATests.controller.OppositeSafeGameSolverTests">
    <failure type="java.lang.AssertionError" message="expected [true] but found [false]">
      <![CDATA[java.lang.AssertionError: expected [true] but found [false]
	at MTSATests.controller.OppositeSafeGameSolverTests.OppositeSafeGameTest(OppositeSafeGameSolverTests.java:201)
... Removed 32 stack frames]]>
    </failure>
  </testcase> <!-- OppositeSafeGameTest -->
  <testcase name="OppositeSafeGameTest" time="0.0" classname="MTSATests.controller.OppositeSafeGameSolverTests">
    <failure type="java.lang.AssertionError" message="expected [true] but found [false]">
      <![CDATA[java.lang.AssertionError: expected [true] but found [false]
	at MTSATests.controller.OppositeSafeGameSolverTests.OppositeSafeGameTest(OppositeSafeGameSolverTests.java:201)
... Removed 32 stack frames]]>
    </failure>
  </testcase> <!-- OppositeSafeGameTest -->
  <testcase name="OppositeSafeGameTest" time="0.0" classname="MTSATests.controller.OppositeSafeGameSolverTests">
    <failure type="java.lang.AssertionError" message="expected [true] but found [false]">
      <![CDATA[java.lang.AssertionError: expected [true] but found [false]
	at MTSATests.controller.OppositeSafeGameSolverTests.OppositeSafeGameTest(OppositeSafeGameSolverTests.java:201)
... Removed 32 stack frames]]>
    </failure>
  </testcase> <!-- OppositeSafeGameTest -->
  <testcase name="OppositeSafeGameTest" time="0.0" classname="MTSATests.controller.OppositeSafeGameSolverTests">
    <failure type="java.lang.AssertionError" message="expected [true] but found [false]">
      <![CDATA[java.lang.AssertionError: expected [true] but found [false]
	at MTSATests.controller.OppositeSafeGameSolverTests.OppositeSafeGameTest(OppositeSafeGameSolverTests.java:201)
... Removed 32 stack frames]]>
    </failure>
  </testcase> <!-- OppositeSafeGameTest -->
  <testcase name="OppositeSafeGameTest" time="0.0" classname="MTSATests.controller.OppositeSafeGameSolverTests">
    <failure type="java.lang.AssertionError" message="expected [true] but found [false]">
      <![CDATA[java.lang.AssertionError: expected [true] but found [false]
	at MTSATests.controller.OppositeSafeGameSolverTests.OppositeSafeGameTest(OppositeSafeGameSolverTests.java:201)
... Removed 32 stack frames]]>
    </failure>
  </testcase> <!-- OppositeSafeGameTest -->
  <testcase name="OppositeSafeGameTest" time="0.001" classname="MTSATests.controller.OppositeSafeGameSolverTests">
    <failure type="java.lang.AssertionError" message="expected [true] but found [false]">
      <![CDATA[java.lang.AssertionError: expected [true] but found [false]
	at MTSATests.controller.OppositeSafeGameSolverTests.OppositeSafeGameTest(OppositeSafeGameSolverTests.java:201)
... Removed 32 stack frames]]>
    </failure>
  </testcase> <!-- OppositeSafeGameTest -->
  <testcase name="OppositeSafeGameTest" time="0.001" classname="MTSATests.controller.OppositeSafeGameSolverTests">
    <failure type="java.lang.AssertionError" message="expected [true] but found [false]">
      <![CDATA[java.lang.AssertionError: expected [true] but found [false]
	at MTSATests.controller.OppositeSafeGameSolverTests.OppositeSafeGameTest(OppositeSafeGameSolverTests.java:201)
... Removed 32 stack frames]]>
    </failure>
  </testcase> <!-- OppositeSafeGameTest -->
  <testcase name="OppositeSafeGameTest" time="0.001" classname="MTSATests.controller.OppositeSafeGameSolverTests">
    <failure type="java.lang.AssertionError" message="expected [true] but found [false]">
      <![CDATA[java.lang.AssertionError: expected [true] but found [false]
	at MTSATests.controller.OppositeSafeGameSolverTests.OppositeSafeGameTest(OppositeSafeGameSolverTests.java:201)
... Removed 32 stack frames]]>
    </failure>
  </testcase> <!-- OppositeSafeGameTest -->
  <testcase name="OppositeSafeGameTest" time="0.0" classname="MTSATests.controller.OppositeSafeGameSolverTests">
    <failure type="java.lang.AssertionError" message="expected [true] but found [false]">
      <![CDATA[java.lang.AssertionError: expected [true] but found [false]
	at MTSATests.controller.OppositeSafeGameSolverTests.OppositeSafeGameTest(OppositeSafeGameSolverTests.java:201)
... Removed 32 stack frames]]>
    </failure>
  </testcase> <!-- OppositeSafeGameTest -->
  <testcase name="OppositeSafeGameTest" time="0.001" classname="MTSATests.controller.OppositeSafeGameSolverTests">
    <failure type="java.lang.AssertionError" message="expected [true] but found [false]">
      <![CDATA[java.lang.AssertionError: expected [true] but found [false]
	at MTSATests.controller.OppositeSafeGameSolverTests.OppositeSafeGameTest(OppositeSafeGameSolverTests.java:201)
... Removed 32 stack frames]]>
    </failure>
  </testcase> <!-- OppositeSafeGameTest -->
  <testcase name="OppositeSafeGameTest" time="0.001" classname="MTSATests.controller.OppositeSafeGameSolverTests">
    <failure type="java.lang.AssertionError" message="expected [true] but found [false]">
      <![CDATA[java.lang.AssertionError: expected [true] but found [false]
	at MTSATests.controller.OppositeSafeGameSolverTests.OppositeSafeGameTest(OppositeSafeGameSolverTests.java:201)
... Removed 32 stack frames]]>
    </failure>
  </testcase> <!-- OppositeSafeGameTest -->
  <testcase name="OppositeSafeGameTest" time="0.001" classname="MTSATests.controller.OppositeSafeGameSolverTests">
    <failure type="java.lang.AssertionError" message="expected [true] but found [false]">
      <![CDATA[java.lang.AssertionError: expected [true] but found [false]
	at MTSATests.controller.OppositeSafeGameSolverTests.OppositeSafeGameTest(OppositeSafeGameSolverTests.java:201)
... Removed 32 stack frames]]>
    </failure>
  </testcase> <!-- OppositeSafeGameTest -->
  <testcase name="OppositeSafeGameTest" time="0.002" classname="MTSATests.controller.OppositeSafeGameSolverTests">
    <failure type="java.lang.AssertionError" message="expected [true] but found [false]">
      <![CDATA[java.lang.AssertionError: expected [true] but found [false]
	at MTSATests.controller.OppositeSafeGameSolverTests.OppositeSafeGameTest(OppositeSafeGameSolverTests.java:201)
... Removed 32 stack frames]]>
    </failure>
  </testcase> <!-- OppositeSafeGameTest -->
  <testcase name="SafeGameTest" time="0.002" classname="MTSATests.controller.SafeGameSolverTests">
    <failure type="java.lang.NullPointerException">
      <![CDATA[java.lang.NullPointerException
	at MTSSynthesis.controller.game.safe.SafeGame.<init>(SafeGame.java:29)
	at MTSSynthesis.controller.game.model.SafeGameSolver.<init>(SafeGameSolver.java:24)
	at MTSATests.controller.SafeGameSolverTests.getLTSSafeGameStrategyFromFile(SafeGameSolverTests.java:29)
	at MTSATests.controller.SafeGameSolverTests.getMut(SafeGameSolverTests.java:74)
	at MTSATests.controller.SafeGameSolverTests.SafeGameTest(SafeGameSolverTests.java:61)
... Removed 28 stack frames]]>
    </failure>
  </testcase> <!-- SafeGameTest -->
  <testcase name="checkUpdatingFormula" time="0.002" classname="MTSATests.controller.UpdatingControllersTests">
    <failure type="java.io.FileNotFoundException" message="/Users/Claudio1/Documents/School/University/Postdoc/Software/COVER/MTSA/mtsa/maven-root/mtsa/ltsa/dist/examples/ControllerUpdate/Tests/adding_actions_test.lts (No such file or directory)">
      <![CDATA[java.io.FileNotFoundException: /Users/Claudio1/Documents/School/University/Postdoc/Software/COVER/MTSA/mtsa/maven-root/mtsa/ltsa/dist/examples/ControllerUpdate/Tests/adding_actions_test.lts (No such file or directory)
	at java.io.FileInputStream.open0(Native Method)
	at java.io.FileInputStream.open(FileInputStream.java:195)
	at java.io.FileInputStream.<init>(FileInputStream.java:138)
	at ltsa.ui.FileInput.<init>(FileInput.java:19)
	at MTSAClient.ac.ic.doc.mtsa.MTSCompiler.compileCompositeState(MTSCompiler.java:37)
	at MTSATests.controller.UpdatingControllersTests.checkUpdatingFormula(UpdatingControllersTests.java:113)
... Removed 28 stack frames]]>
    </failure>
  </testcase> <!-- checkUpdatingFormula -->
  <testcase name="checkUpdatingFormula" time="0.0" classname="MTSATests.controller.UpdatingControllersTests">
    <failure type="java.io.FileNotFoundException" message="/Users/Claudio1/Documents/School/University/Postdoc/Software/COVER/MTSA/mtsa/maven-root/mtsa/ltsa/dist/examples/ControllerUpdate/Tests/removing_actions_test.lts (No such file or directory)">
      <![CDATA[java.io.FileNotFoundException: /Users/Claudio1/Documents/School/University/Postdoc/Software/COVER/MTSA/mtsa/maven-root/mtsa/ltsa/dist/examples/ControllerUpdate/Tests/removing_actions_test.lts (No such file or directory)
	at java.io.FileInputStream.open0(Native Method)
	at java.io.FileInputStream.open(FileInputStream.java:195)
	at java.io.FileInputStream.<init>(FileInputStream.java:138)
	at ltsa.ui.FileInput.<init>(FileInput.java:19)
	at MTSAClient.ac.ic.doc.mtsa.MTSCompiler.compileCompositeState(MTSCompiler.java:37)
	at MTSATests.controller.UpdatingControllersTests.checkUpdatingFormula(UpdatingControllersTests.java:113)
... Removed 28 stack frames]]>
    </failure>
  </testcase> <!-- checkUpdatingFormula -->
  <testcase name="checkUpdatingFormula" time="0.001" classname="MTSATests.controller.UpdatingControllersTests">
    <failure type="java.io.FileNotFoundException" message="/Users/Claudio1/Documents/School/University/Postdoc/Software/COVER/MTSA/mtsa/maven-root/mtsa/ltsa/dist/examples/ControllerUpdate/Tests/UAV_test.lts (No such file or directory)">
      <![CDATA[java.io.FileNotFoundException: /Users/Claudio1/Documents/School/University/Postdoc/Software/COVER/MTSA/mtsa/maven-root/mtsa/ltsa/dist/examples/ControllerUpdate/Tests/UAV_test.lts (No such file or directory)
	at java.io.FileInputStream.open0(Native Method)
	at java.io.FileInputStream.open(FileInputStream.java:195)
	at java.io.FileInputStream.<init>(FileInputStream.java:138)
	at ltsa.ui.FileInput.<init>(FileInput.java:19)
	at MTSAClient.ac.ic.doc.mtsa.MTSCompiler.compileCompositeState(MTSCompiler.java:37)
	at MTSATests.controller.UpdatingControllersTests.checkUpdatingFormula(UpdatingControllersTests.java:113)
... Removed 28 stack frames]]>
    </failure>
  </testcase> <!-- checkUpdatingFormula -->
  <testcase name="checkUpdatingFormula" time="0.0" classname="MTSATests.controller.UpdatingControllersTests">
    <failure type="java.io.FileNotFoundException" message="/Users/Claudio1/Documents/School/University/Postdoc/Software/COVER/MTSA/mtsa/maven-root/mtsa/ltsa/dist/examples/ControllerUpdate/Tests/productionCell_test.lts (No such file or directory)">
      <![CDATA[java.io.FileNotFoundException: /Users/Claudio1/Documents/School/University/Postdoc/Software/COVER/MTSA/mtsa/maven-root/mtsa/ltsa/dist/examples/ControllerUpdate/Tests/productionCell_test.lts (No such file or directory)
	at java.io.FileInputStream.open0(Native Method)
	at java.io.FileInputStream.open(FileInputStream.java:195)
	at java.io.FileInputStream.<init>(FileInputStream.java:138)
	at ltsa.ui.FileInput.<init>(FileInput.java:19)
	at MTSAClient.ac.ic.doc.mtsa.MTSCompiler.compileCompositeState(MTSCompiler.java:37)
	at MTSATests.controller.UpdatingControllersTests.checkUpdatingFormula(UpdatingControllersTests.java:113)
... Removed 28 stack frames]]>
    </failure>
  </testcase> <!-- checkUpdatingFormula -->
  <testcase name="checkUpdatingFormula" time="0.001" classname="MTSATests.controller.UpdatingControllersTests">
    <failure type="java.io.FileNotFoundException" message="/Users/Claudio1/Documents/School/University/Postdoc/Software/COVER/MTSA/mtsa/maven-root/mtsa/ltsa/dist/examples/ControllerUpdate/Ghezzi/2015-FSE-PowerPlant-Ghezzi2013.lts (No such file or directory)">
      <![CDATA[java.io.FileNotFoundException: /Users/Claudio1/Documents/School/University/Postdoc/Software/COVER/MTSA/mtsa/maven-root/mtsa/ltsa/dist/examples/ControllerUpdate/Ghezzi/2015-FSE-PowerPlant-Ghezzi2013.lts (No such file or directory)
	at java.io.FileInputStream.open0(Native Method)
	at java.io.FileInputStream.open(FileInputStream.java:195)
	at java.io.FileInputStream.<init>(FileInputStream.java:138)
	at ltsa.ui.FileInput.<init>(FileInput.java:19)
	at MTSAClient.ac.ic.doc.mtsa.MTSCompiler.compileCompositeState(MTSCompiler.java:37)
	at MTSATests.controller.UpdatingControllersTests.checkUpdatingFormula(UpdatingControllersTests.java:113)
... Removed 28 stack frames]]>
    </failure>
  </testcase> <!-- checkUpdatingFormula -->
  <testcase name="checkUpdatingFormula" time="0.0" classname="MTSATests.controller.UpdatingControllersTests">
    <failure type="java.io.FileNotFoundException" message="/Users/Claudio1/Documents/School/University/Postdoc/Software/COVER/MTSA/mtsa/maven-root/mtsa/ltsa/dist/examples/ControllerUpdate/Ghezzi/2015-FSE-Railcab-Ghezzi2012.lts (No such file or directory)">
      <![CDATA[java.io.FileNotFoundException: /Users/Claudio1/Documents/School/University/Postdoc/Software/COVER/MTSA/mtsa/maven-root/mtsa/ltsa/dist/examples/ControllerUpdate/Ghezzi/2015-FSE-Railcab-Ghezzi2012.lts (No such file or directory)
	at java.io.FileInputStream.open0(Native Method)
	at java.io.FileInputStream.open(FileInputStream.java:195)
	at java.io.FileInputStream.<init>(FileInputStream.java:138)
	at ltsa.ui.FileInput.<init>(FileInput.java:19)
	at MTSAClient.ac.ic.doc.mtsa.MTSCompiler.compileCompositeState(MTSCompiler.java:37)
	at MTSATests.controller.UpdatingControllersTests.checkUpdatingFormula(UpdatingControllersTests.java:113)
... Removed 28 stack frames]]>
    </failure>
  </testcase> <!-- checkUpdatingFormula -->
  <testcase name="checkUpdatingFormula" time="0.001" classname="MTSATests.controller.UpdatingControllersTests">
    <failure type="java.io.FileNotFoundException" message="/Users/Claudio1/Documents/School/University/Postdoc/Software/COVER/MTSA/mtsa/maven-root/mtsa/ltsa/dist/examples/ControllerUpdate/2015-FSE-Workflow.lts (No such file or directory)">
      <![CDATA[java.io.FileNotFoundException: /Users/Claudio1/Documents/School/University/Postdoc/Software/COVER/MTSA/mtsa/maven-root/mtsa/ltsa/dist/examples/ControllerUpdate/2015-FSE-Workflow.lts (No such file or directory)
	at java.io.FileInputStream.open0(Native Method)
	at java.io.FileInputStream.open(FileInputStream.java:195)
	at java.io.FileInputStream.<init>(FileInputStream.java:138)
	at ltsa.ui.FileInput.<init>(FileInput.java:19)
	at MTSAClient.ac.ic.doc.mtsa.MTSCompiler.compileCompositeState(MTSCompiler.java:37)
	at MTSATests.controller.UpdatingControllersTests.checkUpdatingFormula(UpdatingControllersTests.java:113)
... Removed 28 stack frames]]>
    </failure>
  </testcase> <!-- checkUpdatingFormula -->
  <testcase name="checkUpdatingFormula" time="0.0" classname="MTSATests.controller.UpdatingControllersTests">
    <failure type="java.io.FileNotFoundException" message="/Users/Claudio1/Documents/School/University/Postdoc/Software/COVER/MTSA/mtsa/maven-root/mtsa/ltsa/dist/examples/ControllerUpdate/2015-Tokyo/colorBallsTransfer.lts (No such file or directory)">
      <![CDATA[java.io.FileNotFoundException: /Users/Claudio1/Documents/School/University/Postdoc/Software/COVER/MTSA/mtsa/maven-root/mtsa/ltsa/dist/examples/ControllerUpdate/2015-Tokyo/colorBallsTransfer.lts (No such file or directory)
	at java.io.FileInputStream.open0(Native Method)
	at java.io.FileInputStream.open(FileInputStream.java:195)
	at java.io.FileInputStream.<init>(FileInputStream.java:138)
	at ltsa.ui.FileInput.<init>(FileInput.java:19)
	at MTSAClient.ac.ic.doc.mtsa.MTSCompiler.compileCompositeState(MTSCompiler.java:37)
	at MTSATests.controller.UpdatingControllersTests.checkUpdatingFormula(UpdatingControllersTests.java:113)
... Removed 28 stack frames]]>
    </failure>
  </testcase> <!-- checkUpdatingFormula -->
  <testcase name="environmentTest" time="0.0" classname="MTSATests.controller.UpdatingControllersTests">
    <failure type="java.io.FileNotFoundException" message="/Users/Claudio1/Documents/School/University/Postdoc/Software/COVER/MTSA/mtsa/maven-root/mtsa/ltsa/dist/examples/ControllerUpdate/Tests/adding_actions_test_env.lts (No such file or directory)">
      <![CDATA[java.io.FileNotFoundException: /Users/Claudio1/Documents/School/University/Postdoc/Software/COVER/MTSA/mtsa/maven-root/mtsa/ltsa/dist/examples/ControllerUpdate/Tests/adding_actions_test_env.lts (No such file or directory)
	at java.io.FileInputStream.open0(Native Method)
	at java.io.FileInputStream.open(FileInputStream.java:195)
	at java.io.FileInputStream.<init>(FileInputStream.java:138)
	at ltsa.ui.FileInput.<init>(FileInput.java:19)
	at MTSAClient.ac.ic.doc.mtsa.MTSCompiler.compileCompositeState(MTSCompiler.java:37)
	at MTSAClient.ac.ic.doc.mtsa.MTSCompiler.compileMTS(MTSCompiler.java:27)
	at MTSATests.controller.UpdatingControllersTests.environmentTest(UpdatingControllersTests.java:61)
... Removed 28 stack frames]]>
    </failure>
  </testcase> <!-- environmentTest -->
  <testcase name="environmentTest" time="0.0" classname="MTSATests.controller.UpdatingControllersTests">
    <failure type="java.io.FileNotFoundException" message="/Users/Claudio1/Documents/School/University/Postdoc/Software/COVER/MTSA/mtsa/maven-root/mtsa/ltsa/dist/examples/ControllerUpdate/Tests/removing_actions_test_env.lts (No such file or directory)">
      <![CDATA[java.io.FileNotFoundException: /Users/Claudio1/Documents/School/University/Postdoc/Software/COVER/MTSA/mtsa/maven-root/mtsa/ltsa/dist/examples/ControllerUpdate/Tests/removing_actions_test_env.lts (No such file or directory)
	at java.io.FileInputStream.open0(Native Method)
	at java.io.FileInputStream.open(FileInputStream.java:195)
	at java.io.FileInputStream.<init>(FileInputStream.java:138)
	at ltsa.ui.FileInput.<init>(FileInput.java:19)
	at MTSAClient.ac.ic.doc.mtsa.MTSCompiler.compileCompositeState(MTSCompiler.java:37)
	at MTSAClient.ac.ic.doc.mtsa.MTSCompiler.compileMTS(MTSCompiler.java:27)
	at MTSATests.controller.UpdatingControllersTests.environmentTest(UpdatingControllersTests.java:61)
... Removed 28 stack frames]]>
    </failure>
  </testcase> <!-- environmentTest -->
  <testcase name="environmentTest" time="0.0" classname="MTSATests.controller.UpdatingControllersTests">
    <failure type="java.io.FileNotFoundException" message="/Users/Claudio1/Documents/School/University/Postdoc/Software/COVER/MTSA/mtsa/maven-root/mtsa/ltsa/dist/examples/ControllerUpdate/Tests/UAV_test_env.lts (No such file or directory)">
      <![CDATA[java.io.FileNotFoundException: /Users/Claudio1/Documents/School/University/Postdoc/Software/COVER/MTSA/mtsa/maven-root/mtsa/ltsa/dist/examples/ControllerUpdate/Tests/UAV_test_env.lts (No such file or directory)
	at java.io.FileInputStream.open0(Native Method)
	at java.io.FileInputStream.open(FileInputStream.java:195)
	at java.io.FileInputStream.<init>(FileInputStream.java:138)
	at ltsa.ui.FileInput.<init>(FileInput.java:19)
	at MTSAClient.ac.ic.doc.mtsa.MTSCompiler.compileCompositeState(MTSCompiler.java:37)
	at MTSAClient.ac.ic.doc.mtsa.MTSCompiler.compileMTS(MTSCompiler.java:27)
	at MTSATests.controller.UpdatingControllersTests.environmentTest(UpdatingControllersTests.java:61)
... Removed 28 stack frames]]>
    </failure>
  </testcase> <!-- environmentTest -->
  <testcase name="environmentTest" time="0.0" classname="MTSATests.controller.UpdatingControllersTests">
    <failure type="java.io.FileNotFoundException" message="/Users/Claudio1/Documents/School/University/Postdoc/Software/COVER/MTSA/mtsa/maven-root/mtsa/ltsa/dist/examples/ControllerUpdate/Tests/productionCell_test_env.lts (No such file or directory)">
      <![CDATA[java.io.FileNotFoundException: /Users/Claudio1/Documents/School/University/Postdoc/Software/COVER/MTSA/mtsa/maven-root/mtsa/ltsa/dist/examples/ControllerUpdate/Tests/productionCell_test_env.lts (No such file or directory)
	at java.io.FileInputStream.open0(Native Method)
	at java.io.FileInputStream.open(FileInputStream.java:195)
	at java.io.FileInputStream.<init>(FileInputStream.java:138)
	at ltsa.ui.FileInput.<init>(FileInput.java:19)
	at MTSAClient.ac.ic.doc.mtsa.MTSCompiler.compileCompositeState(MTSCompiler.java:37)
	at MTSAClient.ac.ic.doc.mtsa.MTSCompiler.compileMTS(MTSCompiler.java:27)
	at MTSATests.controller.UpdatingControllersTests.environmentTest(UpdatingControllersTests.java:61)
... Removed 28 stack frames]]>
    </failure>
  </testcase> <!-- environmentTest -->
  <testcase name="environmentTest" time="0.001" classname="MTSATests.controller.UpdatingControllersTests">
    <failure type="java.io.FileNotFoundException" message="/Users/Claudio1/Documents/School/University/Postdoc/Software/COVER/MTSA/mtsa/maven-root/mtsa/ltsa/dist/examples/ControllerUpdate/Ghezzi/2015-FSE-PowerPlant-Ghezzi2013_env.lts (No such file or directory)">
      <![CDATA[java.io.FileNotFoundException: /Users/Claudio1/Documents/School/University/Postdoc/Software/COVER/MTSA/mtsa/maven-root/mtsa/ltsa/dist/examples/ControllerUpdate/Ghezzi/2015-FSE-PowerPlant-Ghezzi2013_env.lts (No such file or directory)
	at java.io.FileInputStream.open0(Native Method)
	at java.io.FileInputStream.open(FileInputStream.java:195)
	at java.io.FileInputStream.<init>(FileInputStream.java:138)
	at ltsa.ui.FileInput.<init>(FileInput.java:19)
	at MTSAClient.ac.ic.doc.mtsa.MTSCompiler.compileCompositeState(MTSCompiler.java:37)
	at MTSAClient.ac.ic.doc.mtsa.MTSCompiler.compileMTS(MTSCompiler.java:27)
	at MTSATests.controller.UpdatingControllersTests.environmentTest(UpdatingControllersTests.java:61)
... Removed 28 stack frames]]>
    </failure>
  </testcase> <!-- environmentTest -->
  <testcase name="environmentTest" time="0.0" classname="MTSATests.controller.UpdatingControllersTests">
    <failure type="java.io.FileNotFoundException" message="/Users/Claudio1/Documents/School/University/Postdoc/Software/COVER/MTSA/mtsa/maven-root/mtsa/ltsa/dist/examples/ControllerUpdate/Ghezzi/2015-FSE-Railcab-Ghezzi2012_env.lts (No such file or directory)">
      <![CDATA[java.io.FileNotFoundException: /Users/Claudio1/Documents/School/University/Postdoc/Software/COVER/MTSA/mtsa/maven-root/mtsa/ltsa/dist/examples/ControllerUpdate/Ghezzi/2015-FSE-Railcab-Ghezzi2012_env.lts (No such file or directory)
	at java.io.FileInputStream.open0(Native Method)
	at java.io.FileInputStream.open(FileInputStream.java:195)
	at java.io.FileInputStream.<init>(FileInputStream.java:138)
	at ltsa.ui.FileInput.<init>(FileInput.java:19)
	at MTSAClient.ac.ic.doc.mtsa.MTSCompiler.compileCompositeState(MTSCompiler.java:37)
	at MTSAClient.ac.ic.doc.mtsa.MTSCompiler.compileMTS(MTSCompiler.java:27)
	at MTSATests.controller.UpdatingControllersTests.environmentTest(UpdatingControllersTests.java:61)
... Removed 28 stack frames]]>
    </failure>
  </testcase> <!-- environmentTest -->
  <testcase name="environmentTest" time="0.0" classname="MTSATests.controller.UpdatingControllersTests">
    <failure type="java.io.FileNotFoundException" message="/Users/Claudio1/Documents/School/University/Postdoc/Software/COVER/MTSA/mtsa/maven-root/mtsa/ltsa/dist/examples/ControllerUpdate/2015-FSE-ProductionCell_env.lts (No such file or directory)">
      <![CDATA[java.io.FileNotFoundException: /Users/Claudio1/Documents/School/University/Postdoc/Software/COVER/MTSA/mtsa/maven-root/mtsa/ltsa/dist/examples/ControllerUpdate/2015-FSE-ProductionCell_env.lts (No such file or directory)
	at java.io.FileInputStream.open0(Native Method)
	at java.io.FileInputStream.open(FileInputStream.java:195)
	at java.io.FileInputStream.<init>(FileInputStream.java:138)
	at ltsa.ui.FileInput.<init>(FileInput.java:19)
	at MTSAClient.ac.ic.doc.mtsa.MTSCompiler.compileCompositeState(MTSCompiler.java:37)
	at MTSAClient.ac.ic.doc.mtsa.MTSCompiler.compileMTS(MTSCompiler.java:27)
	at MTSATests.controller.UpdatingControllersTests.environmentTest(UpdatingControllersTests.java:61)
... Removed 28 stack frames]]>
    </failure>
  </testcase> <!-- environmentTest -->
  <testcase name="environmentTest" time="0.001" classname="MTSATests.controller.UpdatingControllersTests">
    <failure type="java.io.FileNotFoundException" message="/Users/Claudio1/Documents/School/University/Postdoc/Software/COVER/MTSA/mtsa/maven-root/mtsa/ltsa/dist/examples/ControllerUpdate/2015-FSE-Wildlife_env.lts (No such file or directory)">
      <![CDATA[java.io.FileNotFoundException: /Users/Claudio1/Documents/School/University/Postdoc/Software/COVER/MTSA/mtsa/maven-root/mtsa/ltsa/dist/examples/ControllerUpdate/2015-FSE-Wildlife_env.lts (No such file or directory)
	at java.io.FileInputStream.open0(Native Method)
	at java.io.FileInputStream.open(FileInputStream.java:195)
	at java.io.FileInputStream.<init>(FileInputStream.java:138)
	at ltsa.ui.FileInput.<init>(FileInput.java:19)
	at MTSAClient.ac.ic.doc.mtsa.MTSCompiler.compileCompositeState(MTSCompiler.java:37)
	at MTSAClient.ac.ic.doc.mtsa.MTSCompiler.compileMTS(MTSCompiler.java:27)
	at MTSATests.controller.UpdatingControllersTests.environmentTest(UpdatingControllersTests.java:61)
... Removed 28 stack frames]]>
    </failure>
  </testcase> <!-- environmentTest -->
  <testcase name="environmentTest" time="0.001" classname="MTSATests.controller.UpdatingControllersTests">
    <failure type="java.io.FileNotFoundException" message="/Users/Claudio1/Documents/School/University/Postdoc/Software/COVER/MTSA/mtsa/maven-root/mtsa/ltsa/dist/examples/ControllerUpdate/2015-FSE-Workflow_env.lts (No such file or directory)">
      <![CDATA[java.io.FileNotFoundException: /Users/Claudio1/Documents/School/University/Postdoc/Software/COVER/MTSA/mtsa/maven-root/mtsa/ltsa/dist/examples/ControllerUpdate/2015-FSE-Workflow_env.lts (No such file or directory)
	at java.io.FileInputStream.open0(Native Method)
	at java.io.FileInputStream.open(FileInputStream.java:195)
	at java.io.FileInputStream.<init>(FileInputStream.java:138)
	at ltsa.ui.FileInput.<init>(FileInput.java:19)
	at MTSAClient.ac.ic.doc.mtsa.MTSCompiler.compileCompositeState(MTSCompiler.java:37)
	at MTSAClient.ac.ic.doc.mtsa.MTSCompiler.compileMTS(MTSCompiler.java:27)
	at MTSATests.controller.UpdatingControllersTests.environmentTest(UpdatingControllersTests.java:61)
... Removed 28 stack frames]]>
    </failure>
  </testcase> <!-- environmentTest -->
  <testcase name="graphGenerator_producesCorrectGraph" time="0.001" classname="MTSATests.controller.UpdatingControllersTests">
    <failure type="java.io.FileNotFoundException" message="/Users/Claudio1/Documents/School/University/Postdoc/Software/COVER/MTSA/mtsa/maven-root/mtsa/ltsa/dist/examples/ControllerUpdate/2015-Tokyo/colorBallsTransfer.lts (No such file or directory)">
      <![CDATA[java.io.FileNotFoundException: /Users/Claudio1/Documents/School/University/Postdoc/Software/COVER/MTSA/mtsa/maven-root/mtsa/ltsa/dist/examples/ControllerUpdate/2015-Tokyo/colorBallsTransfer.lts (No such file or directory)
	at java.io.FileInputStream.open0(Native Method)
	at java.io.FileInputStream.open(FileInputStream.java:195)
	at java.io.FileInputStream.<init>(FileInputStream.java:138)
	at ltsa.ui.FileInput.<init>(FileInput.java:19)
	at MTSATests.controller.UpdatingControllersTests.graphGenerator_producesCorrectGraph(UpdatingControllersTests.java:135)
... Removed 28 stack frames]]>
    </failure>
  </testcase> <!-- graphGenerator_producesCorrectGraph -->
  <testcase name="OppositeGR1GameTest" time="0.0" classname="MTSATests.controller.OppositeGR1GameSolverTests">
    <failure type="java.lang.AssertionError" message="mut was null expected [true] but found [false]">
      <![CDATA[java.lang.AssertionError: mut was null expected [true] but found [false]
	at MTSATests.controller.OppositeGR1GameSolverTests.OppositeGR1GameTest(OppositeGR1GameSolverTests.java:77)
... Removed 31 stack frames]]>
    </failure>
  </testcase> <!-- OppositeGR1GameTest -->
  <testcase name="OppositeGR1GameTest" time="0.009" classname="MTSATests.controller.OppositeGR1GameSolverTests">
    <failure type="java.lang.AssertionError" message="mut was null expected [true] but found [false]">
      <![CDATA[java.lang.AssertionError: mut was null expected [true] but found [false]
	at MTSATests.controller.OppositeGR1GameSolverTests.OppositeGR1GameTest(OppositeGR1GameSolverTests.java:77)
... Removed 31 stack frames]]>
    </failure>
  </testcase> <!-- OppositeGR1GameTest -->
  <testcase name="OppositeGR1GameTest" time="0.001" classname="MTSATests.controller.OppositeGR1GameSolverTests">
    <failure type="java.lang.AssertionError" message="mut was null expected [true] but found [false]">
      <![CDATA[java.lang.AssertionError: mut was null expected [true] but found [false]
	at MTSATests.controller.OppositeGR1GameSolverTests.OppositeGR1GameTest(OppositeGR1GameSolverTests.java:77)
... Removed 31 stack frames]]>
    </failure>
  </testcase> <!-- OppositeGR1GameTest -->
  <testcase name="OppositeGR1GameTest" time="0.005" classname="MTSATests.controller.OppositeGR1GameSolverTests">
    <failure type="java.lang.AssertionError" message="mut was null expected [true] but found [false]">
      <![CDATA[java.lang.AssertionError: mut was null expected [true] but found [false]
	at MTSATests.controller.OppositeGR1GameSolverTests.OppositeGR1GameTest(OppositeGR1GameSolverTests.java:77)
... Removed 31 stack frames]]>
    </failure>
  </testcase> <!-- OppositeGR1GameTest -->
</testsuite> <!-- Surefire test -->
