<html>
<head>
<title>TestNG:  Surefire test</title>
<link href="../testng.css" rel="stylesheet" type="text/css" />
<link href="../my-testng.css" rel="stylesheet" type="text/css" />

<style type="text/css">
.log { display: none;} 
.stack-trace { display: none;} 
</style>
<script type="text/javascript">
<!--
function flip(e) {
  current = e.style.display;
  if (current == 'block') {
    e.style.display = 'none';
    return 0;
  }
  else {
    e.style.display = 'block';
    return 1;
  }
}

function toggleBox(szDivId, elem, msg1, msg2)
{
  var res = -1;  if (document.getElementById) {
    res = flip(document.getElementById(szDivId));
  }
  else if (document.all) {
    // this is the way old msie versions work
    res = flip(document.all[szDivId]);
  }
  if(elem) {
    if(res == 0) elem.innerHTML = msg1; else elem.innerHTML = msg2;
  }

}

function toggleAllBoxes() {
  if (document.getElementsByTagName) {
    d = document.getElementsByTagName('div');
    for (i = 0; i < d.length; i++) {
      if (d[i].className == 'log') {
        flip(d[i]);
      }
    }
  }
}

// -->
</script>

</head>
<body>
<h2 align='center'>Surefire test</h2><table border='1' align="center">
<tr>
<td>Tests passed/Failed/Skipped:</td><td>0/39/0</td>
</tr><tr>
<td>Started on:</td><td>Wed Sep 28 15:44:17 CEST 2016</td>
</tr>
<tr><td>Total time:</td><td>0 seconds (147 ms)</td>
</tr><tr>
<td>Included groups:</td><td></td>
</tr><tr>
<td>Excluded groups:</td><td></td>
</tr>
</table><p/>
<small><i>(Hover the method name to see the test class name)</i></small><p/>
<table width='100%' border='1' class='invocation-failed'>
<tr><td colspan='4' align='center'><b>FAILED TESTS</b></td></tr>
<tr><td><b>Test method</b></td>
<td width="30%"><b>Exception</b></td>
<td width="10%"><b>Time (seconds)</b></td>
<td><b>Instance</b></td>
</tr>
<tr>
<td title='MTSATests.controller.OppositeGR1GameSolverTests.OppositeGR1GameTest()'><b>OppositeGR1GameTest</b><br>Test class: MTSATests.controller.OppositeGR1GameSolverTests<br>Parameters: ../ltsa/dist/examples/OppositeGR1/Tests/Base_cases.lts, CASE0, EXP0, C0, G1, ../ltsa/dist/examples/OppositeGR1/Tests/Base_cases.CASE0.result</td>
<td><div><pre>java.lang.AssertionError: mut was null expected [true] but found [false]
	at MTSATests.controller.OppositeGR1GameSolverTests.OppositeGR1GameTest(OppositeGR1GameSolverTests.java:77)
... Removed 31 stack frames</pre></div><a href='#' onClick='toggleBox("stack-trace1843368112", this, "Click to show all stack frames", "Click to hide stack frames")'>Click to show all stack frames</a>
<div class='stack-trace' id='stack-trace1843368112'><pre>java.lang.AssertionError: mut was null expected [true] but found [false]
	at org.testng.Assert.fail(Assert.java:94)
	at org.testng.Assert.failNotEquals(Assert.java:513)
	at org.testng.Assert.assertTrue(Assert.java:42)
	at MTSATests.controller.OppositeGR1GameSolverTests.OppositeGR1GameTest(OppositeGR1GameSolverTests.java:77)
	at sun.reflect.NativeMethodAccessorImpl.invoke0(Native Method)
	at sun.reflect.NativeMethodAccessorImpl.invoke(NativeMethodAccessorImpl.java:62)
	at sun.reflect.DelegatingMethodAccessorImpl.invoke(DelegatingMethodAccessorImpl.java:43)
	at java.lang.reflect.Method.invoke(Method.java:497)
	at org.testng.internal.MethodInvocationHelper.invokeMethod(MethodInvocationHelper.java:86)
	at org.testng.internal.Invoker.invokeMethod(Invoker.java:643)
	at org.testng.internal.Invoker.invokeTestMethod(Invoker.java:820)
	at org.testng.internal.Invoker.invokeTestMethods(Invoker.java:1128)
	at org.testng.internal.TestMethodWorker.invokeTestMethods(TestMethodWorker.java:129)
	at org.testng.internal.TestMethodWorker.run(TestMethodWorker.java:112)
	at org.testng.TestRunner.privateRun(TestRunner.java:782)
	at org.testng.TestRunner.run(TestRunner.java:632)
	at org.testng.SuiteRunner.runTest(SuiteRunner.java:366)
	at org.testng.SuiteRunner.runSequentially(SuiteRunner.java:361)
	at org.testng.SuiteRunner.privateRun(SuiteRunner.java:319)
	at org.testng.SuiteRunner.run(SuiteRunner.java:268)
	at org.testng.SuiteRunnerWorker.runSuite(SuiteRunnerWorker.java:52)
	at org.testng.SuiteRunnerWorker.run(SuiteRunnerWorker.java:86)
	at org.testng.TestNG.runSuitesSequentially(TestNG.java:1244)
	at org.testng.TestNG.runSuitesLocally(TestNG.java:1169)
	at org.testng.TestNG.run(TestNG.java:1064)
	at org.apache.maven.surefire.testng.TestNGExecutor.run(TestNGExecutor.java:115)
	at org.apache.maven.surefire.testng.TestNGDirectoryTestSuite.executeMulti(TestNGDirectoryTestSuite.java:204)
	at org.apache.maven.surefire.testng.TestNGDirectoryTestSuite.execute(TestNGDirectoryTestSuite.java:107)
	at org.apache.maven.surefire.testng.TestNGProvider.invoke(TestNGProvider.java:112)
	at org.apache.maven.surefire.booter.ForkedBooter.invokeProviderInSameClassLoader(ForkedBooter.java:200)
	at org.apache.maven.surefire.booter.ForkedBooter.runSuitesInProcess(ForkedBooter.java:153)
	at org.apache.maven.surefire.booter.ForkedBooter.main(ForkedBooter.java:103)
</pre></div></td>
<td>0</td>
<td>MTSATests.controller.OppositeGR1GameSolverTests@5c7fa833</td></tr>
<tr>
<td title='MTSATests.controller.OppositeGR1GameSolverTests.OppositeGR1GameTest()'><b>OppositeGR1GameTest</b><br>Test class: MTSATests.controller.OppositeGR1GameSolverTests<br>Parameters: ../ltsa/dist/examples/OppositeGR1/Tests/Base_cases.lts, CASE1, EXP1, C1, G1, ../ltsa/dist/examples/OppositeGR1/Tests/Base_cases.CASE1.result</td>
<td><div><pre>java.lang.AssertionError: mut was null expected [true] but found [false]
	at MTSATests.controller.OppositeGR1GameSolverTests.OppositeGR1GameTest(OppositeGR1GameSolverTests.java:77)
... Removed 31 stack frames</pre></div><a href='#' onClick='toggleBox("stack-trace989938643", this, "Click to show all stack frames", "Click to hide stack frames")'>Click to show all stack frames</a>
<div class='stack-trace' id='stack-trace989938643'><pre>java.lang.AssertionError: mut was null expected [true] but found [false]
	at org.testng.Assert.fail(Assert.java:94)
	at org.testng.Assert.failNotEquals(Assert.java:513)
	at org.testng.Assert.assertTrue(Assert.java:42)
	at MTSATests.controller.OppositeGR1GameSolverTests.OppositeGR1GameTest(OppositeGR1GameSolverTests.java:77)
	at sun.reflect.NativeMethodAccessorImpl.invoke0(Native Method)
	at sun.reflect.NativeMethodAccessorImpl.invoke(NativeMethodAccessorImpl.java:62)
	at sun.reflect.DelegatingMethodAccessorImpl.invoke(DelegatingMethodAccessorImpl.java:43)
	at java.lang.reflect.Method.invoke(Method.java:497)
	at org.testng.internal.MethodInvocationHelper.invokeMethod(MethodInvocationHelper.java:86)
	at org.testng.internal.Invoker.invokeMethod(Invoker.java:643)
	at org.testng.internal.Invoker.invokeTestMethod(Invoker.java:820)
	at org.testng.internal.Invoker.invokeTestMethods(Invoker.java:1128)
	at org.testng.internal.TestMethodWorker.invokeTestMethods(TestMethodWorker.java:129)
	at org.testng.internal.TestMethodWorker.run(TestMethodWorker.java:112)
	at org.testng.TestRunner.privateRun(TestRunner.java:782)
	at org.testng.TestRunner.run(TestRunner.java:632)
	at org.testng.SuiteRunner.runTest(SuiteRunner.java:366)
	at org.testng.SuiteRunner.runSequentially(SuiteRunner.java:361)
	at org.testng.SuiteRunner.privateRun(SuiteRunner.java:319)
	at org.testng.SuiteRunner.run(SuiteRunner.java:268)
	at org.testng.SuiteRunnerWorker.runSuite(SuiteRunnerWorker.java:52)
	at org.testng.SuiteRunnerWorker.run(SuiteRunnerWorker.java:86)
	at org.testng.TestNG.runSuitesSequentially(TestNG.java:1244)
	at org.testng.TestNG.runSuitesLocally(TestNG.java:1169)
	at org.testng.TestNG.run(TestNG.java:1064)
	at org.apache.maven.surefire.testng.TestNGExecutor.run(TestNGExecutor.java:115)
	at org.apache.maven.surefire.testng.TestNGDirectoryTestSuite.executeMulti(TestNGDirectoryTestSuite.java:204)
	at org.apache.maven.surefire.testng.TestNGDirectoryTestSuite.execute(TestNGDirectoryTestSuite.java:107)
	at org.apache.maven.surefire.testng.TestNGProvider.invoke(TestNGProvider.java:112)
	at org.apache.maven.surefire.booter.ForkedBooter.invokeProviderInSameClassLoader(ForkedBooter.java:200)
	at org.apache.maven.surefire.booter.ForkedBooter.runSuitesInProcess(ForkedBooter.java:153)
	at org.apache.maven.surefire.booter.ForkedBooter.main(ForkedBooter.java:103)
</pre></div></td>
<td>0</td>
<td>MTSATests.controller.OppositeGR1GameSolverTests@5c7fa833</td></tr>
<tr>
<td title='MTSATests.controller.OppositeGR1GameSolverTests.OppositeGR1GameTest()'><b>OppositeGR1GameTest</b><br>Test class: MTSATests.controller.OppositeGR1GameSolverTests<br>Parameters: ../ltsa/dist/examples/OppositeGR1/Tests/Base_cases.lts, CASE2, EXP2, C2, G1, ../ltsa/dist/examples/OppositeGR1/Tests/Base_cases.CASE2.result</td>
<td><div><pre>java.lang.AssertionError: mut was null expected [true] but found [false]
	at MTSATests.controller.OppositeGR1GameSolverTests.OppositeGR1GameTest(OppositeGR1GameSolverTests.java:77)
... Removed 31 stack frames</pre></div><a href='#' onClick='toggleBox("stack-trace1262822392", this, "Click to show all stack frames", "Click to hide stack frames")'>Click to show all stack frames</a>
<div class='stack-trace' id='stack-trace1262822392'><pre>java.lang.AssertionError: mut was null expected [true] but found [false]
	at org.testng.Assert.fail(Assert.java:94)
	at org.testng.Assert.failNotEquals(Assert.java:513)
	at org.testng.Assert.assertTrue(Assert.java:42)
	at MTSATests.controller.OppositeGR1GameSolverTests.OppositeGR1GameTest(OppositeGR1GameSolverTests.java:77)
	at sun.reflect.NativeMethodAccessorImpl.invoke0(Native Method)
	at sun.reflect.NativeMethodAccessorImpl.invoke(NativeMethodAccessorImpl.java:62)
	at sun.reflect.DelegatingMethodAccessorImpl.invoke(DelegatingMethodAccessorImpl.java:43)
	at java.lang.reflect.Method.invoke(Method.java:497)
	at org.testng.internal.MethodInvocationHelper.invokeMethod(MethodInvocationHelper.java:86)
	at org.testng.internal.Invoker.invokeMethod(Invoker.java:643)
	at org.testng.internal.Invoker.invokeTestMethod(Invoker.java:820)
	at org.testng.internal.Invoker.invokeTestMethods(Invoker.java:1128)
	at org.testng.internal.TestMethodWorker.invokeTestMethods(TestMethodWorker.java:129)
	at org.testng.internal.TestMethodWorker.run(TestMethodWorker.java:112)
	at org.testng.TestRunner.privateRun(TestRunner.java:782)
	at org.testng.TestRunner.run(TestRunner.java:632)
	at org.testng.SuiteRunner.runTest(SuiteRunner.java:366)
	at org.testng.SuiteRunner.runSequentially(SuiteRunner.java:361)
	at org.testng.SuiteRunner.privateRun(SuiteRunner.java:319)
	at org.testng.SuiteRunner.run(SuiteRunner.java:268)
	at org.testng.SuiteRunnerWorker.runSuite(SuiteRunnerWorker.java:52)
	at org.testng.SuiteRunnerWorker.run(SuiteRunnerWorker.java:86)
	at org.testng.TestNG.runSuitesSequentially(TestNG.java:1244)
	at org.testng.TestNG.runSuitesLocally(TestNG.java:1169)
	at org.testng.TestNG.run(TestNG.java:1064)
	at org.apache.maven.surefire.testng.TestNGExecutor.run(TestNGExecutor.java:115)
	at org.apache.maven.surefire.testng.TestNGDirectoryTestSuite.executeMulti(TestNGDirectoryTestSuite.java:204)
	at org.apache.maven.surefire.testng.TestNGDirectoryTestSuite.execute(TestNGDirectoryTestSuite.java:107)
	at org.apache.maven.surefire.testng.TestNGProvider.invoke(TestNGProvider.java:112)
	at org.apache.maven.surefire.booter.ForkedBooter.invokeProviderInSameClassLoader(ForkedBooter.java:200)
	at org.apache.maven.surefire.booter.ForkedBooter.runSuitesInProcess(ForkedBooter.java:153)
	at org.apache.maven.surefire.booter.ForkedBooter.main(ForkedBooter.java:103)
</pre></div></td>
<td>0</td>
<td>MTSATests.controller.OppositeGR1GameSolverTests@5c7fa833</td></tr>
<tr>
<td title='MTSATests.controller.OppositeGR1GameSolverTests.OppositeGR1GameTest()'><b>OppositeGR1GameTest</b><br>Test class: MTSATests.controller.OppositeGR1GameSolverTests<br>Parameters: ../ltsa/dist/examples/OppositeGR1/Tests/Base_cases.lts, CASE3, EXP3, C3, G1, ../ltsa/dist/examples/OppositeGR1/Tests/Base_cases.CASE3.result</td>
<td><div><pre>java.lang.AssertionError: mut was null expected [true] but found [false]
	at MTSATests.controller.OppositeGR1GameSolverTests.OppositeGR1GameTest(OppositeGR1GameSolverTests.java:77)
... Removed 31 stack frames</pre></div><a href='#' onClick='toggleBox("stack-trace916419490", this, "Click to show all stack frames", "Click to hide stack frames")'>Click to show all stack frames</a>
<div class='stack-trace' id='stack-trace916419490'><pre>java.lang.AssertionError: mut was null expected [true] but found [false]
	at org.testng.Assert.fail(Assert.java:94)
	at org.testng.Assert.failNotEquals(Assert.java:513)
	at org.testng.Assert.assertTrue(Assert.java:42)
	at MTSATests.controller.OppositeGR1GameSolverTests.OppositeGR1GameTest(OppositeGR1GameSolverTests.java:77)
	at sun.reflect.NativeMethodAccessorImpl.invoke0(Native Method)
	at sun.reflect.NativeMethodAccessorImpl.invoke(NativeMethodAccessorImpl.java:62)
	at sun.reflect.DelegatingMethodAccessorImpl.invoke(DelegatingMethodAccessorImpl.java:43)
	at java.lang.reflect.Method.invoke(Method.java:497)
	at org.testng.internal.MethodInvocationHelper.invokeMethod(MethodInvocationHelper.java:86)
	at org.testng.internal.Invoker.invokeMethod(Invoker.java:643)
	at org.testng.internal.Invoker.invokeTestMethod(Invoker.java:820)
	at org.testng.internal.Invoker.invokeTestMethods(Invoker.java:1128)
	at org.testng.internal.TestMethodWorker.invokeTestMethods(TestMethodWorker.java:129)
	at org.testng.internal.TestMethodWorker.run(TestMethodWorker.java:112)
	at org.testng.TestRunner.privateRun(TestRunner.java:782)
	at org.testng.TestRunner.run(TestRunner.java:632)
	at org.testng.SuiteRunner.runTest(SuiteRunner.java:366)
	at org.testng.SuiteRunner.runSequentially(SuiteRunner.java:361)
	at org.testng.SuiteRunner.privateRun(SuiteRunner.java:319)
	at org.testng.SuiteRunner.run(SuiteRunner.java:268)
	at org.testng.SuiteRunnerWorker.runSuite(SuiteRunnerWorker.java:52)
	at org.testng.SuiteRunnerWorker.run(SuiteRunnerWorker.java:86)
	at org.testng.TestNG.runSuitesSequentially(TestNG.java:1244)
	at org.testng.TestNG.runSuitesLocally(TestNG.java:1169)
	at org.testng.TestNG.run(TestNG.java:1064)
	at org.apache.maven.surefire.testng.TestNGExecutor.run(TestNGExecutor.java:115)
	at org.apache.maven.surefire.testng.TestNGDirectoryTestSuite.executeMulti(TestNGDirectoryTestSuite.java:204)
	at org.apache.maven.surefire.testng.TestNGDirectoryTestSuite.execute(TestNGDirectoryTestSuite.java:107)
	at org.apache.maven.surefire.testng.TestNGProvider.invoke(TestNGProvider.java:112)
	at org.apache.maven.surefire.booter.ForkedBooter.invokeProviderInSameClassLoader(ForkedBooter.java:200)
	at org.apache.maven.surefire.booter.ForkedBooter.runSuitesInProcess(ForkedBooter.java:153)
	at org.apache.maven.surefire.booter.ForkedBooter.main(ForkedBooter.java:103)
</pre></div></td>
<td>0</td>
<td>MTSATests.controller.OppositeGR1GameSolverTests@5c7fa833</td></tr>
<tr>
<td title='MTSATests.controller.OppositeSafeGameSolverTests.OppositeSafeGameTest()'><b>OppositeSafeGameTest</b><br>Test class: MTSATests.controller.OppositeSafeGameSolverTests<br>Parameters: Augmented Biscotti, ../ltsa/dist/examples/SafetyCuts/Tests/Augmented-Biscotti.lts, BISCOTTI, EXP, C, G1, ../ltsa/dist/examples/SafetyCuts/Results/Augmented-Biscotti.result</td>
<td><div><pre>java.lang.AssertionError: expected [true] but found [false]
	at MTSATests.controller.OppositeSafeGameSolverTests.OppositeSafeGameTest(OppositeSafeGameSolverTests.java:201)
... Removed 32 stack frames</pre></div><a href='#' onClick='toggleBox("stack-trace1459794865", this, "Click to show all stack frames", "Click to hide stack frames")'>Click to show all stack frames</a>
<div class='stack-trace' id='stack-trace1459794865'><pre>java.lang.AssertionError: expected [true] but found [false]
	at org.testng.Assert.fail(Assert.java:94)
	at org.testng.Assert.failNotEquals(Assert.java:513)
	at org.testng.Assert.assertTrue(Assert.java:42)
	at org.testng.Assert.assertTrue(Assert.java:52)
	at MTSATests.controller.OppositeSafeGameSolverTests.OppositeSafeGameTest(OppositeSafeGameSolverTests.java:201)
	at sun.reflect.NativeMethodAccessorImpl.invoke0(Native Method)
	at sun.reflect.NativeMethodAccessorImpl.invoke(NativeMethodAccessorImpl.java:62)
	at sun.reflect.DelegatingMethodAccessorImpl.invoke(DelegatingMethodAccessorImpl.java:43)
	at java.lang.reflect.Method.invoke(Method.java:497)
	at org.testng.internal.MethodInvocationHelper.invokeMethod(MethodInvocationHelper.java:86)
	at org.testng.internal.Invoker.invokeMethod(Invoker.java:643)
	at org.testng.internal.Invoker.invokeTestMethod(Invoker.java:820)
	at org.testng.internal.Invoker.invokeTestMethods(Invoker.java:1128)
	at org.testng.internal.TestMethodWorker.invokeTestMethods(TestMethodWorker.java:129)
	at org.testng.internal.TestMethodWorker.run(TestMethodWorker.java:112)
	at org.testng.TestRunner.privateRun(TestRunner.java:782)
	at org.testng.TestRunner.run(TestRunner.java:632)
	at org.testng.SuiteRunner.runTest(SuiteRunner.java:366)
	at org.testng.SuiteRunner.runSequentially(SuiteRunner.java:361)
	at org.testng.SuiteRunner.privateRun(SuiteRunner.java:319)
	at org.testng.SuiteRunner.run(SuiteRunner.java:268)
	at org.testng.SuiteRunnerWorker.runSuite(SuiteRunnerWorker.java:52)
	at org.testng.SuiteRunnerWorker.run(SuiteRunnerWorker.java:86)
	at org.testng.TestNG.runSuitesSequentially(TestNG.java:1244)
	at org.testng.TestNG.runSuitesLocally(TestNG.java:1169)
	at org.testng.TestNG.run(TestNG.java:1064)
	at org.apache.maven.surefire.testng.TestNGExecutor.run(TestNGExecutor.java:115)
	at org.apache.maven.surefire.testng.TestNGDirectoryTestSuite.executeMulti(TestNGDirectoryTestSuite.java:204)
	at org.apache.maven.surefire.testng.TestNGDirectoryTestSuite.execute(TestNGDirectoryTestSuite.java:107)
	at org.apache.maven.surefire.testng.TestNGProvider.invoke(TestNGProvider.java:112)
	at org.apache.maven.surefire.booter.ForkedBooter.invokeProviderInSameClassLoader(ForkedBooter.java:200)
	at org.apache.maven.surefire.booter.ForkedBooter.runSuitesInProcess(ForkedBooter.java:153)
	at org.apache.maven.surefire.booter.ForkedBooter.main(ForkedBooter.java:103)
</pre></div></td>
<td>0</td>
<td>MTSATests.controller.OppositeSafeGameSolverTests@39aeed2f</td></tr>
<tr>
<td title='MTSATests.controller.OppositeSafeGameSolverTests.OppositeSafeGameTest()'><b>OppositeSafeGameTest</b><br>Test class: MTSATests.controller.OppositeSafeGameSolverTests<br>Parameters: section-4.2-biscotti, ../ltsa/dist/examples/SafetyCuts/Tests/dIppolito/section-4.2-biscotti.lts, ENV, EXP, C, G1, ../ltsa/dist/examples/SafetyCuts/Results/dIppolito/section-4.2-biscotti.result</td>
<td><div><pre>java.lang.AssertionError: expected [true] but found [false]
	at MTSATests.controller.OppositeSafeGameSolverTests.OppositeSafeGameTest(OppositeSafeGameSolverTests.java:201)
... Removed 32 stack frames</pre></div><a href='#' onClick='toggleBox("stack-trace422250493", this, "Click to show all stack frames", "Click to hide stack frames")'>Click to show all stack frames</a>
<div class='stack-trace' id='stack-trace422250493'><pre>java.lang.AssertionError: expected [true] but found [false]
	at org.testng.Assert.fail(Assert.java:94)
	at org.testng.Assert.failNotEquals(Assert.java:513)
	at org.testng.Assert.assertTrue(Assert.java:42)
	at org.testng.Assert.assertTrue(Assert.java:52)
	at MTSATests.controller.OppositeSafeGameSolverTests.OppositeSafeGameTest(OppositeSafeGameSolverTests.java:201)
	at sun.reflect.NativeMethodAccessorImpl.invoke0(Native Method)
	at sun.reflect.NativeMethodAccessorImpl.invoke(NativeMethodAccessorImpl.java:62)
	at sun.reflect.DelegatingMethodAccessorImpl.invoke(DelegatingMethodAccessorImpl.java:43)
	at java.lang.reflect.Method.invoke(Method.java:497)
	at org.testng.internal.MethodInvocationHelper.invokeMethod(MethodInvocationHelper.java:86)
	at org.testng.internal.Invoker.invokeMethod(Invoker.java:643)
	at org.testng.internal.Invoker.invokeTestMethod(Invoker.java:820)
	at org.testng.internal.Invoker.invokeTestMethods(Invoker.java:1128)
	at org.testng.internal.TestMethodWorker.invokeTestMethods(TestMethodWorker.java:129)
	at org.testng.internal.TestMethodWorker.run(TestMethodWorker.java:112)
	at org.testng.TestRunner.privateRun(TestRunner.java:782)
	at org.testng.TestRunner.run(TestRunner.java:632)
	at org.testng.SuiteRunner.runTest(SuiteRunner.java:366)
	at org.testng.SuiteRunner.runSequentially(SuiteRunner.java:361)
	at org.testng.SuiteRunner.privateRun(SuiteRunner.java:319)
	at org.testng.SuiteRunner.run(SuiteRunner.java:268)
	at org.testng.SuiteRunnerWorker.runSuite(SuiteRunnerWorker.java:52)
	at org.testng.SuiteRunnerWorker.run(SuiteRunnerWorker.java:86)
	at org.testng.TestNG.runSuitesSequentially(TestNG.java:1244)
	at org.testng.TestNG.runSuitesLocally(TestNG.java:1169)
	at org.testng.TestNG.run(TestNG.java:1064)
	at org.apache.maven.surefire.testng.TestNGExecutor.run(TestNGExecutor.java:115)
	at org.apache.maven.surefire.testng.TestNGDirectoryTestSuite.executeMulti(TestNGDirectoryTestSuite.java:204)
	at org.apache.maven.surefire.testng.TestNGDirectoryTestSuite.execute(TestNGDirectoryTestSuite.java:107)
	at org.apache.maven.surefire.testng.TestNGProvider.invoke(TestNGProvider.java:112)
	at org.apache.maven.surefire.booter.ForkedBooter.invokeProviderInSameClassLoader(ForkedBooter.java:200)
	at org.apache.maven.surefire.booter.ForkedBooter.runSuitesInProcess(ForkedBooter.java:153)
	at org.apache.maven.surefire.booter.ForkedBooter.main(ForkedBooter.java:103)
</pre></div></td>
<td>0</td>
<td>MTSATests.controller.OppositeSafeGameSolverTests@39aeed2f</td></tr>
<tr>
<td title='MTSATests.controller.OppositeSafeGameSolverTests.OppositeSafeGameTest()'><b>OppositeSafeGameTest</b><br>Test class: MTSATests.controller.OppositeSafeGameSolverTests<br>Parameters: section-4.64-bookstore, ../ltsa/dist/examples/SafetyCuts/Tests/dIppolito/section-4.64-bookstore.lts, ENV, EXP, C, G1, ../ltsa/dist/examples/SafetyCuts/Results/dIppolito/section-4.64-bookstore.result</td>
<td><div><pre>java.lang.AssertionError: expected [true] but found [false]
	at MTSATests.controller.OppositeSafeGameSolverTests.OppositeSafeGameTest(OppositeSafeGameSolverTests.java:201)
... Removed 32 stack frames</pre></div><a href='#' onClick='toggleBox("stack-trace1690254271", this, "Click to show all stack frames", "Click to hide stack frames")'>Click to show all stack frames</a>
<div class='stack-trace' id='stack-trace1690254271'><pre>java.lang.AssertionError: expected [true] but found [false]
	at org.testng.Assert.fail(Assert.java:94)
	at org.testng.Assert.failNotEquals(Assert.java:513)
	at org.testng.Assert.assertTrue(Assert.java:42)
	at org.testng.Assert.assertTrue(Assert.java:52)
	at MTSATests.controller.OppositeSafeGameSolverTests.OppositeSafeGameTest(OppositeSafeGameSolverTests.java:201)
	at sun.reflect.NativeMethodAccessorImpl.invoke0(Native Method)
	at sun.reflect.NativeMethodAccessorImpl.invoke(NativeMethodAccessorImpl.java:62)
	at sun.reflect.DelegatingMethodAccessorImpl.invoke(DelegatingMethodAccessorImpl.java:43)
	at java.lang.reflect.Method.invoke(Method.java:497)
	at org.testng.internal.MethodInvocationHelper.invokeMethod(MethodInvocationHelper.java:86)
	at org.testng.internal.Invoker.invokeMethod(Invoker.java:643)
	at org.testng.internal.Invoker.invokeTestMethod(Invoker.java:820)
	at org.testng.internal.Invoker.invokeTestMethods(Invoker.java:1128)
	at org.testng.internal.TestMethodWorker.invokeTestMethods(TestMethodWorker.java:129)
	at org.testng.internal.TestMethodWorker.run(TestMethodWorker.java:112)
	at org.testng.TestRunner.privateRun(TestRunner.java:782)
	at org.testng.TestRunner.run(TestRunner.java:632)
	at org.testng.SuiteRunner.runTest(SuiteRunner.java:366)
	at org.testng.SuiteRunner.runSequentially(SuiteRunner.java:361)
	at org.testng.SuiteRunner.privateRun(SuiteRunner.java:319)
	at org.testng.SuiteRunner.run(SuiteRunner.java:268)
	at org.testng.SuiteRunnerWorker.runSuite(SuiteRunnerWorker.java:52)
	at org.testng.SuiteRunnerWorker.run(SuiteRunnerWorker.java:86)
	at org.testng.TestNG.runSuitesSequentially(TestNG.java:1244)
	at org.testng.TestNG.runSuitesLocally(TestNG.java:1169)
	at org.testng.TestNG.run(TestNG.java:1064)
	at org.apache.maven.surefire.testng.TestNGExecutor.run(TestNGExecutor.java:115)
	at org.apache.maven.surefire.testng.TestNGDirectoryTestSuite.executeMulti(TestNGDirectoryTestSuite.java:204)
	at org.apache.maven.surefire.testng.TestNGDirectoryTestSuite.execute(TestNGDirectoryTestSuite.java:107)
	at org.apache.maven.surefire.testng.TestNGProvider.invoke(TestNGProvider.java:112)
	at org.apache.maven.surefire.booter.ForkedBooter.invokeProviderInSameClassLoader(ForkedBooter.java:200)
	at org.apache.maven.surefire.booter.ForkedBooter.runSuitesInProcess(ForkedBooter.java:153)
	at org.apache.maven.surefire.booter.ForkedBooter.main(ForkedBooter.java:103)
</pre></div></td>
<td>0</td>
<td>MTSATests.controller.OppositeSafeGameSolverTests@39aeed2f</td></tr>
<tr>
<td title='MTSATests.controller.OppositeSafeGameSolverTests.OppositeSafeGameTest()'><b>OppositeSafeGameTest</b><br>Test class: MTSATests.controller.OppositeSafeGameSolverTests<br>Parameters: section-4.63-autonomousvehicles, ../ltsa/dist/examples/SafetyCuts/Tests/dIppolito/section-4.63-autonomousvehicles.lts, PLANT, EXP, C, G1, ../ltsa/dist/examples/SafetyCuts/Results/dIppolito/section-4.63-autonomousvehicles.result</td>
<td><div><pre>java.lang.AssertionError: expected [true] but found [false]
	at MTSATests.controller.OppositeSafeGameSolverTests.OppositeSafeGameTest(OppositeSafeGameSolverTests.java:201)
... Removed 32 stack frames</pre></div><a href='#' onClick='toggleBox("stack-trace343965883", this, "Click to show all stack frames", "Click to hide stack frames")'>Click to show all stack frames</a>
<div class='stack-trace' id='stack-trace343965883'><pre>java.lang.AssertionError: expected [true] but found [false]
	at org.testng.Assert.fail(Assert.java:94)
	at org.testng.Assert.failNotEquals(Assert.java:513)
	at org.testng.Assert.assertTrue(Assert.java:42)
	at org.testng.Assert.assertTrue(Assert.java:52)
	at MTSATests.controller.OppositeSafeGameSolverTests.OppositeSafeGameTest(OppositeSafeGameSolverTests.java:201)
	at sun.reflect.NativeMethodAccessorImpl.invoke0(Native Method)
	at sun.reflect.NativeMethodAccessorImpl.invoke(NativeMethodAccessorImpl.java:62)
	at sun.reflect.DelegatingMethodAccessorImpl.invoke(DelegatingMethodAccessorImpl.java:43)
	at java.lang.reflect.Method.invoke(Method.java:497)
	at org.testng.internal.MethodInvocationHelper.invokeMethod(MethodInvocationHelper.java:86)
	at org.testng.internal.Invoker.invokeMethod(Invoker.java:643)
	at org.testng.internal.Invoker.invokeTestMethod(Invoker.java:820)
	at org.testng.internal.Invoker.invokeTestMethods(Invoker.java:1128)
	at org.testng.internal.TestMethodWorker.invokeTestMethods(TestMethodWorker.java:129)
	at org.testng.internal.TestMethodWorker.run(TestMethodWorker.java:112)
	at org.testng.TestRunner.privateRun(TestRunner.java:782)
	at org.testng.TestRunner.run(TestRunner.java:632)
	at org.testng.SuiteRunner.runTest(SuiteRunner.java:366)
	at org.testng.SuiteRunner.runSequentially(SuiteRunner.java:361)
	at org.testng.SuiteRunner.privateRun(SuiteRunner.java:319)
	at org.testng.SuiteRunner.run(SuiteRunner.java:268)
	at org.testng.SuiteRunnerWorker.runSuite(SuiteRunnerWorker.java:52)
	at org.testng.SuiteRunnerWorker.run(SuiteRunnerWorker.java:86)
	at org.testng.TestNG.runSuitesSequentially(TestNG.java:1244)
	at org.testng.TestNG.runSuitesLocally(TestNG.java:1169)
	at org.testng.TestNG.run(TestNG.java:1064)
	at org.apache.maven.surefire.testng.TestNGExecutor.run(TestNGExecutor.java:115)
	at org.apache.maven.surefire.testng.TestNGDirectoryTestSuite.executeMulti(TestNGDirectoryTestSuite.java:204)
	at org.apache.maven.surefire.testng.TestNGDirectoryTestSuite.execute(TestNGDirectoryTestSuite.java:107)
	at org.apache.maven.surefire.testng.TestNGProvider.invoke(TestNGProvider.java:112)
	at org.apache.maven.surefire.booter.ForkedBooter.invokeProviderInSameClassLoader(ForkedBooter.java:200)
	at org.apache.maven.surefire.booter.ForkedBooter.runSuitesInProcess(ForkedBooter.java:153)
	at org.apache.maven.surefire.booter.ForkedBooter.main(ForkedBooter.java:103)
</pre></div></td>
<td>0</td>
<td>MTSATests.controller.OppositeSafeGameSolverTests@39aeed2f</td></tr>
<tr>
<td title='MTSATests.controller.OppositeSafeGameSolverTests.OppositeSafeGameTest()'><b>OppositeSafeGameTest</b><br>Test class: MTSATests.controller.OppositeSafeGameSolverTests<br>Parameters: section-4.62-payandship, ../ltsa/dist/examples/SafetyCuts/Tests/dIppolito/section-4.62-payandship.lts, ENV, EXP, C, G1, ../ltsa/dist/examples/SafetyCuts/Results/dIppolito/section-4.62-payandship.result</td>
<td><div><pre>java.lang.AssertionError: expected [true] but found [false]
	at MTSATests.controller.OppositeSafeGameSolverTests.OppositeSafeGameTest(OppositeSafeGameSolverTests.java:201)
... Removed 32 stack frames</pre></div><a href='#' onClick='toggleBox("stack-trace280884709", this, "Click to show all stack frames", "Click to hide stack frames")'>Click to show all stack frames</a>
<div class='stack-trace' id='stack-trace280884709'><pre>java.lang.AssertionError: expected [true] but found [false]
	at org.testng.Assert.fail(Assert.java:94)
	at org.testng.Assert.failNotEquals(Assert.java:513)
	at org.testng.Assert.assertTrue(Assert.java:42)
	at org.testng.Assert.assertTrue(Assert.java:52)
	at MTSATests.controller.OppositeSafeGameSolverTests.OppositeSafeGameTest(OppositeSafeGameSolverTests.java:201)
	at sun.reflect.NativeMethodAccessorImpl.invoke0(Native Method)
	at sun.reflect.NativeMethodAccessorImpl.invoke(NativeMethodAccessorImpl.java:62)
	at sun.reflect.DelegatingMethodAccessorImpl.invoke(DelegatingMethodAccessorImpl.java:43)
	at java.lang.reflect.Method.invoke(Method.java:497)
	at org.testng.internal.MethodInvocationHelper.invokeMethod(MethodInvocationHelper.java:86)
	at org.testng.internal.Invoker.invokeMethod(Invoker.java:643)
	at org.testng.internal.Invoker.invokeTestMethod(Invoker.java:820)
	at org.testng.internal.Invoker.invokeTestMethods(Invoker.java:1128)
	at org.testng.internal.TestMethodWorker.invokeTestMethods(TestMethodWorker.java:129)
	at org.testng.internal.TestMethodWorker.run(TestMethodWorker.java:112)
	at org.testng.TestRunner.privateRun(TestRunner.java:782)
	at org.testng.TestRunner.run(TestRunner.java:632)
	at org.testng.SuiteRunner.runTest(SuiteRunner.java:366)
	at org.testng.SuiteRunner.runSequentially(SuiteRunner.java:361)
	at org.testng.SuiteRunner.privateRun(SuiteRunner.java:319)
	at org.testng.SuiteRunner.run(SuiteRunner.java:268)
	at org.testng.SuiteRunnerWorker.runSuite(SuiteRunnerWorker.java:52)
	at org.testng.SuiteRunnerWorker.run(SuiteRunnerWorker.java:86)
	at org.testng.TestNG.runSuitesSequentially(TestNG.java:1244)
	at org.testng.TestNG.runSuitesLocally(TestNG.java:1169)
	at org.testng.TestNG.run(TestNG.java:1064)
	at org.apache.maven.surefire.testng.TestNGExecutor.run(TestNGExecutor.java:115)
	at org.apache.maven.surefire.testng.TestNGDirectoryTestSuite.executeMulti(TestNGDirectoryTestSuite.java:204)
	at org.apache.maven.surefire.testng.TestNGDirectoryTestSuite.execute(TestNGDirectoryTestSuite.java:107)
	at org.apache.maven.surefire.testng.TestNGProvider.invoke(TestNGProvider.java:112)
	at org.apache.maven.surefire.booter.ForkedBooter.invokeProviderInSameClassLoader(ForkedBooter.java:200)
	at org.apache.maven.surefire.booter.ForkedBooter.runSuitesInProcess(ForkedBooter.java:153)
	at org.apache.maven.surefire.booter.ForkedBooter.main(ForkedBooter.java:103)
</pre></div></td>
<td>0</td>
<td>MTSATests.controller.OppositeSafeGameSolverTests@39aeed2f</td></tr>
<tr>
<td title='MTSATests.controller.OppositeSafeGameSolverTests.OppositeSafeGameTest()'><b>OppositeSafeGameTest</b><br>Test class: MTSATests.controller.OppositeSafeGameSolverTests<br>Parameters: section-4.1-travelagency, ../ltsa/dist/examples/SafetyCuts/Tests/dIppolito/section-4.1-travelagency.lts, ENV, EXP, C, G1, ../ltsa/dist/examples/SafetyCuts/Results/dIppolito/section-4.1-travelagency.result</td>
<td><div><pre>java.lang.AssertionError: expected [true] but found [false]
	at MTSATests.controller.OppositeSafeGameSolverTests.OppositeSafeGameTest(OppositeSafeGameSolverTests.java:201)
... Removed 32 stack frames</pre></div><a href='#' onClick='toggleBox("stack-trace2114650936", this, "Click to show all stack frames", "Click to hide stack frames")'>Click to show all stack frames</a>
<div class='stack-trace' id='stack-trace2114650936'><pre>java.lang.AssertionError: expected [true] but found [false]
	at org.testng.Assert.fail(Assert.java:94)
	at org.testng.Assert.failNotEquals(Assert.java:513)
	at org.testng.Assert.assertTrue(Assert.java:42)
	at org.testng.Assert.assertTrue(Assert.java:52)
	at MTSATests.controller.OppositeSafeGameSolverTests.OppositeSafeGameTest(OppositeSafeGameSolverTests.java:201)
	at sun.reflect.NativeMethodAccessorImpl.invoke0(Native Method)
	at sun.reflect.NativeMethodAccessorImpl.invoke(NativeMethodAccessorImpl.java:62)
	at sun.reflect.DelegatingMethodAccessorImpl.invoke(DelegatingMethodAccessorImpl.java:43)
	at java.lang.reflect.Method.invoke(Method.java:497)
	at org.testng.internal.MethodInvocationHelper.invokeMethod(MethodInvocationHelper.java:86)
	at org.testng.internal.Invoker.invokeMethod(Invoker.java:643)
	at org.testng.internal.Invoker.invokeTestMethod(Invoker.java:820)
	at org.testng.internal.Invoker.invokeTestMethods(Invoker.java:1128)
	at org.testng.internal.TestMethodWorker.invokeTestMethods(TestMethodWorker.java:129)
	at org.testng.internal.TestMethodWorker.run(TestMethodWorker.java:112)
	at org.testng.TestRunner.privateRun(TestRunner.java:782)
	at org.testng.TestRunner.run(TestRunner.java:632)
	at org.testng.SuiteRunner.runTest(SuiteRunner.java:366)
	at org.testng.SuiteRunner.runSequentially(SuiteRunner.java:361)
	at org.testng.SuiteRunner.privateRun(SuiteRunner.java:319)
	at org.testng.SuiteRunner.run(SuiteRunner.java:268)
	at org.testng.SuiteRunnerWorker.runSuite(SuiteRunnerWorker.java:52)
	at org.testng.SuiteRunnerWorker.run(SuiteRunnerWorker.java:86)
	at org.testng.TestNG.runSuitesSequentially(TestNG.java:1244)
	at org.testng.TestNG.runSuitesLocally(TestNG.java:1169)
	at org.testng.TestNG.run(TestNG.java:1064)
	at org.apache.maven.surefire.testng.TestNGExecutor.run(TestNGExecutor.java:115)
	at org.apache.maven.surefire.testng.TestNGDirectoryTestSuite.executeMulti(TestNGDirectoryTestSuite.java:204)
	at org.apache.maven.surefire.testng.TestNGDirectoryTestSuite.execute(TestNGDirectoryTestSuite.java:107)
	at org.apache.maven.surefire.testng.TestNGProvider.invoke(TestNGProvider.java:112)
	at org.apache.maven.surefire.booter.ForkedBooter.invokeProviderInSameClassLoader(ForkedBooter.java:200)
	at org.apache.maven.surefire.booter.ForkedBooter.runSuitesInProcess(ForkedBooter.java:153)
	at org.apache.maven.surefire.booter.ForkedBooter.main(ForkedBooter.java:103)
</pre></div></td>
<td>0</td>
<td>MTSATests.controller.OppositeSafeGameSolverTests@39aeed2f</td></tr>
<tr>
<td title='MTSATests.controller.OppositeSafeGameSolverTests.OppositeSafeGameTest()'><b>OppositeSafeGameTest</b><br>Test class: MTSATests.controller.OppositeSafeGameSolverTests<br>Parameters: section-3.83-bookstore, ../ltsa/dist/examples/SafetyCuts/Tests/dIppolito/section-3.83-bookstore.lts, ENV, EXP, C, G1, ../ltsa/dist/examples/SafetyCuts/Results/dIppolito/section-3.83-bookstore.result</td>
<td><div><pre>java.lang.AssertionError: expected [true] but found [false]
	at MTSATests.controller.OppositeSafeGameSolverTests.OppositeSafeGameTest(OppositeSafeGameSolverTests.java:201)
... Removed 32 stack frames</pre></div><a href='#' onClick='toggleBox("stack-trace504527234", this, "Click to show all stack frames", "Click to hide stack frames")'>Click to show all stack frames</a>
<div class='stack-trace' id='stack-trace504527234'><pre>java.lang.AssertionError: expected [true] but found [false]
	at org.testng.Assert.fail(Assert.java:94)
	at org.testng.Assert.failNotEquals(Assert.java:513)
	at org.testng.Assert.assertTrue(Assert.java:42)
	at org.testng.Assert.assertTrue(Assert.java:52)
	at MTSATests.controller.OppositeSafeGameSolverTests.OppositeSafeGameTest(OppositeSafeGameSolverTests.java:201)
	at sun.reflect.NativeMethodAccessorImpl.invoke0(Native Method)
	at sun.reflect.NativeMethodAccessorImpl.invoke(NativeMethodAccessorImpl.java:62)
	at sun.reflect.DelegatingMethodAccessorImpl.invoke(DelegatingMethodAccessorImpl.java:43)
	at java.lang.reflect.Method.invoke(Method.java:497)
	at org.testng.internal.MethodInvocationHelper.invokeMethod(MethodInvocationHelper.java:86)
	at org.testng.internal.Invoker.invokeMethod(Invoker.java:643)
	at org.testng.internal.Invoker.invokeTestMethod(Invoker.java:820)
	at org.testng.internal.Invoker.invokeTestMethods(Invoker.java:1128)
	at org.testng.internal.TestMethodWorker.invokeTestMethods(TestMethodWorker.java:129)
	at org.testng.internal.TestMethodWorker.run(TestMethodWorker.java:112)
	at org.testng.TestRunner.privateRun(TestRunner.java:782)
	at org.testng.TestRunner.run(TestRunner.java:632)
	at org.testng.SuiteRunner.runTest(SuiteRunner.java:366)
	at org.testng.SuiteRunner.runSequentially(SuiteRunner.java:361)
	at org.testng.SuiteRunner.privateRun(SuiteRunner.java:319)
	at org.testng.SuiteRunner.run(SuiteRunner.java:268)
	at org.testng.SuiteRunnerWorker.runSuite(SuiteRunnerWorker.java:52)
	at org.testng.SuiteRunnerWorker.run(SuiteRunnerWorker.java:86)
	at org.testng.TestNG.runSuitesSequentially(TestNG.java:1244)
	at org.testng.TestNG.runSuitesLocally(TestNG.java:1169)
	at org.testng.TestNG.run(TestNG.java:1064)
	at org.apache.maven.surefire.testng.TestNGExecutor.run(TestNGExecutor.java:115)
	at org.apache.maven.surefire.testng.TestNGDirectoryTestSuite.executeMulti(TestNGDirectoryTestSuite.java:204)
	at org.apache.maven.surefire.testng.TestNGDirectoryTestSuite.execute(TestNGDirectoryTestSuite.java:107)
	at org.apache.maven.surefire.testng.TestNGProvider.invoke(TestNGProvider.java:112)
	at org.apache.maven.surefire.booter.ForkedBooter.invokeProviderInSameClassLoader(ForkedBooter.java:200)
	at org.apache.maven.surefire.booter.ForkedBooter.runSuitesInProcess(ForkedBooter.java:153)
	at org.apache.maven.surefire.booter.ForkedBooter.main(ForkedBooter.java:103)
</pre></div></td>
<td>0</td>
<td>MTSATests.controller.OppositeSafeGameSolverTests@39aeed2f</td></tr>
<tr>
<td title='MTSATests.controller.OppositeSafeGameSolverTests.OppositeSafeGameTest()'><b>OppositeSafeGameTest</b><br>Test class: MTSATests.controller.OppositeSafeGameSolverTests<br>Parameters: section-3.82-purchaseanddelivery, ../ltsa/dist/examples/SafetyCuts/Tests/dIppolito/section-3.82-purchaseanddelivery.lts, ENV, EXP, C, G1, ../ltsa/dist/examples/SafetyCuts/Results/dIppolito/section-3.82-purchaseanddelivery.result</td>
<td><div><pre>java.lang.AssertionError: expected [true] but found [false]
	at MTSATests.controller.OppositeSafeGameSolverTests.OppositeSafeGameTest(OppositeSafeGameSolverTests.java:201)
... Removed 32 stack frames</pre></div><a href='#' onClick='toggleBox("stack-trace540585569", this, "Click to show all stack frames", "Click to hide stack frames")'>Click to show all stack frames</a>
<div class='stack-trace' id='stack-trace540585569'><pre>java.lang.AssertionError: expected [true] but found [false]
	at org.testng.Assert.fail(Assert.java:94)
	at org.testng.Assert.failNotEquals(Assert.java:513)
	at org.testng.Assert.assertTrue(Assert.java:42)
	at org.testng.Assert.assertTrue(Assert.java:52)
	at MTSATests.controller.OppositeSafeGameSolverTests.OppositeSafeGameTest(OppositeSafeGameSolverTests.java:201)
	at sun.reflect.NativeMethodAccessorImpl.invoke0(Native Method)
	at sun.reflect.NativeMethodAccessorImpl.invoke(NativeMethodAccessorImpl.java:62)
	at sun.reflect.DelegatingMethodAccessorImpl.invoke(DelegatingMethodAccessorImpl.java:43)
	at java.lang.reflect.Method.invoke(Method.java:497)
	at org.testng.internal.MethodInvocationHelper.invokeMethod(MethodInvocationHelper.java:86)
	at org.testng.internal.Invoker.invokeMethod(Invoker.java:643)
	at org.testng.internal.Invoker.invokeTestMethod(Invoker.java:820)
	at org.testng.internal.Invoker.invokeTestMethods(Invoker.java:1128)
	at org.testng.internal.TestMethodWorker.invokeTestMethods(TestMethodWorker.java:129)
	at org.testng.internal.TestMethodWorker.run(TestMethodWorker.java:112)
	at org.testng.TestRunner.privateRun(TestRunner.java:782)
	at org.testng.TestRunner.run(TestRunner.java:632)
	at org.testng.SuiteRunner.runTest(SuiteRunner.java:366)
	at org.testng.SuiteRunner.runSequentially(SuiteRunner.java:361)
	at org.testng.SuiteRunner.privateRun(SuiteRunner.java:319)
	at org.testng.SuiteRunner.run(SuiteRunner.java:268)
	at org.testng.SuiteRunnerWorker.runSuite(SuiteRunnerWorker.java:52)
	at org.testng.SuiteRunnerWorker.run(SuiteRunnerWorker.java:86)
	at org.testng.TestNG.runSuitesSequentially(TestNG.java:1244)
	at org.testng.TestNG.runSuitesLocally(TestNG.java:1169)
	at org.testng.TestNG.run(TestNG.java:1064)
	at org.apache.maven.surefire.testng.TestNGExecutor.run(TestNGExecutor.java:115)
	at org.apache.maven.surefire.testng.TestNGDirectoryTestSuite.executeMulti(TestNGDirectoryTestSuite.java:204)
	at org.apache.maven.surefire.testng.TestNGDirectoryTestSuite.execute(TestNGDirectoryTestSuite.java:107)
	at org.apache.maven.surefire.testng.TestNGProvider.invoke(TestNGProvider.java:112)
	at org.apache.maven.surefire.booter.ForkedBooter.invokeProviderInSameClassLoader(ForkedBooter.java:200)
	at org.apache.maven.surefire.booter.ForkedBooter.runSuitesInProcess(ForkedBooter.java:153)
	at org.apache.maven.surefire.booter.ForkedBooter.main(ForkedBooter.java:103)
</pre></div></td>
<td>0</td>
<td>MTSATests.controller.OppositeSafeGameSolverTests@39aeed2f</td></tr>
<tr>
<td title='MTSATests.controller.OppositeSafeGameSolverTests.OppositeSafeGameTest()'><b>OppositeSafeGameTest</b><br>Test class: MTSATests.controller.OppositeSafeGameSolverTests<br>Parameters: section-3.84-productioncell-small, ../ltsa/dist/examples/SafetyCuts/Tests/dIppolito/section-3.84-productioncell-small.lts, ENV, EXP, C, Objective, ../ltsa/dist/examples/SafetyCuts/Results/dIppolito/section-3.84-productioncell-small.result</td>
<td><div><pre>java.lang.AssertionError: expected [true] but found [false]
	at MTSATests.controller.OppositeSafeGameSolverTests.OppositeSafeGameTest(OppositeSafeGameSolverTests.java:201)
... Removed 32 stack frames</pre></div><a href='#' onClick='toggleBox("stack-trace836514715", this, "Click to show all stack frames", "Click to hide stack frames")'>Click to show all stack frames</a>
<div class='stack-trace' id='stack-trace836514715'><pre>java.lang.AssertionError: expected [true] but found [false]
	at org.testng.Assert.fail(Assert.java:94)
	at org.testng.Assert.failNotEquals(Assert.java:513)
	at org.testng.Assert.assertTrue(Assert.java:42)
	at org.testng.Assert.assertTrue(Assert.java:52)
	at MTSATests.controller.OppositeSafeGameSolverTests.OppositeSafeGameTest(OppositeSafeGameSolverTests.java:201)
	at sun.reflect.NativeMethodAccessorImpl.invoke0(Native Method)
	at sun.reflect.NativeMethodAccessorImpl.invoke(NativeMethodAccessorImpl.java:62)
	at sun.reflect.DelegatingMethodAccessorImpl.invoke(DelegatingMethodAccessorImpl.java:43)
	at java.lang.reflect.Method.invoke(Method.java:497)
	at org.testng.internal.MethodInvocationHelper.invokeMethod(MethodInvocationHelper.java:86)
	at org.testng.internal.Invoker.invokeMethod(Invoker.java:643)
	at org.testng.internal.Invoker.invokeTestMethod(Invoker.java:820)
	at org.testng.internal.Invoker.invokeTestMethods(Invoker.java:1128)
	at org.testng.internal.TestMethodWorker.invokeTestMethods(TestMethodWorker.java:129)
	at org.testng.internal.TestMethodWorker.run(TestMethodWorker.java:112)
	at org.testng.TestRunner.privateRun(TestRunner.java:782)
	at org.testng.TestRunner.run(TestRunner.java:632)
	at org.testng.SuiteRunner.runTest(SuiteRunner.java:366)
	at org.testng.SuiteRunner.runSequentially(SuiteRunner.java:361)
	at org.testng.SuiteRunner.privateRun(SuiteRunner.java:319)
	at org.testng.SuiteRunner.run(SuiteRunner.java:268)
	at org.testng.SuiteRunnerWorker.runSuite(SuiteRunnerWorker.java:52)
	at org.testng.SuiteRunnerWorker.run(SuiteRunnerWorker.java:86)
	at org.testng.TestNG.runSuitesSequentially(TestNG.java:1244)
	at org.testng.TestNG.runSuitesLocally(TestNG.java:1169)
	at org.testng.TestNG.run(TestNG.java:1064)
	at org.apache.maven.surefire.testng.TestNGExecutor.run(TestNGExecutor.java:115)
	at org.apache.maven.surefire.testng.TestNGDirectoryTestSuite.executeMulti(TestNGDirectoryTestSuite.java:204)
	at org.apache.maven.surefire.testng.TestNGDirectoryTestSuite.execute(TestNGDirectoryTestSuite.java:107)
	at org.apache.maven.surefire.testng.TestNGProvider.invoke(TestNGProvider.java:112)
	at org.apache.maven.surefire.booter.ForkedBooter.invokeProviderInSameClassLoader(ForkedBooter.java:200)
	at org.apache.maven.surefire.booter.ForkedBooter.runSuitesInProcess(ForkedBooter.java:153)
	at org.apache.maven.surefire.booter.ForkedBooter.main(ForkedBooter.java:103)
</pre></div></td>
<td>0</td>
<td>MTSATests.controller.OppositeSafeGameSolverTests@39aeed2f</td></tr>
<tr>
<td title='MTSATests.controller.OppositeSafeGameSolverTests.OppositeSafeGameTest()'><b>OppositeSafeGameTest</b><br>Test class: MTSATests.controller.OppositeSafeGameSolverTests<br>Parameters: section-3.81-autonomousvehicles, ../ltsa/dist/examples/SafetyCuts/Tests/dIppolito/section-3.81-autonomousvehicles.lts, ENV, EXP, C, G1, ../ltsa/dist/examples/SafetyCuts/Results/dIppolito/section-3.81-autonomousvehicles.result</td>
<td><div><pre>java.lang.AssertionError: expected [true] but found [false]
	at MTSATests.controller.OppositeSafeGameSolverTests.OppositeSafeGameTest(OppositeSafeGameSolverTests.java:201)
... Removed 32 stack frames</pre></div><a href='#' onClick='toggleBox("stack-trace828441346", this, "Click to show all stack frames", "Click to hide stack frames")'>Click to show all stack frames</a>
<div class='stack-trace' id='stack-trace828441346'><pre>java.lang.AssertionError: expected [true] but found [false]
	at org.testng.Assert.fail(Assert.java:94)
	at org.testng.Assert.failNotEquals(Assert.java:513)
	at org.testng.Assert.assertTrue(Assert.java:42)
	at org.testng.Assert.assertTrue(Assert.java:52)
	at MTSATests.controller.OppositeSafeGameSolverTests.OppositeSafeGameTest(OppositeSafeGameSolverTests.java:201)
	at sun.reflect.NativeMethodAccessorImpl.invoke0(Native Method)
	at sun.reflect.NativeMethodAccessorImpl.invoke(NativeMethodAccessorImpl.java:62)
	at sun.reflect.DelegatingMethodAccessorImpl.invoke(DelegatingMethodAccessorImpl.java:43)
	at java.lang.reflect.Method.invoke(Method.java:497)
	at org.testng.internal.MethodInvocationHelper.invokeMethod(MethodInvocationHelper.java:86)
	at org.testng.internal.Invoker.invokeMethod(Invoker.java:643)
	at org.testng.internal.Invoker.invokeTestMethod(Invoker.java:820)
	at org.testng.internal.Invoker.invokeTestMethods(Invoker.java:1128)
	at org.testng.internal.TestMethodWorker.invokeTestMethods(TestMethodWorker.java:129)
	at org.testng.internal.TestMethodWorker.run(TestMethodWorker.java:112)
	at org.testng.TestRunner.privateRun(TestRunner.java:782)
	at org.testng.TestRunner.run(TestRunner.java:632)
	at org.testng.SuiteRunner.runTest(SuiteRunner.java:366)
	at org.testng.SuiteRunner.runSequentially(SuiteRunner.java:361)
	at org.testng.SuiteRunner.privateRun(SuiteRunner.java:319)
	at org.testng.SuiteRunner.run(SuiteRunner.java:268)
	at org.testng.SuiteRunnerWorker.runSuite(SuiteRunnerWorker.java:52)
	at org.testng.SuiteRunnerWorker.run(SuiteRunnerWorker.java:86)
	at org.testng.TestNG.runSuitesSequentially(TestNG.java:1244)
	at org.testng.TestNG.runSuitesLocally(TestNG.java:1169)
	at org.testng.TestNG.run(TestNG.java:1064)
	at org.apache.maven.surefire.testng.TestNGExecutor.run(TestNGExecutor.java:115)
	at org.apache.maven.surefire.testng.TestNGDirectoryTestSuite.executeMulti(TestNGDirectoryTestSuite.java:204)
	at org.apache.maven.surefire.testng.TestNGDirectoryTestSuite.execute(TestNGDirectoryTestSuite.java:107)
	at org.apache.maven.surefire.testng.TestNGProvider.invoke(TestNGProvider.java:112)
	at org.apache.maven.surefire.booter.ForkedBooter.invokeProviderInSameClassLoader(ForkedBooter.java:200)
	at org.apache.maven.surefire.booter.ForkedBooter.runSuitesInProcess(ForkedBooter.java:153)
	at org.apache.maven.surefire.booter.ForkedBooter.main(ForkedBooter.java:103)
</pre></div></td>
<td>0</td>
<td>MTSATests.controller.OppositeSafeGameSolverTests@39aeed2f</td></tr>
<tr>
<td title='MTSATests.controller.OppositeSafeGameSolverTests.OppositeSafeGameTest()'><b>OppositeSafeGameTest</b><br>Test class: MTSATests.controller.OppositeSafeGameSolverTests<br>Parameters: arbiter, ../ltsa/dist/examples/SafetyCuts/Tests/arbiter.lts, PROCS, EXP, C, PETERSON, ../ltsa/dist/examples/SafetyCuts/Results/arbiter.result</td>
<td><div><pre>java.lang.AssertionError: expected [true] but found [false]
	at MTSATests.controller.OppositeSafeGameSolverTests.OppositeSafeGameTest(OppositeSafeGameSolverTests.java:201)
... Removed 32 stack frames</pre></div><a href='#' onClick='toggleBox("stack-trace555826066", this, "Click to show all stack frames", "Click to hide stack frames")'>Click to show all stack frames</a>
<div class='stack-trace' id='stack-trace555826066'><pre>java.lang.AssertionError: expected [true] but found [false]
	at org.testng.Assert.fail(Assert.java:94)
	at org.testng.Assert.failNotEquals(Assert.java:513)
	at org.testng.Assert.assertTrue(Assert.java:42)
	at org.testng.Assert.assertTrue(Assert.java:52)
	at MTSATests.controller.OppositeSafeGameSolverTests.OppositeSafeGameTest(OppositeSafeGameSolverTests.java:201)
	at sun.reflect.NativeMethodAccessorImpl.invoke0(Native Method)
	at sun.reflect.NativeMethodAccessorImpl.invoke(NativeMethodAccessorImpl.java:62)
	at sun.reflect.DelegatingMethodAccessorImpl.invoke(DelegatingMethodAccessorImpl.java:43)
	at java.lang.reflect.Method.invoke(Method.java:497)
	at org.testng.internal.MethodInvocationHelper.invokeMethod(MethodInvocationHelper.java:86)
	at org.testng.internal.Invoker.invokeMethod(Invoker.java:643)
	at org.testng.internal.Invoker.invokeTestMethod(Invoker.java:820)
	at org.testng.internal.Invoker.invokeTestMethods(Invoker.java:1128)
	at org.testng.internal.TestMethodWorker.invokeTestMethods(TestMethodWorker.java:129)
	at org.testng.internal.TestMethodWorker.run(TestMethodWorker.java:112)
	at org.testng.TestRunner.privateRun(TestRunner.java:782)
	at org.testng.TestRunner.run(TestRunner.java:632)
	at org.testng.SuiteRunner.runTest(SuiteRunner.java:366)
	at org.testng.SuiteRunner.runSequentially(SuiteRunner.java:361)
	at org.testng.SuiteRunner.privateRun(SuiteRunner.java:319)
	at org.testng.SuiteRunner.run(SuiteRunner.java:268)
	at org.testng.SuiteRunnerWorker.runSuite(SuiteRunnerWorker.java:52)
	at org.testng.SuiteRunnerWorker.run(SuiteRunnerWorker.java:86)
	at org.testng.TestNG.runSuitesSequentially(TestNG.java:1244)
	at org.testng.TestNG.runSuitesLocally(TestNG.java:1169)
	at org.testng.TestNG.run(TestNG.java:1064)
	at org.apache.maven.surefire.testng.TestNGExecutor.run(TestNGExecutor.java:115)
	at org.apache.maven.surefire.testng.TestNGDirectoryTestSuite.executeMulti(TestNGDirectoryTestSuite.java:204)
	at org.apache.maven.surefire.testng.TestNGDirectoryTestSuite.execute(TestNGDirectoryTestSuite.java:107)
	at org.apache.maven.surefire.testng.TestNGProvider.invoke(TestNGProvider.java:112)
	at org.apache.maven.surefire.booter.ForkedBooter.invokeProviderInSameClassLoader(ForkedBooter.java:200)
	at org.apache.maven.surefire.booter.ForkedBooter.runSuitesInProcess(ForkedBooter.java:153)
	at org.apache.maven.surefire.booter.ForkedBooter.main(ForkedBooter.java:103)
</pre></div></td>
<td>0</td>
<td>MTSATests.controller.OppositeSafeGameSolverTests@39aeed2f</td></tr>
<tr>
<td title='MTSATests.controller.OppositeSafeGameSolverTests.OppositeSafeGameTest()'><b>OppositeSafeGameTest</b><br>Test class: MTSATests.controller.OppositeSafeGameSolverTests<br>Parameters: prod_cell_variant, ../ltsa/dist/examples/SafetyCuts/Tests/prod_cell_variant.lts, Plant, EXP, C, G1, ../ltsa/dist/examples/SafetyCuts/Results/prod_cell_variant.result</td>
<td><div><pre>java.lang.AssertionError: expected [true] but found [false]
	at MTSATests.controller.OppositeSafeGameSolverTests.OppositeSafeGameTest(OppositeSafeGameSolverTests.java:201)
... Removed 32 stack frames</pre></div><a href='#' onClick='toggleBox("stack-trace858242339", this, "Click to show all stack frames", "Click to hide stack frames")'>Click to show all stack frames</a>
<div class='stack-trace' id='stack-trace858242339'><pre>java.lang.AssertionError: expected [true] but found [false]
	at org.testng.Assert.fail(Assert.java:94)
	at org.testng.Assert.failNotEquals(Assert.java:513)
	at org.testng.Assert.assertTrue(Assert.java:42)
	at org.testng.Assert.assertTrue(Assert.java:52)
	at MTSATests.controller.OppositeSafeGameSolverTests.OppositeSafeGameTest(OppositeSafeGameSolverTests.java:201)
	at sun.reflect.NativeMethodAccessorImpl.invoke0(Native Method)
	at sun.reflect.NativeMethodAccessorImpl.invoke(NativeMethodAccessorImpl.java:62)
	at sun.reflect.DelegatingMethodAccessorImpl.invoke(DelegatingMethodAccessorImpl.java:43)
	at java.lang.reflect.Method.invoke(Method.java:497)
	at org.testng.internal.MethodInvocationHelper.invokeMethod(MethodInvocationHelper.java:86)
	at org.testng.internal.Invoker.invokeMethod(Invoker.java:643)
	at org.testng.internal.Invoker.invokeTestMethod(Invoker.java:820)
	at org.testng.internal.Invoker.invokeTestMethods(Invoker.java:1128)
	at org.testng.internal.TestMethodWorker.invokeTestMethods(TestMethodWorker.java:129)
	at org.testng.internal.TestMethodWorker.run(TestMethodWorker.java:112)
	at org.testng.TestRunner.privateRun(TestRunner.java:782)
	at org.testng.TestRunner.run(TestRunner.java:632)
	at org.testng.SuiteRunner.runTest(SuiteRunner.java:366)
	at org.testng.SuiteRunner.runSequentially(SuiteRunner.java:361)
	at org.testng.SuiteRunner.privateRun(SuiteRunner.java:319)
	at org.testng.SuiteRunner.run(SuiteRunner.java:268)
	at org.testng.SuiteRunnerWorker.runSuite(SuiteRunnerWorker.java:52)
	at org.testng.SuiteRunnerWorker.run(SuiteRunnerWorker.java:86)
	at org.testng.TestNG.runSuitesSequentially(TestNG.java:1244)
	at org.testng.TestNG.runSuitesLocally(TestNG.java:1169)
	at org.testng.TestNG.run(TestNG.java:1064)
	at org.apache.maven.surefire.testng.TestNGExecutor.run(TestNGExecutor.java:115)
	at org.apache.maven.surefire.testng.TestNGDirectoryTestSuite.executeMulti(TestNGDirectoryTestSuite.java:204)
	at org.apache.maven.surefire.testng.TestNGDirectoryTestSuite.execute(TestNGDirectoryTestSuite.java:107)
	at org.apache.maven.surefire.testng.TestNGProvider.invoke(TestNGProvider.java:112)
	at org.apache.maven.surefire.booter.ForkedBooter.invokeProviderInSameClassLoader(ForkedBooter.java:200)
	at org.apache.maven.surefire.booter.ForkedBooter.runSuitesInProcess(ForkedBooter.java:153)
	at org.apache.maven.surefire.booter.ForkedBooter.main(ForkedBooter.java:103)
</pre></div></td>
<td>0</td>
<td>MTSATests.controller.OppositeSafeGameSolverTests@39aeed2f</td></tr>
<tr>
<td title='MTSATests.controller.OppositeSafeGameSolverTests.OppositeSafeGameTest()'><b>OppositeSafeGameTest</b><br>Test class: MTSATests.controller.OppositeSafeGameSolverTests<br>Parameters: tomAndJerryV12, ../ltsa/dist/examples/SafetyCuts/Tests/TomAndJerryV12.lts, Tom_Jerry, EXP, C, G1, ../ltsa/dist/examples/SafetyCuts/Results/TomAndJerryV12.result</td>
<td><div><pre>java.lang.AssertionError: expected [true] but found [false]
	at MTSATests.controller.OppositeSafeGameSolverTests.OppositeSafeGameTest(OppositeSafeGameSolverTests.java:201)
... Removed 32 stack frames</pre></div><a href='#' onClick='toggleBox("stack-trace1715998167", this, "Click to show all stack frames", "Click to hide stack frames")'>Click to show all stack frames</a>
<div class='stack-trace' id='stack-trace1715998167'><pre>java.lang.AssertionError: expected [true] but found [false]
	at org.testng.Assert.fail(Assert.java:94)
	at org.testng.Assert.failNotEquals(Assert.java:513)
	at org.testng.Assert.assertTrue(Assert.java:42)
	at org.testng.Assert.assertTrue(Assert.java:52)
	at MTSATests.controller.OppositeSafeGameSolverTests.OppositeSafeGameTest(OppositeSafeGameSolverTests.java:201)
	at sun.reflect.NativeMethodAccessorImpl.invoke0(Native Method)
	at sun.reflect.NativeMethodAccessorImpl.invoke(NativeMethodAccessorImpl.java:62)
	at sun.reflect.DelegatingMethodAccessorImpl.invoke(DelegatingMethodAccessorImpl.java:43)
	at java.lang.reflect.Method.invoke(Method.java:497)
	at org.testng.internal.MethodInvocationHelper.invokeMethod(MethodInvocationHelper.java:86)
	at org.testng.internal.Invoker.invokeMethod(Invoker.java:643)
	at org.testng.internal.Invoker.invokeTestMethod(Invoker.java:820)
	at org.testng.internal.Invoker.invokeTestMethods(Invoker.java:1128)
	at org.testng.internal.TestMethodWorker.invokeTestMethods(TestMethodWorker.java:129)
	at org.testng.internal.TestMethodWorker.run(TestMethodWorker.java:112)
	at org.testng.TestRunner.privateRun(TestRunner.java:782)
	at org.testng.TestRunner.run(TestRunner.java:632)
	at org.testng.SuiteRunner.runTest(SuiteRunner.java:366)
	at org.testng.SuiteRunner.runSequentially(SuiteRunner.java:361)
	at org.testng.SuiteRunner.privateRun(SuiteRunner.java:319)
	at org.testng.SuiteRunner.run(SuiteRunner.java:268)
	at org.testng.SuiteRunnerWorker.runSuite(SuiteRunnerWorker.java:52)
	at org.testng.SuiteRunnerWorker.run(SuiteRunnerWorker.java:86)
	at org.testng.TestNG.runSuitesSequentially(TestNG.java:1244)
	at org.testng.TestNG.runSuitesLocally(TestNG.java:1169)
	at org.testng.TestNG.run(TestNG.java:1064)
	at org.apache.maven.surefire.testng.TestNGExecutor.run(TestNGExecutor.java:115)
	at org.apache.maven.surefire.testng.TestNGDirectoryTestSuite.executeMulti(TestNGDirectoryTestSuite.java:204)
	at org.apache.maven.surefire.testng.TestNGDirectoryTestSuite.execute(TestNGDirectoryTestSuite.java:107)
	at org.apache.maven.surefire.testng.TestNGProvider.invoke(TestNGProvider.java:112)
	at org.apache.maven.surefire.booter.ForkedBooter.invokeProviderInSameClassLoader(ForkedBooter.java:200)
	at org.apache.maven.surefire.booter.ForkedBooter.runSuitesInProcess(ForkedBooter.java:153)
	at org.apache.maven.surefire.booter.ForkedBooter.main(ForkedBooter.java:103)
</pre></div></td>
<td>0</td>
<td>MTSATests.controller.OppositeSafeGameSolverTests@39aeed2f</td></tr>
<tr>
<td title='MTSATests.controller.OppositeSafeGameSolverTests.OppositeSafeGameTest()'><b>OppositeSafeGameTest</b><br>Test class: MTSATests.controller.OppositeSafeGameSolverTests<br>Parameters: section-4.71-productioncell, ../ltsa/dist/examples/SafetyCuts/Tests/dIppolito/section-4.71-productioncell.lts, ENV, EXP, C, G1, ../ltsa/dist/examples/SafetyCuts/Results/dIppolito/section-4.71-productioncell.result</td>
<td><div><pre>java.lang.AssertionError: expected [true] but found [false]
	at MTSATests.controller.OppositeSafeGameSolverTests.OppositeSafeGameTest(OppositeSafeGameSolverTests.java:201)
... Removed 32 stack frames</pre></div><a href='#' onClick='toggleBox("stack-trace1558712965", this, "Click to show all stack frames", "Click to hide stack frames")'>Click to show all stack frames</a>
<div class='stack-trace' id='stack-trace1558712965'><pre>java.lang.AssertionError: expected [true] but found [false]
	at org.testng.Assert.fail(Assert.java:94)
	at org.testng.Assert.failNotEquals(Assert.java:513)
	at org.testng.Assert.assertTrue(Assert.java:42)
	at org.testng.Assert.assertTrue(Assert.java:52)
	at MTSATests.controller.OppositeSafeGameSolverTests.OppositeSafeGameTest(OppositeSafeGameSolverTests.java:201)
	at sun.reflect.NativeMethodAccessorImpl.invoke0(Native Method)
	at sun.reflect.NativeMethodAccessorImpl.invoke(NativeMethodAccessorImpl.java:62)
	at sun.reflect.DelegatingMethodAccessorImpl.invoke(DelegatingMethodAccessorImpl.java:43)
	at java.lang.reflect.Method.invoke(Method.java:497)
	at org.testng.internal.MethodInvocationHelper.invokeMethod(MethodInvocationHelper.java:86)
	at org.testng.internal.Invoker.invokeMethod(Invoker.java:643)
	at org.testng.internal.Invoker.invokeTestMethod(Invoker.java:820)
	at org.testng.internal.Invoker.invokeTestMethods(Invoker.java:1128)
	at org.testng.internal.TestMethodWorker.invokeTestMethods(TestMethodWorker.java:129)
	at org.testng.internal.TestMethodWorker.run(TestMethodWorker.java:112)
	at org.testng.TestRunner.privateRun(TestRunner.java:782)
	at org.testng.TestRunner.run(TestRunner.java:632)
	at org.testng.SuiteRunner.runTest(SuiteRunner.java:366)
	at org.testng.SuiteRunner.runSequentially(SuiteRunner.java:361)
	at org.testng.SuiteRunner.privateRun(SuiteRunner.java:319)
	at org.testng.SuiteRunner.run(SuiteRunner.java:268)
	at org.testng.SuiteRunnerWorker.runSuite(SuiteRunnerWorker.java:52)
	at org.testng.SuiteRunnerWorker.run(SuiteRunnerWorker.java:86)
	at org.testng.TestNG.runSuitesSequentially(TestNG.java:1244)
	at org.testng.TestNG.runSuitesLocally(TestNG.java:1169)
	at org.testng.TestNG.run(TestNG.java:1064)
	at org.apache.maven.surefire.testng.TestNGExecutor.run(TestNGExecutor.java:115)
	at org.apache.maven.surefire.testng.TestNGDirectoryTestSuite.executeMulti(TestNGDirectoryTestSuite.java:204)
	at org.apache.maven.surefire.testng.TestNGDirectoryTestSuite.execute(TestNGDirectoryTestSuite.java:107)
	at org.apache.maven.surefire.testng.TestNGProvider.invoke(TestNGProvider.java:112)
	at org.apache.maven.surefire.booter.ForkedBooter.invokeProviderInSameClassLoader(ForkedBooter.java:200)
	at org.apache.maven.surefire.booter.ForkedBooter.runSuitesInProcess(ForkedBooter.java:153)
	at org.apache.maven.surefire.booter.ForkedBooter.main(ForkedBooter.java:103)
</pre></div></td>
<td>0</td>
<td>MTSATests.controller.OppositeSafeGameSolverTests@39aeed2f</td></tr>
<tr>
<td title='MTSATests.controller.OppositeSafeGameSolverTests.OppositeSafeGameTest()'><b>OppositeSafeGameTest</b><br>Test class: MTSATests.controller.OppositeSafeGameSolverTests<br>Parameters: section-4.61-productioncell, ../ltsa/dist/examples/SafetyCuts/Tests/dIppolito/section-4.61-productioncell.lts, Plant, EXP, C, G1, ../ltsa/dist/examples/SafetyCuts/Results/dIppolito/section-4.61-productioncell.result</td>
<td><div><pre>java.lang.AssertionError: expected [true] but found [false]
	at MTSATests.controller.OppositeSafeGameSolverTests.OppositeSafeGameTest(OppositeSafeGameSolverTests.java:201)
... Removed 32 stack frames</pre></div><a href='#' onClick='toggleBox("stack-trace1589683045", this, "Click to show all stack frames", "Click to hide stack frames")'>Click to show all stack frames</a>
<div class='stack-trace' id='stack-trace1589683045'><pre>java.lang.AssertionError: expected [true] but found [false]
	at org.testng.Assert.fail(Assert.java:94)
	at org.testng.Assert.failNotEquals(Assert.java:513)
	at org.testng.Assert.assertTrue(Assert.java:42)
	at org.testng.Assert.assertTrue(Assert.java:52)
	at MTSATests.controller.OppositeSafeGameSolverTests.OppositeSafeGameTest(OppositeSafeGameSolverTests.java:201)
	at sun.reflect.NativeMethodAccessorImpl.invoke0(Native Method)
	at sun.reflect.NativeMethodAccessorImpl.invoke(NativeMethodAccessorImpl.java:62)
	at sun.reflect.DelegatingMethodAccessorImpl.invoke(DelegatingMethodAccessorImpl.java:43)
	at java.lang.reflect.Method.invoke(Method.java:497)
	at org.testng.internal.MethodInvocationHelper.invokeMethod(MethodInvocationHelper.java:86)
	at org.testng.internal.Invoker.invokeMethod(Invoker.java:643)
	at org.testng.internal.Invoker.invokeTestMethod(Invoker.java:820)
	at org.testng.internal.Invoker.invokeTestMethods(Invoker.java:1128)
	at org.testng.internal.TestMethodWorker.invokeTestMethods(TestMethodWorker.java:129)
	at org.testng.internal.TestMethodWorker.run(TestMethodWorker.java:112)
	at org.testng.TestRunner.privateRun(TestRunner.java:782)
	at org.testng.TestRunner.run(TestRunner.java:632)
	at org.testng.SuiteRunner.runTest(SuiteRunner.java:366)
	at org.testng.SuiteRunner.runSequentially(SuiteRunner.java:361)
	at org.testng.SuiteRunner.privateRun(SuiteRunner.java:319)
	at org.testng.SuiteRunner.run(SuiteRunner.java:268)
	at org.testng.SuiteRunnerWorker.runSuite(SuiteRunnerWorker.java:52)
	at org.testng.SuiteRunnerWorker.run(SuiteRunnerWorker.java:86)
	at org.testng.TestNG.runSuitesSequentially(TestNG.java:1244)
	at org.testng.TestNG.runSuitesLocally(TestNG.java:1169)
	at org.testng.TestNG.run(TestNG.java:1064)
	at org.apache.maven.surefire.testng.TestNGExecutor.run(TestNGExecutor.java:115)
	at org.apache.maven.surefire.testng.TestNGDirectoryTestSuite.executeMulti(TestNGDirectoryTestSuite.java:204)
	at org.apache.maven.surefire.testng.TestNGDirectoryTestSuite.execute(TestNGDirectoryTestSuite.java:107)
	at org.apache.maven.surefire.testng.TestNGProvider.invoke(TestNGProvider.java:112)
	at org.apache.maven.surefire.booter.ForkedBooter.invokeProviderInSameClassLoader(ForkedBooter.java:200)
	at org.apache.maven.surefire.booter.ForkedBooter.runSuitesInProcess(ForkedBooter.java:153)
	at org.apache.maven.surefire.booter.ForkedBooter.main(ForkedBooter.java:103)
</pre></div></td>
<td>0</td>
<td>MTSATests.controller.OppositeSafeGameSolverTests@39aeed2f</td></tr>
<tr>
<td title='MTSATests.controller.OppositeSafeGameSolverTests.OppositeSafeGameTest()'><b>OppositeSafeGameTest</b><br>Test class: MTSATests.controller.OppositeSafeGameSolverTests<br>Parameters: section-3.1-productioncell, ../ltsa/dist/examples/SafetyCuts/Tests/dIppolito/section-3.1-productioncell.lts, ENV, EXP, C, Objective, ../ltsa/dist/examples/SafetyCuts/Results/dIppolito/section-3.1-productioncell.result</td>
<td><div><pre>java.lang.AssertionError: expected [true] but found [false]
	at MTSATests.controller.OppositeSafeGameSolverTests.OppositeSafeGameTest(OppositeSafeGameSolverTests.java:201)
... Removed 32 stack frames</pre></div><a href='#' onClick='toggleBox("stack-trace717386707", this, "Click to show all stack frames", "Click to hide stack frames")'>Click to show all stack frames</a>
<div class='stack-trace' id='stack-trace717386707'><pre>java.lang.AssertionError: expected [true] but found [false]
	at org.testng.Assert.fail(Assert.java:94)
	at org.testng.Assert.failNotEquals(Assert.java:513)
	at org.testng.Assert.assertTrue(Assert.java:42)
	at org.testng.Assert.assertTrue(Assert.java:52)
	at MTSATests.controller.OppositeSafeGameSolverTests.OppositeSafeGameTest(OppositeSafeGameSolverTests.java:201)
	at sun.reflect.NativeMethodAccessorImpl.invoke0(Native Method)
	at sun.reflect.NativeMethodAccessorImpl.invoke(NativeMethodAccessorImpl.java:62)
	at sun.reflect.DelegatingMethodAccessorImpl.invoke(DelegatingMethodAccessorImpl.java:43)
	at java.lang.reflect.Method.invoke(Method.java:497)
	at org.testng.internal.MethodInvocationHelper.invokeMethod(MethodInvocationHelper.java:86)
	at org.testng.internal.Invoker.invokeMethod(Invoker.java:643)
	at org.testng.internal.Invoker.invokeTestMethod(Invoker.java:820)
	at org.testng.internal.Invoker.invokeTestMethods(Invoker.java:1128)
	at org.testng.internal.TestMethodWorker.invokeTestMethods(TestMethodWorker.java:129)
	at org.testng.internal.TestMethodWorker.run(TestMethodWorker.java:112)
	at org.testng.TestRunner.privateRun(TestRunner.java:782)
	at org.testng.TestRunner.run(TestRunner.java:632)
	at org.testng.SuiteRunner.runTest(SuiteRunner.java:366)
	at org.testng.SuiteRunner.runSequentially(SuiteRunner.java:361)
	at org.testng.SuiteRunner.privateRun(SuiteRunner.java:319)
	at org.testng.SuiteRunner.run(SuiteRunner.java:268)
	at org.testng.SuiteRunnerWorker.runSuite(SuiteRunnerWorker.java:52)
	at org.testng.SuiteRunnerWorker.run(SuiteRunnerWorker.java:86)
	at org.testng.TestNG.runSuitesSequentially(TestNG.java:1244)
	at org.testng.TestNG.runSuitesLocally(TestNG.java:1169)
	at org.testng.TestNG.run(TestNG.java:1064)
	at org.apache.maven.surefire.testng.TestNGExecutor.run(TestNGExecutor.java:115)
	at org.apache.maven.surefire.testng.TestNGDirectoryTestSuite.executeMulti(TestNGDirectoryTestSuite.java:204)
	at org.apache.maven.surefire.testng.TestNGDirectoryTestSuite.execute(TestNGDirectoryTestSuite.java:107)
	at org.apache.maven.surefire.testng.TestNGProvider.invoke(TestNGProvider.java:112)
	at org.apache.maven.surefire.booter.ForkedBooter.invokeProviderInSameClassLoader(ForkedBooter.java:200)
	at org.apache.maven.surefire.booter.ForkedBooter.runSuitesInProcess(ForkedBooter.java:153)
	at org.apache.maven.surefire.booter.ForkedBooter.main(ForkedBooter.java:103)
</pre></div></td>
<td>0</td>
<td>MTSATests.controller.OppositeSafeGameSolverTests@39aeed2f</td></tr>
<tr>
<td title='MTSATests.controller.SafeGameSolverTests.SafeGameTest()'><b>SafeGameTest</b><br>Test class: MTSATests.controller.SafeGameSolverTests<br>Parameters: ../ltsa/dist/examples/SafetyCuts/Tests/safe_game_test.lts, MUT, EXP, C, G1, ../ltsa/dist/examples/SafetyCuts/Results/safe_game_test.results</td>
<td><div><pre>java.lang.NullPointerException
	at MTSSynthesis.controller.game.safe.SafeGame.&lt;init&gt;(SafeGame.java:29)
	at MTSSynthesis.controller.game.model.SafeGameSolver.&lt;init&gt;(SafeGameSolver.java:24)
	at MTSATests.controller.SafeGameSolverTests.getLTSSafeGameStrategyFromFile(SafeGameSolverTests.java:29)
	at MTSATests.controller.SafeGameSolverTests.getMut(SafeGameSolverTests.java:74)
	at MTSATests.controller.SafeGameSolverTests.SafeGameTest(SafeGameSolverTests.java:61)
... Removed 28 stack frames</pre></div><a href='#' onClick='toggleBox("stack-trace1875308878", this, "Click to show all stack frames", "Click to hide stack frames")'>Click to show all stack frames</a>
<div class='stack-trace' id='stack-trace1875308878'><pre>java.lang.NullPointerException
	at MTSSynthesis.controller.game.safe.SafeGame.&lt;init&gt;(SafeGame.java:29)
	at MTSSynthesis.controller.game.model.SafeGameSolver.&lt;init&gt;(SafeGameSolver.java:24)
	at MTSATests.controller.SafeGameSolverTests.getLTSSafeGameStrategyFromFile(SafeGameSolverTests.java:29)
	at MTSATests.controller.SafeGameSolverTests.getMut(SafeGameSolverTests.java:74)
	at MTSATests.controller.SafeGameSolverTests.SafeGameTest(SafeGameSolverTests.java:61)
	at sun.reflect.NativeMethodAccessorImpl.invoke0(Native Method)
	at sun.reflect.NativeMethodAccessorImpl.invoke(NativeMethodAccessorImpl.java:62)
	at sun.reflect.DelegatingMethodAccessorImpl.invoke(DelegatingMethodAccessorImpl.java:43)
	at java.lang.reflect.Method.invoke(Method.java:497)
	at org.testng.internal.MethodInvocationHelper.invokeMethod(MethodInvocationHelper.java:86)
	at org.testng.internal.Invoker.invokeMethod(Invoker.java:643)
	at org.testng.internal.Invoker.invokeTestMethod(Invoker.java:820)
	at org.testng.internal.Invoker.invokeTestMethods(Invoker.java:1128)
	at org.testng.internal.TestMethodWorker.invokeTestMethods(TestMethodWorker.java:129)
	at org.testng.internal.TestMethodWorker.run(TestMethodWorker.java:112)
	at org.testng.TestRunner.privateRun(TestRunner.java:782)
	at org.testng.TestRunner.run(TestRunner.java:632)
	at org.testng.SuiteRunner.runTest(SuiteRunner.java:366)
	at org.testng.SuiteRunner.runSequentially(SuiteRunner.java:361)
	at org.testng.SuiteRunner.privateRun(SuiteRunner.java:319)
	at org.testng.SuiteRunner.run(SuiteRunner.java:268)
	at org.testng.SuiteRunnerWorker.runSuite(SuiteRunnerWorker.java:52)
	at org.testng.SuiteRunnerWorker.run(SuiteRunnerWorker.java:86)
	at org.testng.TestNG.runSuitesSequentially(TestNG.java:1244)
	at org.testng.TestNG.runSuitesLocally(TestNG.java:1169)
	at org.testng.TestNG.run(TestNG.java:1064)
	at org.apache.maven.surefire.testng.TestNGExecutor.run(TestNGExecutor.java:115)
	at org.apache.maven.surefire.testng.TestNGDirectoryTestSuite.executeMulti(TestNGDirectoryTestSuite.java:204)
	at org.apache.maven.surefire.testng.TestNGDirectoryTestSuite.execute(TestNGDirectoryTestSuite.java:107)
	at org.apache.maven.surefire.testng.TestNGProvider.invoke(TestNGProvider.java:112)
	at org.apache.maven.surefire.booter.ForkedBooter.invokeProviderInSameClassLoader(ForkedBooter.java:200)
	at org.apache.maven.surefire.booter.ForkedBooter.runSuitesInProcess(ForkedBooter.java:153)
	at org.apache.maven.surefire.booter.ForkedBooter.main(ForkedBooter.java:103)
</pre></div></td>
<td>0</td>
<td>MTSATests.controller.SafeGameSolverTests@457e2f02</td></tr>
<tr>
<td title='MTSATests.controller.UpdatingControllersTests.checkUpdatingFormula()'><b>checkUpdatingFormula</b><br>Test class: MTSATests.controller.UpdatingControllersTests<br>Parameters: /ltsa/dist/examples/ControllerUpdate/Tests/adding_actions_test</td>
<td><div><pre>java.io.FileNotFoundException: /Users/Claudio1/Documents/School/University/Postdoc/Software/COVER/MTSA/mtsa/maven-root/mtsa/ltsa/dist/examples/ControllerUpdate/Tests/adding_actions_test.lts (No such file or directory)
	at java.io.FileInputStream.open0(Native Method)
	at java.io.FileInputStream.open(FileInputStream.java:195)
	at java.io.FileInputStream.&lt;init&gt;(FileInputStream.java:138)
	at ltsa.ui.FileInput.&lt;init&gt;(FileInput.java:19)
	at MTSAClient.ac.ic.doc.mtsa.MTSCompiler.compileCompositeState(MTSCompiler.java:37)
	at MTSATests.controller.UpdatingControllersTests.checkUpdatingFormula(UpdatingControllersTests.java:113)
... Removed 28 stack frames</pre></div><a href='#' onClick='toggleBox("stack-trace1522311648", this, "Click to show all stack frames", "Click to hide stack frames")'>Click to show all stack frames</a>
<div class='stack-trace' id='stack-trace1522311648'><pre>java.io.FileNotFoundException: /Users/Claudio1/Documents/School/University/Postdoc/Software/COVER/MTSA/mtsa/maven-root/mtsa/ltsa/dist/examples/ControllerUpdate/Tests/adding_actions_test.lts (No such file or directory)
	at java.io.FileInputStream.open0(Native Method)
	at java.io.FileInputStream.open(FileInputStream.java:195)
	at java.io.FileInputStream.&lt;init&gt;(FileInputStream.java:138)
	at ltsa.ui.FileInput.&lt;init&gt;(FileInput.java:19)
	at MTSAClient.ac.ic.doc.mtsa.MTSCompiler.compileCompositeState(MTSCompiler.java:37)
	at MTSATests.controller.UpdatingControllersTests.checkUpdatingFormula(UpdatingControllersTests.java:113)
	at sun.reflect.NativeMethodAccessorImpl.invoke0(Native Method)
	at sun.reflect.NativeMethodAccessorImpl.invoke(NativeMethodAccessorImpl.java:62)
	at sun.reflect.DelegatingMethodAccessorImpl.invoke(DelegatingMethodAccessorImpl.java:43)
	at java.lang.reflect.Method.invoke(Method.java:497)
	at org.testng.internal.MethodInvocationHelper.invokeMethod(MethodInvocationHelper.java:86)
	at org.testng.internal.Invoker.invokeMethod(Invoker.java:643)
	at org.testng.internal.Invoker.invokeTestMethod(Invoker.java:820)
	at org.testng.internal.Invoker.invokeTestMethods(Invoker.java:1128)
	at org.testng.internal.TestMethodWorker.invokeTestMethods(TestMethodWorker.java:129)
	at org.testng.internal.TestMethodWorker.run(TestMethodWorker.java:112)
	at org.testng.TestRunner.privateRun(TestRunner.java:782)
	at org.testng.TestRunner.run(TestRunner.java:632)
	at org.testng.SuiteRunner.runTest(SuiteRunner.java:366)
	at org.testng.SuiteRunner.runSequentially(SuiteRunner.java:361)
	at org.testng.SuiteRunner.privateRun(SuiteRunner.java:319)
	at org.testng.SuiteRunner.run(SuiteRunner.java:268)
	at org.testng.SuiteRunnerWorker.runSuite(SuiteRunnerWorker.java:52)
	at org.testng.SuiteRunnerWorker.run(SuiteRunnerWorker.java:86)
	at org.testng.TestNG.runSuitesSequentially(TestNG.java:1244)
	at org.testng.TestNG.runSuitesLocally(TestNG.java:1169)
	at org.testng.TestNG.run(TestNG.java:1064)
	at org.apache.maven.surefire.testng.TestNGExecutor.run(TestNGExecutor.java:115)
	at org.apache.maven.surefire.testng.TestNGDirectoryTestSuite.executeMulti(TestNGDirectoryTestSuite.java:204)
	at org.apache.maven.surefire.testng.TestNGDirectoryTestSuite.execute(TestNGDirectoryTestSuite.java:107)
	at org.apache.maven.surefire.testng.TestNGProvider.invoke(TestNGProvider.java:112)
	at org.apache.maven.surefire.booter.ForkedBooter.invokeProviderInSameClassLoader(ForkedBooter.java:200)
	at org.apache.maven.surefire.booter.ForkedBooter.runSuitesInProcess(ForkedBooter.java:153)
	at org.apache.maven.surefire.booter.ForkedBooter.main(ForkedBooter.java:103)
</pre></div></td>
<td>0</td>
<td>MTSATests.controller.UpdatingControllersTests@4cc0edeb</td></tr>
<tr>
<td title='MTSATests.controller.UpdatingControllersTests.checkUpdatingFormula()'><b>checkUpdatingFormula</b><br>Test class: MTSATests.controller.UpdatingControllersTests<br>Parameters: /ltsa/dist/examples/ControllerUpdate/Tests/removing_actions_test</td>
<td><div><pre>java.io.FileNotFoundException: /Users/Claudio1/Documents/School/University/Postdoc/Software/COVER/MTSA/mtsa/maven-root/mtsa/ltsa/dist/examples/ControllerUpdate/Tests/removing_actions_test.lts (No such file or directory)
	at java.io.FileInputStream.open0(Native Method)
	at java.io.FileInputStream.open(FileInputStream.java:195)
	at java.io.FileInputStream.&lt;init&gt;(FileInputStream.java:138)
	at ltsa.ui.FileInput.&lt;init&gt;(FileInput.java:19)
	at MTSAClient.ac.ic.doc.mtsa.MTSCompiler.compileCompositeState(MTSCompiler.java:37)
	at MTSATests.controller.UpdatingControllersTests.checkUpdatingFormula(UpdatingControllersTests.java:113)
... Removed 28 stack frames</pre></div><a href='#' onClick='toggleBox("stack-trace36202360", this, "Click to show all stack frames", "Click to hide stack frames")'>Click to show all stack frames</a>
<div class='stack-trace' id='stack-trace36202360'><pre>java.io.FileNotFoundException: /Users/Claudio1/Documents/School/University/Postdoc/Software/COVER/MTSA/mtsa/maven-root/mtsa/ltsa/dist/examples/ControllerUpdate/Tests/removing_actions_test.lts (No such file or directory)
	at java.io.FileInputStream.open0(Native Method)
	at java.io.FileInputStream.open(FileInputStream.java:195)
	at java.io.FileInputStream.&lt;init&gt;(FileInputStream.java:138)
	at ltsa.ui.FileInput.&lt;init&gt;(FileInput.java:19)
	at MTSAClient.ac.ic.doc.mtsa.MTSCompiler.compileCompositeState(MTSCompiler.java:37)
	at MTSATests.controller.UpdatingControllersTests.checkUpdatingFormula(UpdatingControllersTests.java:113)
	at sun.reflect.NativeMethodAccessorImpl.invoke0(Native Method)
	at sun.reflect.NativeMethodAccessorImpl.invoke(NativeMethodAccessorImpl.java:62)
	at sun.reflect.DelegatingMethodAccessorImpl.invoke(DelegatingMethodAccessorImpl.java:43)
	at java.lang.reflect.Method.invoke(Method.java:497)
	at org.testng.internal.MethodInvocationHelper.invokeMethod(MethodInvocationHelper.java:86)
	at org.testng.internal.Invoker.invokeMethod(Invoker.java:643)
	at org.testng.internal.Invoker.invokeTestMethod(Invoker.java:820)
	at org.testng.internal.Invoker.invokeTestMethods(Invoker.java:1128)
	at org.testng.internal.TestMethodWorker.invokeTestMethods(TestMethodWorker.java:129)
	at org.testng.internal.TestMethodWorker.run(TestMethodWorker.java:112)
	at org.testng.TestRunner.privateRun(TestRunner.java:782)
	at org.testng.TestRunner.run(TestRunner.java:632)
	at org.testng.SuiteRunner.runTest(SuiteRunner.java:366)
	at org.testng.SuiteRunner.runSequentially(SuiteRunner.java:361)
	at org.testng.SuiteRunner.privateRun(SuiteRunner.java:319)
	at org.testng.SuiteRunner.run(SuiteRunner.java:268)
	at org.testng.SuiteRunnerWorker.runSuite(SuiteRunnerWorker.java:52)
	at org.testng.SuiteRunnerWorker.run(SuiteRunnerWorker.java:86)
	at org.testng.TestNG.runSuitesSequentially(TestNG.java:1244)
	at org.testng.TestNG.runSuitesLocally(TestNG.java:1169)
	at org.testng.TestNG.run(TestNG.java:1064)
	at org.apache.maven.surefire.testng.TestNGExecutor.run(TestNGExecutor.java:115)
	at org.apache.maven.surefire.testng.TestNGDirectoryTestSuite.executeMulti(TestNGDirectoryTestSuite.java:204)
	at org.apache.maven.surefire.testng.TestNGDirectoryTestSuite.execute(TestNGDirectoryTestSuite.java:107)
	at org.apache.maven.surefire.testng.TestNGProvider.invoke(TestNGProvider.java:112)
	at org.apache.maven.surefire.booter.ForkedBooter.invokeProviderInSameClassLoader(ForkedBooter.java:200)
	at org.apache.maven.surefire.booter.ForkedBooter.runSuitesInProcess(ForkedBooter.java:153)
	at org.apache.maven.surefire.booter.ForkedBooter.main(ForkedBooter.java:103)
</pre></div></td>
<td>0</td>
<td>MTSATests.controller.UpdatingControllersTests@4cc0edeb</td></tr>
<tr>
<td title='MTSATests.controller.UpdatingControllersTests.checkUpdatingFormula()'><b>checkUpdatingFormula</b><br>Test class: MTSATests.controller.UpdatingControllersTests<br>Parameters: /ltsa/dist/examples/ControllerUpdate/Tests/UAV_test</td>
<td><div><pre>java.io.FileNotFoundException: /Users/Claudio1/Documents/School/University/Postdoc/Software/COVER/MTSA/mtsa/maven-root/mtsa/ltsa/dist/examples/ControllerUpdate/Tests/UAV_test.lts (No such file or directory)
	at java.io.FileInputStream.open0(Native Method)
	at java.io.FileInputStream.open(FileInputStream.java:195)
	at java.io.FileInputStream.&lt;init&gt;(FileInputStream.java:138)
	at ltsa.ui.FileInput.&lt;init&gt;(FileInput.java:19)
	at MTSAClient.ac.ic.doc.mtsa.MTSCompiler.compileCompositeState(MTSCompiler.java:37)
	at MTSATests.controller.UpdatingControllersTests.checkUpdatingFormula(UpdatingControllersTests.java:113)
... Removed 28 stack frames</pre></div><a href='#' onClick='toggleBox("stack-trace1318822808", this, "Click to show all stack frames", "Click to hide stack frames")'>Click to show all stack frames</a>
<div class='stack-trace' id='stack-trace1318822808'><pre>java.io.FileNotFoundException: /Users/Claudio1/Documents/School/University/Postdoc/Software/COVER/MTSA/mtsa/maven-root/mtsa/ltsa/dist/examples/ControllerUpdate/Tests/UAV_test.lts (No such file or directory)
	at java.io.FileInputStream.open0(Native Method)
	at java.io.FileInputStream.open(FileInputStream.java:195)
	at java.io.FileInputStream.&lt;init&gt;(FileInputStream.java:138)
	at ltsa.ui.FileInput.&lt;init&gt;(FileInput.java:19)
	at MTSAClient.ac.ic.doc.mtsa.MTSCompiler.compileCompositeState(MTSCompiler.java:37)
	at MTSATests.controller.UpdatingControllersTests.checkUpdatingFormula(UpdatingControllersTests.java:113)
	at sun.reflect.NativeMethodAccessorImpl.invoke0(Native Method)
	at sun.reflect.NativeMethodAccessorImpl.invoke(NativeMethodAccessorImpl.java:62)
	at sun.reflect.DelegatingMethodAccessorImpl.invoke(DelegatingMethodAccessorImpl.java:43)
	at java.lang.reflect.Method.invoke(Method.java:497)
	at org.testng.internal.MethodInvocationHelper.invokeMethod(MethodInvocationHelper.java:86)
	at org.testng.internal.Invoker.invokeMethod(Invoker.java:643)
	at org.testng.internal.Invoker.invokeTestMethod(Invoker.java:820)
	at org.testng.internal.Invoker.invokeTestMethods(Invoker.java:1128)
	at org.testng.internal.TestMethodWorker.invokeTestMethods(TestMethodWorker.java:129)
	at org.testng.internal.TestMethodWorker.run(TestMethodWorker.java:112)
	at org.testng.TestRunner.privateRun(TestRunner.java:782)
	at org.testng.TestRunner.run(TestRunner.java:632)
	at org.testng.SuiteRunner.runTest(SuiteRunner.java:366)
	at org.testng.SuiteRunner.runSequentially(SuiteRunner.java:361)
	at org.testng.SuiteRunner.privateRun(SuiteRunner.java:319)
	at org.testng.SuiteRunner.run(SuiteRunner.java:268)
	at org.testng.SuiteRunnerWorker.runSuite(SuiteRunnerWorker.java:52)
	at org.testng.SuiteRunnerWorker.run(SuiteRunnerWorker.java:86)
	at org.testng.TestNG.runSuitesSequentially(TestNG.java:1244)
	at org.testng.TestNG.runSuitesLocally(TestNG.java:1169)
	at org.testng.TestNG.run(TestNG.java:1064)
	at org.apache.maven.surefire.testng.TestNGExecutor.run(TestNGExecutor.java:115)
	at org.apache.maven.surefire.testng.TestNGDirectoryTestSuite.executeMulti(TestNGDirectoryTestSuite.java:204)
	at org.apache.maven.surefire.testng.TestNGDirectoryTestSuite.execute(TestNGDirectoryTestSuite.java:107)
	at org.apache.maven.surefire.testng.TestNGProvider.invoke(TestNGProvider.java:112)
	at org.apache.maven.surefire.booter.ForkedBooter.invokeProviderInSameClassLoader(ForkedBooter.java:200)
	at org.apache.maven.surefire.booter.ForkedBooter.runSuitesInProcess(ForkedBooter.java:153)
	at org.apache.maven.surefire.booter.ForkedBooter.main(ForkedBooter.java:103)
</pre></div></td>
<td>0</td>
<td>MTSATests.controller.UpdatingControllersTests@4cc0edeb</td></tr>
<tr>
<td title='MTSATests.controller.UpdatingControllersTests.checkUpdatingFormula()'><b>checkUpdatingFormula</b><br>Test class: MTSATests.controller.UpdatingControllersTests<br>Parameters: /ltsa/dist/examples/ControllerUpdate/Tests/productionCell_test</td>
<td><div><pre>java.io.FileNotFoundException: /Users/Claudio1/Documents/School/University/Postdoc/Software/COVER/MTSA/mtsa/maven-root/mtsa/ltsa/dist/examples/ControllerUpdate/Tests/productionCell_test.lts (No such file or directory)
	at java.io.FileInputStream.open0(Native Method)
	at java.io.FileInputStream.open(FileInputStream.java:195)
	at java.io.FileInputStream.&lt;init&gt;(FileInputStream.java:138)
	at ltsa.ui.FileInput.&lt;init&gt;(FileInput.java:19)
	at MTSAClient.ac.ic.doc.mtsa.MTSCompiler.compileCompositeState(MTSCompiler.java:37)
	at MTSATests.controller.UpdatingControllersTests.checkUpdatingFormula(UpdatingControllersTests.java:113)
... Removed 28 stack frames</pre></div><a href='#' onClick='toggleBox("stack-trace1836797772", this, "Click to show all stack frames", "Click to hide stack frames")'>Click to show all stack frames</a>
<div class='stack-trace' id='stack-trace1836797772'><pre>java.io.FileNotFoundException: /Users/Claudio1/Documents/School/University/Postdoc/Software/COVER/MTSA/mtsa/maven-root/mtsa/ltsa/dist/examples/ControllerUpdate/Tests/productionCell_test.lts (No such file or directory)
	at java.io.FileInputStream.open0(Native Method)
	at java.io.FileInputStream.open(FileInputStream.java:195)
	at java.io.FileInputStream.&lt;init&gt;(FileInputStream.java:138)
	at ltsa.ui.FileInput.&lt;init&gt;(FileInput.java:19)
	at MTSAClient.ac.ic.doc.mtsa.MTSCompiler.compileCompositeState(MTSCompiler.java:37)
	at MTSATests.controller.UpdatingControllersTests.checkUpdatingFormula(UpdatingControllersTests.java:113)
	at sun.reflect.NativeMethodAccessorImpl.invoke0(Native Method)
	at sun.reflect.NativeMethodAccessorImpl.invoke(NativeMethodAccessorImpl.java:62)
	at sun.reflect.DelegatingMethodAccessorImpl.invoke(DelegatingMethodAccessorImpl.java:43)
	at java.lang.reflect.Method.invoke(Method.java:497)
	at org.testng.internal.MethodInvocationHelper.invokeMethod(MethodInvocationHelper.java:86)
	at org.testng.internal.Invoker.invokeMethod(Invoker.java:643)
	at org.testng.internal.Invoker.invokeTestMethod(Invoker.java:820)
	at org.testng.internal.Invoker.invokeTestMethods(Invoker.java:1128)
	at org.testng.internal.TestMethodWorker.invokeTestMethods(TestMethodWorker.java:129)
	at org.testng.internal.TestMethodWorker.run(TestMethodWorker.java:112)
	at org.testng.TestRunner.privateRun(TestRunner.java:782)
	at org.testng.TestRunner.run(TestRunner.java:632)
	at org.testng.SuiteRunner.runTest(SuiteRunner.java:366)
	at org.testng.SuiteRunner.runSequentially(SuiteRunner.java:361)
	at org.testng.SuiteRunner.privateRun(SuiteRunner.java:319)
	at org.testng.SuiteRunner.run(SuiteRunner.java:268)
	at org.testng.SuiteRunnerWorker.runSuite(SuiteRunnerWorker.java:52)
	at org.testng.SuiteRunnerWorker.run(SuiteRunnerWorker.java:86)
	at org.testng.TestNG.runSuitesSequentially(TestNG.java:1244)
	at org.testng.TestNG.runSuitesLocally(TestNG.java:1169)
	at org.testng.TestNG.run(TestNG.java:1064)
	at org.apache.maven.surefire.testng.TestNGExecutor.run(TestNGExecutor.java:115)
	at org.apache.maven.surefire.testng.TestNGDirectoryTestSuite.executeMulti(TestNGDirectoryTestSuite.java:204)
	at org.apache.maven.surefire.testng.TestNGDirectoryTestSuite.execute(TestNGDirectoryTestSuite.java:107)
	at org.apache.maven.surefire.testng.TestNGProvider.invoke(TestNGProvider.java:112)
	at org.apache.maven.surefire.booter.ForkedBooter.invokeProviderInSameClassLoader(ForkedBooter.java:200)
	at org.apache.maven.surefire.booter.ForkedBooter.runSuitesInProcess(ForkedBooter.java:153)
	at org.apache.maven.surefire.booter.ForkedBooter.main(ForkedBooter.java:103)
</pre></div></td>
<td>0</td>
<td>MTSATests.controller.UpdatingControllersTests@4cc0edeb</td></tr>
<tr>
<td title='MTSATests.controller.UpdatingControllersTests.checkUpdatingFormula()'><b>checkUpdatingFormula</b><br>Test class: MTSATests.controller.UpdatingControllersTests<br>Parameters: /ltsa/dist/examples/ControllerUpdate/Ghezzi/2015-FSE-PowerPlant-Ghezzi2013</td>
<td><div><pre>java.io.FileNotFoundException: /Users/Claudio1/Documents/School/University/Postdoc/Software/COVER/MTSA/mtsa/maven-root/mtsa/ltsa/dist/examples/ControllerUpdate/Ghezzi/2015-FSE-PowerPlant-Ghezzi2013.lts (No such file or directory)
	at java.io.FileInputStream.open0(Native Method)
	at java.io.FileInputStream.open(FileInputStream.java:195)
	at java.io.FileInputStream.&lt;init&gt;(FileInputStream.java:138)
	at ltsa.ui.FileInput.&lt;init&gt;(FileInput.java:19)
	at MTSAClient.ac.ic.doc.mtsa.MTSCompiler.compileCompositeState(MTSCompiler.java:37)
	at MTSATests.controller.UpdatingControllersTests.checkUpdatingFormula(UpdatingControllersTests.java:113)
... Removed 28 stack frames</pre></div><a href='#' onClick='toggleBox("stack-trace1383547042", this, "Click to show all stack frames", "Click to hide stack frames")'>Click to show all stack frames</a>
<div class='stack-trace' id='stack-trace1383547042'><pre>java.io.FileNotFoundException: /Users/Claudio1/Documents/School/University/Postdoc/Software/COVER/MTSA/mtsa/maven-root/mtsa/ltsa/dist/examples/ControllerUpdate/Ghezzi/2015-FSE-PowerPlant-Ghezzi2013.lts (No such file or directory)
	at java.io.FileInputStream.open0(Native Method)
	at java.io.FileInputStream.open(FileInputStream.java:195)
	at java.io.FileInputStream.&lt;init&gt;(FileInputStream.java:138)
	at ltsa.ui.FileInput.&lt;init&gt;(FileInput.java:19)
	at MTSAClient.ac.ic.doc.mtsa.MTSCompiler.compileCompositeState(MTSCompiler.java:37)
	at MTSATests.controller.UpdatingControllersTests.checkUpdatingFormula(UpdatingControllersTests.java:113)
	at sun.reflect.NativeMethodAccessorImpl.invoke0(Native Method)
	at sun.reflect.NativeMethodAccessorImpl.invoke(NativeMethodAccessorImpl.java:62)
	at sun.reflect.DelegatingMethodAccessorImpl.invoke(DelegatingMethodAccessorImpl.java:43)
	at java.lang.reflect.Method.invoke(Method.java:497)
	at org.testng.internal.MethodInvocationHelper.invokeMethod(MethodInvocationHelper.java:86)
	at org.testng.internal.Invoker.invokeMethod(Invoker.java:643)
	at org.testng.internal.Invoker.invokeTestMethod(Invoker.java:820)
	at org.testng.internal.Invoker.invokeTestMethods(Invoker.java:1128)
	at org.testng.internal.TestMethodWorker.invokeTestMethods(TestMethodWorker.java:129)
	at org.testng.internal.TestMethodWorker.run(TestMethodWorker.java:112)
	at org.testng.TestRunner.privateRun(TestRunner.java:782)
	at org.testng.TestRunner.run(TestRunner.java:632)
	at org.testng.SuiteRunner.runTest(SuiteRunner.java:366)
	at org.testng.SuiteRunner.runSequentially(SuiteRunner.java:361)
	at org.testng.SuiteRunner.privateRun(SuiteRunner.java:319)
	at org.testng.SuiteRunner.run(SuiteRunner.java:268)
	at org.testng.SuiteRunnerWorker.runSuite(SuiteRunnerWorker.java:52)
	at org.testng.SuiteRunnerWorker.run(SuiteRunnerWorker.java:86)
	at org.testng.TestNG.runSuitesSequentially(TestNG.java:1244)
	at org.testng.TestNG.runSuitesLocally(TestNG.java:1169)
	at org.testng.TestNG.run(TestNG.java:1064)
	at org.apache.maven.surefire.testng.TestNGExecutor.run(TestNGExecutor.java:115)
	at org.apache.maven.surefire.testng.TestNGDirectoryTestSuite.executeMulti(TestNGDirectoryTestSuite.java:204)
	at org.apache.maven.surefire.testng.TestNGDirectoryTestSuite.execute(TestNGDirectoryTestSuite.java:107)
	at org.apache.maven.surefire.testng.TestNGProvider.invoke(TestNGProvider.java:112)
	at org.apache.maven.surefire.booter.ForkedBooter.invokeProviderInSameClassLoader(ForkedBooter.java:200)
	at org.apache.maven.surefire.booter.ForkedBooter.runSuitesInProcess(ForkedBooter.java:153)
	at org.apache.maven.surefire.booter.ForkedBooter.main(ForkedBooter.java:103)
</pre></div></td>
<td>0</td>
<td>MTSATests.controller.UpdatingControllersTests@4cc0edeb</td></tr>
<tr>
<td title='MTSATests.controller.UpdatingControllersTests.checkUpdatingFormula()'><b>checkUpdatingFormula</b><br>Test class: MTSATests.controller.UpdatingControllersTests<br>Parameters: /ltsa/dist/examples/ControllerUpdate/Ghezzi/2015-FSE-Railcab-Ghezzi2012</td>
<td><div><pre>java.io.FileNotFoundException: /Users/Claudio1/Documents/School/University/Postdoc/Software/COVER/MTSA/mtsa/maven-root/mtsa/ltsa/dist/examples/ControllerUpdate/Ghezzi/2015-FSE-Railcab-Ghezzi2012.lts (No such file or directory)
	at java.io.FileInputStream.open0(Native Method)
	at java.io.FileInputStream.open(FileInputStream.java:195)
	at java.io.FileInputStream.&lt;init&gt;(FileInputStream.java:138)
	at ltsa.ui.FileInput.&lt;init&gt;(FileInput.java:19)
	at MTSAClient.ac.ic.doc.mtsa.MTSCompiler.compileCompositeState(MTSCompiler.java:37)
	at MTSATests.controller.UpdatingControllersTests.checkUpdatingFormula(UpdatingControllersTests.java:113)
... Removed 28 stack frames</pre></div><a href='#' onClick='toggleBox("stack-trace329645619", this, "Click to show all stack frames", "Click to hide stack frames")'>Click to show all stack frames</a>
<div class='stack-trace' id='stack-trace329645619'><pre>java.io.FileNotFoundException: /Users/Claudio1/Documents/School/University/Postdoc/Software/COVER/MTSA/mtsa/maven-root/mtsa/ltsa/dist/examples/ControllerUpdate/Ghezzi/2015-FSE-Railcab-Ghezzi2012.lts (No such file or directory)
	at java.io.FileInputStream.open0(Native Method)
	at java.io.FileInputStream.open(FileInputStream.java:195)
	at java.io.FileInputStream.&lt;init&gt;(FileInputStream.java:138)
	at ltsa.ui.FileInput.&lt;init&gt;(FileInput.java:19)
	at MTSAClient.ac.ic.doc.mtsa.MTSCompiler.compileCompositeState(MTSCompiler.java:37)
	at MTSATests.controller.UpdatingControllersTests.checkUpdatingFormula(UpdatingControllersTests.java:113)
	at sun.reflect.NativeMethodAccessorImpl.invoke0(Native Method)
	at sun.reflect.NativeMethodAccessorImpl.invoke(NativeMethodAccessorImpl.java:62)
	at sun.reflect.DelegatingMethodAccessorImpl.invoke(DelegatingMethodAccessorImpl.java:43)
	at java.lang.reflect.Method.invoke(Method.java:497)
	at org.testng.internal.MethodInvocationHelper.invokeMethod(MethodInvocationHelper.java:86)
	at org.testng.internal.Invoker.invokeMethod(Invoker.java:643)
	at org.testng.internal.Invoker.invokeTestMethod(Invoker.java:820)
	at org.testng.internal.Invoker.invokeTestMethods(Invoker.java:1128)
	at org.testng.internal.TestMethodWorker.invokeTestMethods(TestMethodWorker.java:129)
	at org.testng.internal.TestMethodWorker.run(TestMethodWorker.java:112)
	at org.testng.TestRunner.privateRun(TestRunner.java:782)
	at org.testng.TestRunner.run(TestRunner.java:632)
	at org.testng.SuiteRunner.runTest(SuiteRunner.java:366)
	at org.testng.SuiteRunner.runSequentially(SuiteRunner.java:361)
	at org.testng.SuiteRunner.privateRun(SuiteRunner.java:319)
	at org.testng.SuiteRunner.run(SuiteRunner.java:268)
	at org.testng.SuiteRunnerWorker.runSuite(SuiteRunnerWorker.java:52)
	at org.testng.SuiteRunnerWorker.run(SuiteRunnerWorker.java:86)
	at org.testng.TestNG.runSuitesSequentially(TestNG.java:1244)
	at org.testng.TestNG.runSuitesLocally(TestNG.java:1169)
	at org.testng.TestNG.run(TestNG.java:1064)
	at org.apache.maven.surefire.testng.TestNGExecutor.run(TestNGExecutor.java:115)
	at org.apache.maven.surefire.testng.TestNGDirectoryTestSuite.executeMulti(TestNGDirectoryTestSuite.java:204)
	at org.apache.maven.surefire.testng.TestNGDirectoryTestSuite.execute(TestNGDirectoryTestSuite.java:107)
	at org.apache.maven.surefire.testng.TestNGProvider.invoke(TestNGProvider.java:112)
	at org.apache.maven.surefire.booter.ForkedBooter.invokeProviderInSameClassLoader(ForkedBooter.java:200)
	at org.apache.maven.surefire.booter.ForkedBooter.runSuitesInProcess(ForkedBooter.java:153)
	at org.apache.maven.surefire.booter.ForkedBooter.main(ForkedBooter.java:103)
</pre></div></td>
<td>0</td>
<td>MTSATests.controller.UpdatingControllersTests@4cc0edeb</td></tr>
<tr>
<td title='MTSATests.controller.UpdatingControllersTests.checkUpdatingFormula()'><b>checkUpdatingFormula</b><br>Test class: MTSATests.controller.UpdatingControllersTests<br>Parameters: /ltsa/dist/examples/ControllerUpdate/2015-FSE-Workflow</td>
<td><div><pre>java.io.FileNotFoundException: /Users/Claudio1/Documents/School/University/Postdoc/Software/COVER/MTSA/mtsa/maven-root/mtsa/ltsa/dist/examples/ControllerUpdate/2015-FSE-Workflow.lts (No such file or directory)
	at java.io.FileInputStream.open0(Native Method)
	at java.io.FileInputStream.open(FileInputStream.java:195)
	at java.io.FileInputStream.&lt;init&gt;(FileInputStream.java:138)
	at ltsa.ui.FileInput.&lt;init&gt;(FileInput.java:19)
	at MTSAClient.ac.ic.doc.mtsa.MTSCompiler.compileCompositeState(MTSCompiler.java:37)
	at MTSATests.controller.UpdatingControllersTests.checkUpdatingFormula(UpdatingControllersTests.java:113)
... Removed 28 stack frames</pre></div><a href='#' onClick='toggleBox("stack-trace3213500", this, "Click to show all stack frames", "Click to hide stack frames")'>Click to show all stack frames</a>
<div class='stack-trace' id='stack-trace3213500'><pre>java.io.FileNotFoundException: /Users/Claudio1/Documents/School/University/Postdoc/Software/COVER/MTSA/mtsa/maven-root/mtsa/ltsa/dist/examples/ControllerUpdate/2015-FSE-Workflow.lts (No such file or directory)
	at java.io.FileInputStream.open0(Native Method)
	at java.io.FileInputStream.open(FileInputStream.java:195)
	at java.io.FileInputStream.&lt;init&gt;(FileInputStream.java:138)
	at ltsa.ui.FileInput.&lt;init&gt;(FileInput.java:19)
	at MTSAClient.ac.ic.doc.mtsa.MTSCompiler.compileCompositeState(MTSCompiler.java:37)
	at MTSATests.controller.UpdatingControllersTests.checkUpdatingFormula(UpdatingControllersTests.java:113)
	at sun.reflect.NativeMethodAccessorImpl.invoke0(Native Method)
	at sun.reflect.NativeMethodAccessorImpl.invoke(NativeMethodAccessorImpl.java:62)
	at sun.reflect.DelegatingMethodAccessorImpl.invoke(DelegatingMethodAccessorImpl.java:43)
	at java.lang.reflect.Method.invoke(Method.java:497)
	at org.testng.internal.MethodInvocationHelper.invokeMethod(MethodInvocationHelper.java:86)
	at org.testng.internal.Invoker.invokeMethod(Invoker.java:643)
	at org.testng.internal.Invoker.invokeTestMethod(Invoker.java:820)
	at org.testng.internal.Invoker.invokeTestMethods(Invoker.java:1128)
	at org.testng.internal.TestMethodWorker.invokeTestMethods(TestMethodWorker.java:129)
	at org.testng.internal.TestMethodWorker.run(TestMethodWorker.java:112)
	at org.testng.TestRunner.privateRun(TestRunner.java:782)
	at org.testng.TestRunner.run(TestRunner.java:632)
	at org.testng.SuiteRunner.runTest(SuiteRunner.java:366)
	at org.testng.SuiteRunner.runSequentially(SuiteRunner.java:361)
	at org.testng.SuiteRunner.privateRun(SuiteRunner.java:319)
	at org.testng.SuiteRunner.run(SuiteRunner.java:268)
	at org.testng.SuiteRunnerWorker.runSuite(SuiteRunnerWorker.java:52)
	at org.testng.SuiteRunnerWorker.run(SuiteRunnerWorker.java:86)
	at org.testng.TestNG.runSuitesSequentially(TestNG.java:1244)
	at org.testng.TestNG.runSuitesLocally(TestNG.java:1169)
	at org.testng.TestNG.run(TestNG.java:1064)
	at org.apache.maven.surefire.testng.TestNGExecutor.run(TestNGExecutor.java:115)
	at org.apache.maven.surefire.testng.TestNGDirectoryTestSuite.executeMulti(TestNGDirectoryTestSuite.java:204)
	at org.apache.maven.surefire.testng.TestNGDirectoryTestSuite.execute(TestNGDirectoryTestSuite.java:107)
	at org.apache.maven.surefire.testng.TestNGProvider.invoke(TestNGProvider.java:112)
	at org.apache.maven.surefire.booter.ForkedBooter.invokeProviderInSameClassLoader(ForkedBooter.java:200)
	at org.apache.maven.surefire.booter.ForkedBooter.runSuitesInProcess(ForkedBooter.java:153)
	at org.apache.maven.surefire.booter.ForkedBooter.main(ForkedBooter.java:103)
</pre></div></td>
<td>0</td>
<td>MTSATests.controller.UpdatingControllersTests@4cc0edeb</td></tr>
<tr>
<td title='MTSATests.controller.UpdatingControllersTests.checkUpdatingFormula()'><b>checkUpdatingFormula</b><br>Test class: MTSATests.controller.UpdatingControllersTests<br>Parameters: /ltsa/dist/examples/ControllerUpdate/2015-Tokyo/colorBallsTransfer</td>
<td><div><pre>java.io.FileNotFoundException: /Users/Claudio1/Documents/School/University/Postdoc/Software/COVER/MTSA/mtsa/maven-root/mtsa/ltsa/dist/examples/ControllerUpdate/2015-Tokyo/colorBallsTransfer.lts (No such file or directory)
	at java.io.FileInputStream.open0(Native Method)
	at java.io.FileInputStream.open(FileInputStream.java:195)
	at java.io.FileInputStream.&lt;init&gt;(FileInputStream.java:138)
	at ltsa.ui.FileInput.&lt;init&gt;(FileInput.java:19)
	at MTSAClient.ac.ic.doc.mtsa.MTSCompiler.compileCompositeState(MTSCompiler.java:37)
	at MTSATests.controller.UpdatingControllersTests.checkUpdatingFormula(UpdatingControllersTests.java:113)
... Removed 28 stack frames</pre></div><a href='#' onClick='toggleBox("stack-trace923219673", this, "Click to show all stack frames", "Click to hide stack frames")'>Click to show all stack frames</a>
<div class='stack-trace' id='stack-trace923219673'><pre>java.io.FileNotFoundException: /Users/Claudio1/Documents/School/University/Postdoc/Software/COVER/MTSA/mtsa/maven-root/mtsa/ltsa/dist/examples/ControllerUpdate/2015-Tokyo/colorBallsTransfer.lts (No such file or directory)
	at java.io.FileInputStream.open0(Native Method)
	at java.io.FileInputStream.open(FileInputStream.java:195)
	at java.io.FileInputStream.&lt;init&gt;(FileInputStream.java:138)
	at ltsa.ui.FileInput.&lt;init&gt;(FileInput.java:19)
	at MTSAClient.ac.ic.doc.mtsa.MTSCompiler.compileCompositeState(MTSCompiler.java:37)
	at MTSATests.controller.UpdatingControllersTests.checkUpdatingFormula(UpdatingControllersTests.java:113)
	at sun.reflect.NativeMethodAccessorImpl.invoke0(Native Method)
	at sun.reflect.NativeMethodAccessorImpl.invoke(NativeMethodAccessorImpl.java:62)
	at sun.reflect.DelegatingMethodAccessorImpl.invoke(DelegatingMethodAccessorImpl.java:43)
	at java.lang.reflect.Method.invoke(Method.java:497)
	at org.testng.internal.MethodInvocationHelper.invokeMethod(MethodInvocationHelper.java:86)
	at org.testng.internal.Invoker.invokeMethod(Invoker.java:643)
	at org.testng.internal.Invoker.invokeTestMethod(Invoker.java:820)
	at org.testng.internal.Invoker.invokeTestMethods(Invoker.java:1128)
	at org.testng.internal.TestMethodWorker.invokeTestMethods(TestMethodWorker.java:129)
	at org.testng.internal.TestMethodWorker.run(TestMethodWorker.java:112)
	at org.testng.TestRunner.privateRun(TestRunner.java:782)
	at org.testng.TestRunner.run(TestRunner.java:632)
	at org.testng.SuiteRunner.runTest(SuiteRunner.java:366)
	at org.testng.SuiteRunner.runSequentially(SuiteRunner.java:361)
	at org.testng.SuiteRunner.privateRun(SuiteRunner.java:319)
	at org.testng.SuiteRunner.run(SuiteRunner.java:268)
	at org.testng.SuiteRunnerWorker.runSuite(SuiteRunnerWorker.java:52)
	at org.testng.SuiteRunnerWorker.run(SuiteRunnerWorker.java:86)
	at org.testng.TestNG.runSuitesSequentially(TestNG.java:1244)
	at org.testng.TestNG.runSuitesLocally(TestNG.java:1169)
	at org.testng.TestNG.run(TestNG.java:1064)
	at org.apache.maven.surefire.testng.TestNGExecutor.run(TestNGExecutor.java:115)
	at org.apache.maven.surefire.testng.TestNGDirectoryTestSuite.executeMulti(TestNGDirectoryTestSuite.java:204)
	at org.apache.maven.surefire.testng.TestNGDirectoryTestSuite.execute(TestNGDirectoryTestSuite.java:107)
	at org.apache.maven.surefire.testng.TestNGProvider.invoke(TestNGProvider.java:112)
	at org.apache.maven.surefire.booter.ForkedBooter.invokeProviderInSameClassLoader(ForkedBooter.java:200)
	at org.apache.maven.surefire.booter.ForkedBooter.runSuitesInProcess(ForkedBooter.java:153)
	at org.apache.maven.surefire.booter.ForkedBooter.main(ForkedBooter.java:103)
</pre></div></td>
<td>0</td>
<td>MTSATests.controller.UpdatingControllersTests@4cc0edeb</td></tr>
<tr>
<td title='MTSATests.controller.UpdatingControllersTests.environmentTest()'><b>environmentTest</b><br>Test class: MTSATests.controller.UpdatingControllersTests<br>Parameters: /ltsa/dist/examples/ControllerUpdate/Tests/adding_actions_test</td>
<td><div><pre>java.io.FileNotFoundException: /Users/Claudio1/Documents/School/University/Postdoc/Software/COVER/MTSA/mtsa/maven-root/mtsa/ltsa/dist/examples/ControllerUpdate/Tests/adding_actions_test_env.lts (No such file or directory)
	at java.io.FileInputStream.open0(Native Method)
	at java.io.FileInputStream.open(FileInputStream.java:195)
	at java.io.FileInputStream.&lt;init&gt;(FileInputStream.java:138)
	at ltsa.ui.FileInput.&lt;init&gt;(FileInput.java:19)
	at MTSAClient.ac.ic.doc.mtsa.MTSCompiler.compileCompositeState(MTSCompiler.java:37)
	at MTSAClient.ac.ic.doc.mtsa.MTSCompiler.compileMTS(MTSCompiler.java:27)
	at MTSATests.controller.UpdatingControllersTests.environmentTest(UpdatingControllersTests.java:61)
... Removed 28 stack frames</pre></div><a href='#' onClick='toggleBox("stack-trace1604125387", this, "Click to show all stack frames", "Click to hide stack frames")'>Click to show all stack frames</a>
<div class='stack-trace' id='stack-trace1604125387'><pre>java.io.FileNotFoundException: /Users/Claudio1/Documents/School/University/Postdoc/Software/COVER/MTSA/mtsa/maven-root/mtsa/ltsa/dist/examples/ControllerUpdate/Tests/adding_actions_test_env.lts (No such file or directory)
	at java.io.FileInputStream.open0(Native Method)
	at java.io.FileInputStream.open(FileInputStream.java:195)
	at java.io.FileInputStream.&lt;init&gt;(FileInputStream.java:138)
	at ltsa.ui.FileInput.&lt;init&gt;(FileInput.java:19)
	at MTSAClient.ac.ic.doc.mtsa.MTSCompiler.compileCompositeState(MTSCompiler.java:37)
	at MTSAClient.ac.ic.doc.mtsa.MTSCompiler.compileMTS(MTSCompiler.java:27)
	at MTSATests.controller.UpdatingControllersTests.environmentTest(UpdatingControllersTests.java:61)
	at sun.reflect.NativeMethodAccessorImpl.invoke0(Native Method)
	at sun.reflect.NativeMethodAccessorImpl.invoke(NativeMethodAccessorImpl.java:62)
	at sun.reflect.DelegatingMethodAccessorImpl.invoke(DelegatingMethodAccessorImpl.java:43)
	at java.lang.reflect.Method.invoke(Method.java:497)
	at org.testng.internal.MethodInvocationHelper.invokeMethod(MethodInvocationHelper.java:86)
	at org.testng.internal.Invoker.invokeMethod(Invoker.java:643)
	at org.testng.internal.Invoker.invokeTestMethod(Invoker.java:820)
	at org.testng.internal.Invoker.invokeTestMethods(Invoker.java:1128)
	at org.testng.internal.TestMethodWorker.invokeTestMethods(TestMethodWorker.java:129)
	at org.testng.internal.TestMethodWorker.run(TestMethodWorker.java:112)
	at org.testng.TestRunner.privateRun(TestRunner.java:782)
	at org.testng.TestRunner.run(TestRunner.java:632)
	at org.testng.SuiteRunner.runTest(SuiteRunner.java:366)
	at org.testng.SuiteRunner.runSequentially(SuiteRunner.java:361)
	at org.testng.SuiteRunner.privateRun(SuiteRunner.java:319)
	at org.testng.SuiteRunner.run(SuiteRunner.java:268)
	at org.testng.SuiteRunnerWorker.runSuite(SuiteRunnerWorker.java:52)
	at org.testng.SuiteRunnerWorker.run(SuiteRunnerWorker.java:86)
	at org.testng.TestNG.runSuitesSequentially(TestNG.java:1244)
	at org.testng.TestNG.runSuitesLocally(TestNG.java:1169)
	at org.testng.TestNG.run(TestNG.java:1064)
	at org.apache.maven.surefire.testng.TestNGExecutor.run(TestNGExecutor.java:115)
	at org.apache.maven.surefire.testng.TestNGDirectoryTestSuite.executeMulti(TestNGDirectoryTestSuite.java:204)
	at org.apache.maven.surefire.testng.TestNGDirectoryTestSuite.execute(TestNGDirectoryTestSuite.java:107)
	at org.apache.maven.surefire.testng.TestNGProvider.invoke(TestNGProvider.java:112)
	at org.apache.maven.surefire.booter.ForkedBooter.invokeProviderInSameClassLoader(ForkedBooter.java:200)
	at org.apache.maven.surefire.booter.ForkedBooter.runSuitesInProcess(ForkedBooter.java:153)
	at org.apache.maven.surefire.booter.ForkedBooter.main(ForkedBooter.java:103)
</pre></div></td>
<td>0</td>
<td>MTSATests.controller.UpdatingControllersTests@4cc0edeb</td></tr>
<tr>
<td title='MTSATests.controller.UpdatingControllersTests.environmentTest()'><b>environmentTest</b><br>Test class: MTSATests.controller.UpdatingControllersTests<br>Parameters: /ltsa/dist/examples/ControllerUpdate/Tests/removing_actions_test</td>
<td><div><pre>java.io.FileNotFoundException: /Users/Claudio1/Documents/School/University/Postdoc/Software/COVER/MTSA/mtsa/maven-root/mtsa/ltsa/dist/examples/ControllerUpdate/Tests/removing_actions_test_env.lts (No such file or directory)
	at java.io.FileInputStream.open0(Native Method)
	at java.io.FileInputStream.open(FileInputStream.java:195)
	at java.io.FileInputStream.&lt;init&gt;(FileInputStream.java:138)
	at ltsa.ui.FileInput.&lt;init&gt;(FileInput.java:19)
	at MTSAClient.ac.ic.doc.mtsa.MTSCompiler.compileCompositeState(MTSCompiler.java:37)
	at MTSAClient.ac.ic.doc.mtsa.MTSCompiler.compileMTS(MTSCompiler.java:27)
	at MTSATests.controller.UpdatingControllersTests.environmentTest(UpdatingControllersTests.java:61)
... Removed 28 stack frames</pre></div><a href='#' onClick='toggleBox("stack-trace1668627309", this, "Click to show all stack frames", "Click to hide stack frames")'>Click to show all stack frames</a>
<div class='stack-trace' id='stack-trace1668627309'><pre>java.io.FileNotFoundException: /Users/Claudio1/Documents/School/University/Postdoc/Software/COVER/MTSA/mtsa/maven-root/mtsa/ltsa/dist/examples/ControllerUpdate/Tests/removing_actions_test_env.lts (No such file or directory)
	at java.io.FileInputStream.open0(Native Method)
	at java.io.FileInputStream.open(FileInputStream.java:195)
	at java.io.FileInputStream.&lt;init&gt;(FileInputStream.java:138)
	at ltsa.ui.FileInput.&lt;init&gt;(FileInput.java:19)
	at MTSAClient.ac.ic.doc.mtsa.MTSCompiler.compileCompositeState(MTSCompiler.java:37)
	at MTSAClient.ac.ic.doc.mtsa.MTSCompiler.compileMTS(MTSCompiler.java:27)
	at MTSATests.controller.UpdatingControllersTests.environmentTest(UpdatingControllersTests.java:61)
	at sun.reflect.NativeMethodAccessorImpl.invoke0(Native Method)
	at sun.reflect.NativeMethodAccessorImpl.invoke(NativeMethodAccessorImpl.java:62)
	at sun.reflect.DelegatingMethodAccessorImpl.invoke(DelegatingMethodAccessorImpl.java:43)
	at java.lang.reflect.Method.invoke(Method.java:497)
	at org.testng.internal.MethodInvocationHelper.invokeMethod(MethodInvocationHelper.java:86)
	at org.testng.internal.Invoker.invokeMethod(Invoker.java:643)
	at org.testng.internal.Invoker.invokeTestMethod(Invoker.java:820)
	at org.testng.internal.Invoker.invokeTestMethods(Invoker.java:1128)
	at org.testng.internal.TestMethodWorker.invokeTestMethods(TestMethodWorker.java:129)
	at org.testng.internal.TestMethodWorker.run(TestMethodWorker.java:112)
	at org.testng.TestRunner.privateRun(TestRunner.java:782)
	at org.testng.TestRunner.run(TestRunner.java:632)
	at org.testng.SuiteRunner.runTest(SuiteRunner.java:366)
	at org.testng.SuiteRunner.runSequentially(SuiteRunner.java:361)
	at org.testng.SuiteRunner.privateRun(SuiteRunner.java:319)
	at org.testng.SuiteRunner.run(SuiteRunner.java:268)
	at org.testng.SuiteRunnerWorker.runSuite(SuiteRunnerWorker.java:52)
	at org.testng.SuiteRunnerWorker.run(SuiteRunnerWorker.java:86)
	at org.testng.TestNG.runSuitesSequentially(TestNG.java:1244)
	at org.testng.TestNG.runSuitesLocally(TestNG.java:1169)
	at org.testng.TestNG.run(TestNG.java:1064)
	at org.apache.maven.surefire.testng.TestNGExecutor.run(TestNGExecutor.java:115)
	at org.apache.maven.surefire.testng.TestNGDirectoryTestSuite.executeMulti(TestNGDirectoryTestSuite.java:204)
	at org.apache.maven.surefire.testng.TestNGDirectoryTestSuite.execute(TestNGDirectoryTestSuite.java:107)
	at org.apache.maven.surefire.testng.TestNGProvider.invoke(TestNGProvider.java:112)
	at org.apache.maven.surefire.booter.ForkedBooter.invokeProviderInSameClassLoader(ForkedBooter.java:200)
	at org.apache.maven.surefire.booter.ForkedBooter.runSuitesInProcess(ForkedBooter.java:153)
	at org.apache.maven.surefire.booter.ForkedBooter.main(ForkedBooter.java:103)
</pre></div></td>
<td>0</td>
<td>MTSATests.controller.UpdatingControllersTests@4cc0edeb</td></tr>
<tr>
<td title='MTSATests.controller.UpdatingControllersTests.environmentTest()'><b>environmentTest</b><br>Test class: MTSATests.controller.UpdatingControllersTests<br>Parameters: /ltsa/dist/examples/ControllerUpdate/Tests/UAV_test</td>
<td><div><pre>java.io.FileNotFoundException: /Users/Claudio1/Documents/School/University/Postdoc/Software/COVER/MTSA/mtsa/maven-root/mtsa/ltsa/dist/examples/ControllerUpdate/Tests/UAV_test_env.lts (No such file or directory)
	at java.io.FileInputStream.open0(Native Method)
	at java.io.FileInputStream.open(FileInputStream.java:195)
	at java.io.FileInputStream.&lt;init&gt;(FileInputStream.java:138)
	at ltsa.ui.FileInput.&lt;init&gt;(FileInput.java:19)
	at MTSAClient.ac.ic.doc.mtsa.MTSCompiler.compileCompositeState(MTSCompiler.java:37)
	at MTSAClient.ac.ic.doc.mtsa.MTSCompiler.compileMTS(MTSCompiler.java:27)
	at MTSATests.controller.UpdatingControllersTests.environmentTest(UpdatingControllersTests.java:61)
... Removed 28 stack frames</pre></div><a href='#' onClick='toggleBox("stack-trace1795799895", this, "Click to show all stack frames", "Click to hide stack frames")'>Click to show all stack frames</a>
<div class='stack-trace' id='stack-trace1795799895'><pre>java.io.FileNotFoundException: /Users/Claudio1/Documents/School/University/Postdoc/Software/COVER/MTSA/mtsa/maven-root/mtsa/ltsa/dist/examples/ControllerUpdate/Tests/UAV_test_env.lts (No such file or directory)
	at java.io.FileInputStream.open0(Native Method)
	at java.io.FileInputStream.open(FileInputStream.java:195)
	at java.io.FileInputStream.&lt;init&gt;(FileInputStream.java:138)
	at ltsa.ui.FileInput.&lt;init&gt;(FileInput.java:19)
	at MTSAClient.ac.ic.doc.mtsa.MTSCompiler.compileCompositeState(MTSCompiler.java:37)
	at MTSAClient.ac.ic.doc.mtsa.MTSCompiler.compileMTS(MTSCompiler.java:27)
	at MTSATests.controller.UpdatingControllersTests.environmentTest(UpdatingControllersTests.java:61)
	at sun.reflect.NativeMethodAccessorImpl.invoke0(Native Method)
	at sun.reflect.NativeMethodAccessorImpl.invoke(NativeMethodAccessorImpl.java:62)
	at sun.reflect.DelegatingMethodAccessorImpl.invoke(DelegatingMethodAccessorImpl.java:43)
	at java.lang.reflect.Method.invoke(Method.java:497)
	at org.testng.internal.MethodInvocationHelper.invokeMethod(MethodInvocationHelper.java:86)
	at org.testng.internal.Invoker.invokeMethod(Invoker.java:643)
	at org.testng.internal.Invoker.invokeTestMethod(Invoker.java:820)
	at org.testng.internal.Invoker.invokeTestMethods(Invoker.java:1128)
	at org.testng.internal.TestMethodWorker.invokeTestMethods(TestMethodWorker.java:129)
	at org.testng.internal.TestMethodWorker.run(TestMethodWorker.java:112)
	at org.testng.TestRunner.privateRun(TestRunner.java:782)
	at org.testng.TestRunner.run(TestRunner.java:632)
	at org.testng.SuiteRunner.runTest(SuiteRunner.java:366)
	at org.testng.SuiteRunner.runSequentially(SuiteRunner.java:361)
	at org.testng.SuiteRunner.privateRun(SuiteRunner.java:319)
	at org.testng.SuiteRunner.run(SuiteRunner.java:268)
	at org.testng.SuiteRunnerWorker.runSuite(SuiteRunnerWorker.java:52)
	at org.testng.SuiteRunnerWorker.run(SuiteRunnerWorker.java:86)
	at org.testng.TestNG.runSuitesSequentially(TestNG.java:1244)
	at org.testng.TestNG.runSuitesLocally(TestNG.java:1169)
	at org.testng.TestNG.run(TestNG.java:1064)
	at org.apache.maven.surefire.testng.TestNGExecutor.run(TestNGExecutor.java:115)
	at org.apache.maven.surefire.testng.TestNGDirectoryTestSuite.executeMulti(TestNGDirectoryTestSuite.java:204)
	at org.apache.maven.surefire.testng.TestNGDirectoryTestSuite.execute(TestNGDirectoryTestSuite.java:107)
	at org.apache.maven.surefire.testng.TestNGProvider.invoke(TestNGProvider.java:112)
	at org.apache.maven.surefire.booter.ForkedBooter.invokeProviderInSameClassLoader(ForkedBooter.java:200)
	at org.apache.maven.surefire.booter.ForkedBooter.runSuitesInProcess(ForkedBooter.java:153)
	at org.apache.maven.surefire.booter.ForkedBooter.main(ForkedBooter.java:103)
</pre></div></td>
<td>0</td>
<td>MTSATests.controller.UpdatingControllersTests@4cc0edeb</td></tr>
<tr>
<td title='MTSATests.controller.UpdatingControllersTests.environmentTest()'><b>environmentTest</b><br>Test class: MTSATests.controller.UpdatingControllersTests<br>Parameters: /ltsa/dist/examples/ControllerUpdate/Tests/productionCell_test</td>
<td><div><pre>java.io.FileNotFoundException: /Users/Claudio1/Documents/School/University/Postdoc/Software/COVER/MTSA/mtsa/maven-root/mtsa/ltsa/dist/examples/ControllerUpdate/Tests/productionCell_test_env.lts (No such file or directory)
	at java.io.FileInputStream.open0(Native Method)
	at java.io.FileInputStream.open(FileInputStream.java:195)
	at java.io.FileInputStream.&lt;init&gt;(FileInputStream.java:138)
	at ltsa.ui.FileInput.&lt;init&gt;(FileInput.java:19)
	at MTSAClient.ac.ic.doc.mtsa.MTSCompiler.compileCompositeState(MTSCompiler.java:37)
	at MTSAClient.ac.ic.doc.mtsa.MTSCompiler.compileMTS(MTSCompiler.java:27)
	at MTSATests.controller.UpdatingControllersTests.environmentTest(UpdatingControllersTests.java:61)
... Removed 28 stack frames</pre></div><a href='#' onClick='toggleBox("stack-trace1698097425", this, "Click to show all stack frames", "Click to hide stack frames")'>Click to show all stack frames</a>
<div class='stack-trace' id='stack-trace1698097425'><pre>java.io.FileNotFoundException: /Users/Claudio1/Documents/School/University/Postdoc/Software/COVER/MTSA/mtsa/maven-root/mtsa/ltsa/dist/examples/ControllerUpdate/Tests/productionCell_test_env.lts (No such file or directory)
	at java.io.FileInputStream.open0(Native Method)
	at java.io.FileInputStream.open(FileInputStream.java:195)
	at java.io.FileInputStream.&lt;init&gt;(FileInputStream.java:138)
	at ltsa.ui.FileInput.&lt;init&gt;(FileInput.java:19)
	at MTSAClient.ac.ic.doc.mtsa.MTSCompiler.compileCompositeState(MTSCompiler.java:37)
	at MTSAClient.ac.ic.doc.mtsa.MTSCompiler.compileMTS(MTSCompiler.java:27)
	at MTSATests.controller.UpdatingControllersTests.environmentTest(UpdatingControllersTests.java:61)
	at sun.reflect.NativeMethodAccessorImpl.invoke0(Native Method)
	at sun.reflect.NativeMethodAccessorImpl.invoke(NativeMethodAccessorImpl.java:62)
	at sun.reflect.DelegatingMethodAccessorImpl.invoke(DelegatingMethodAccessorImpl.java:43)
	at java.lang.reflect.Method.invoke(Method.java:497)
	at org.testng.internal.MethodInvocationHelper.invokeMethod(MethodInvocationHelper.java:86)
	at org.testng.internal.Invoker.invokeMethod(Invoker.java:643)
	at org.testng.internal.Invoker.invokeTestMethod(Invoker.java:820)
	at org.testng.internal.Invoker.invokeTestMethods(Invoker.java:1128)
	at org.testng.internal.TestMethodWorker.invokeTestMethods(TestMethodWorker.java:129)
	at org.testng.internal.TestMethodWorker.run(TestMethodWorker.java:112)
	at org.testng.TestRunner.privateRun(TestRunner.java:782)
	at org.testng.TestRunner.run(TestRunner.java:632)
	at org.testng.SuiteRunner.runTest(SuiteRunner.java:366)
	at org.testng.SuiteRunner.runSequentially(SuiteRunner.java:361)
	at org.testng.SuiteRunner.privateRun(SuiteRunner.java:319)
	at org.testng.SuiteRunner.run(SuiteRunner.java:268)
	at org.testng.SuiteRunnerWorker.runSuite(SuiteRunnerWorker.java:52)
	at org.testng.SuiteRunnerWorker.run(SuiteRunnerWorker.java:86)
	at org.testng.TestNG.runSuitesSequentially(TestNG.java:1244)
	at org.testng.TestNG.runSuitesLocally(TestNG.java:1169)
	at org.testng.TestNG.run(TestNG.java:1064)
	at org.apache.maven.surefire.testng.TestNGExecutor.run(TestNGExecutor.java:115)
	at org.apache.maven.surefire.testng.TestNGDirectoryTestSuite.executeMulti(TestNGDirectoryTestSuite.java:204)
	at org.apache.maven.surefire.testng.TestNGDirectoryTestSuite.execute(TestNGDirectoryTestSuite.java:107)
	at org.apache.maven.surefire.testng.TestNGProvider.invoke(TestNGProvider.java:112)
	at org.apache.maven.surefire.booter.ForkedBooter.invokeProviderInSameClassLoader(ForkedBooter.java:200)
	at org.apache.maven.surefire.booter.ForkedBooter.runSuitesInProcess(ForkedBooter.java:153)
	at org.apache.maven.surefire.booter.ForkedBooter.main(ForkedBooter.java:103)
</pre></div></td>
<td>0</td>
<td>MTSATests.controller.UpdatingControllersTests@4cc0edeb</td></tr>
<tr>
<td title='MTSATests.controller.UpdatingControllersTests.environmentTest()'><b>environmentTest</b><br>Test class: MTSATests.controller.UpdatingControllersTests<br>Parameters: /ltsa/dist/examples/ControllerUpdate/Ghezzi/2015-FSE-PowerPlant-Ghezzi2013</td>
<td><div><pre>java.io.FileNotFoundException: /Users/Claudio1/Documents/School/University/Postdoc/Software/COVER/MTSA/mtsa/maven-root/mtsa/ltsa/dist/examples/ControllerUpdate/Ghezzi/2015-FSE-PowerPlant-Ghezzi2013_env.lts (No such file or directory)
	at java.io.FileInputStream.open0(Native Method)
	at java.io.FileInputStream.open(FileInputStream.java:195)
	at java.io.FileInputStream.&lt;init&gt;(FileInputStream.java:138)
	at ltsa.ui.FileInput.&lt;init&gt;(FileInput.java:19)
	at MTSAClient.ac.ic.doc.mtsa.MTSCompiler.compileCompositeState(MTSCompiler.java:37)
	at MTSAClient.ac.ic.doc.mtsa.MTSCompiler.compileMTS(MTSCompiler.java:27)
	at MTSATests.controller.UpdatingControllersTests.environmentTest(UpdatingControllersTests.java:61)
... Removed 28 stack frames</pre></div><a href='#' onClick='toggleBox("stack-trace1376400422", this, "Click to show all stack frames", "Click to hide stack frames")'>Click to show all stack frames</a>
<div class='stack-trace' id='stack-trace1376400422'><pre>java.io.FileNotFoundException: /Users/Claudio1/Documents/School/University/Postdoc/Software/COVER/MTSA/mtsa/maven-root/mtsa/ltsa/dist/examples/ControllerUpdate/Ghezzi/2015-FSE-PowerPlant-Ghezzi2013_env.lts (No such file or directory)
	at java.io.FileInputStream.open0(Native Method)
	at java.io.FileInputStream.open(FileInputStream.java:195)
	at java.io.FileInputStream.&lt;init&gt;(FileInputStream.java:138)
	at ltsa.ui.FileInput.&lt;init&gt;(FileInput.java:19)
	at MTSAClient.ac.ic.doc.mtsa.MTSCompiler.compileCompositeState(MTSCompiler.java:37)
	at MTSAClient.ac.ic.doc.mtsa.MTSCompiler.compileMTS(MTSCompiler.java:27)
	at MTSATests.controller.UpdatingControllersTests.environmentTest(UpdatingControllersTests.java:61)
	at sun.reflect.NativeMethodAccessorImpl.invoke0(Native Method)
	at sun.reflect.NativeMethodAccessorImpl.invoke(NativeMethodAccessorImpl.java:62)
	at sun.reflect.DelegatingMethodAccessorImpl.invoke(DelegatingMethodAccessorImpl.java:43)
	at java.lang.reflect.Method.invoke(Method.java:497)
	at org.testng.internal.MethodInvocationHelper.invokeMethod(MethodInvocationHelper.java:86)
	at org.testng.internal.Invoker.invokeMethod(Invoker.java:643)
	at org.testng.internal.Invoker.invokeTestMethod(Invoker.java:820)
	at org.testng.internal.Invoker.invokeTestMethods(Invoker.java:1128)
	at org.testng.internal.TestMethodWorker.invokeTestMethods(TestMethodWorker.java:129)
	at org.testng.internal.TestMethodWorker.run(TestMethodWorker.java:112)
	at org.testng.TestRunner.privateRun(TestRunner.java:782)
	at org.testng.TestRunner.run(TestRunner.java:632)
	at org.testng.SuiteRunner.runTest(SuiteRunner.java:366)
	at org.testng.SuiteRunner.runSequentially(SuiteRunner.java:361)
	at org.testng.SuiteRunner.privateRun(SuiteRunner.java:319)
	at org.testng.SuiteRunner.run(SuiteRunner.java:268)
	at org.testng.SuiteRunnerWorker.runSuite(SuiteRunnerWorker.java:52)
	at org.testng.SuiteRunnerWorker.run(SuiteRunnerWorker.java:86)
	at org.testng.TestNG.runSuitesSequentially(TestNG.java:1244)
	at org.testng.TestNG.runSuitesLocally(TestNG.java:1169)
	at org.testng.TestNG.run(TestNG.java:1064)
	at org.apache.maven.surefire.testng.TestNGExecutor.run(TestNGExecutor.java:115)
	at org.apache.maven.surefire.testng.TestNGDirectoryTestSuite.executeMulti(TestNGDirectoryTestSuite.java:204)
	at org.apache.maven.surefire.testng.TestNGDirectoryTestSuite.execute(TestNGDirectoryTestSuite.java:107)
	at org.apache.maven.surefire.testng.TestNGProvider.invoke(TestNGProvider.java:112)
	at org.apache.maven.surefire.booter.ForkedBooter.invokeProviderInSameClassLoader(ForkedBooter.java:200)
	at org.apache.maven.surefire.booter.ForkedBooter.runSuitesInProcess(ForkedBooter.java:153)
	at org.apache.maven.surefire.booter.ForkedBooter.main(ForkedBooter.java:103)
</pre></div></td>
<td>0</td>
<td>MTSATests.controller.UpdatingControllersTests@4cc0edeb</td></tr>
<tr>
<td title='MTSATests.controller.UpdatingControllersTests.environmentTest()'><b>environmentTest</b><br>Test class: MTSATests.controller.UpdatingControllersTests<br>Parameters: /ltsa/dist/examples/ControllerUpdate/Ghezzi/2015-FSE-Railcab-Ghezzi2012</td>
<td><div><pre>java.io.FileNotFoundException: /Users/Claudio1/Documents/School/University/Postdoc/Software/COVER/MTSA/mtsa/maven-root/mtsa/ltsa/dist/examples/ControllerUpdate/Ghezzi/2015-FSE-Railcab-Ghezzi2012_env.lts (No such file or directory)
	at java.io.FileInputStream.open0(Native Method)
	at java.io.FileInputStream.open(FileInputStream.java:195)
	at java.io.FileInputStream.&lt;init&gt;(FileInputStream.java:138)
	at ltsa.ui.FileInput.&lt;init&gt;(FileInput.java:19)
	at MTSAClient.ac.ic.doc.mtsa.MTSCompiler.compileCompositeState(MTSCompiler.java:37)
	at MTSAClient.ac.ic.doc.mtsa.MTSCompiler.compileMTS(MTSCompiler.java:27)
	at MTSATests.controller.UpdatingControllersTests.environmentTest(UpdatingControllersTests.java:61)
... Removed 28 stack frames</pre></div><a href='#' onClick='toggleBox("stack-trace418304857", this, "Click to show all stack frames", "Click to hide stack frames")'>Click to show all stack frames</a>
<div class='stack-trace' id='stack-trace418304857'><pre>java.io.FileNotFoundException: /Users/Claudio1/Documents/School/University/Postdoc/Software/COVER/MTSA/mtsa/maven-root/mtsa/ltsa/dist/examples/ControllerUpdate/Ghezzi/2015-FSE-Railcab-Ghezzi2012_env.lts (No such file or directory)
	at java.io.FileInputStream.open0(Native Method)
	at java.io.FileInputStream.open(FileInputStream.java:195)
	at java.io.FileInputStream.&lt;init&gt;(FileInputStream.java:138)
	at ltsa.ui.FileInput.&lt;init&gt;(FileInput.java:19)
	at MTSAClient.ac.ic.doc.mtsa.MTSCompiler.compileCompositeState(MTSCompiler.java:37)
	at MTSAClient.ac.ic.doc.mtsa.MTSCompiler.compileMTS(MTSCompiler.java:27)
	at MTSATests.controller.UpdatingControllersTests.environmentTest(UpdatingControllersTests.java:61)
	at sun.reflect.NativeMethodAccessorImpl.invoke0(Native Method)
	at sun.reflect.NativeMethodAccessorImpl.invoke(NativeMethodAccessorImpl.java:62)
	at sun.reflect.DelegatingMethodAccessorImpl.invoke(DelegatingMethodAccessorImpl.java:43)
	at java.lang.reflect.Method.invoke(Method.java:497)
	at org.testng.internal.MethodInvocationHelper.invokeMethod(MethodInvocationHelper.java:86)
	at org.testng.internal.Invoker.invokeMethod(Invoker.java:643)
	at org.testng.internal.Invoker.invokeTestMethod(Invoker.java:820)
	at org.testng.internal.Invoker.invokeTestMethods(Invoker.java:1128)
	at org.testng.internal.TestMethodWorker.invokeTestMethods(TestMethodWorker.java:129)
	at org.testng.internal.TestMethodWorker.run(TestMethodWorker.java:112)
	at org.testng.TestRunner.privateRun(TestRunner.java:782)
	at org.testng.TestRunner.run(TestRunner.java:632)
	at org.testng.SuiteRunner.runTest(SuiteRunner.java:366)
	at org.testng.SuiteRunner.runSequentially(SuiteRunner.java:361)
	at org.testng.SuiteRunner.privateRun(SuiteRunner.java:319)
	at org.testng.SuiteRunner.run(SuiteRunner.java:268)
	at org.testng.SuiteRunnerWorker.runSuite(SuiteRunnerWorker.java:52)
	at org.testng.SuiteRunnerWorker.run(SuiteRunnerWorker.java:86)
	at org.testng.TestNG.runSuitesSequentially(TestNG.java:1244)
	at org.testng.TestNG.runSuitesLocally(TestNG.java:1169)
	at org.testng.TestNG.run(TestNG.java:1064)
	at org.apache.maven.surefire.testng.TestNGExecutor.run(TestNGExecutor.java:115)
	at org.apache.maven.surefire.testng.TestNGDirectoryTestSuite.executeMulti(TestNGDirectoryTestSuite.java:204)
	at org.apache.maven.surefire.testng.TestNGDirectoryTestSuite.execute(TestNGDirectoryTestSuite.java:107)
	at org.apache.maven.surefire.testng.TestNGProvider.invoke(TestNGProvider.java:112)
	at org.apache.maven.surefire.booter.ForkedBooter.invokeProviderInSameClassLoader(ForkedBooter.java:200)
	at org.apache.maven.surefire.booter.ForkedBooter.runSuitesInProcess(ForkedBooter.java:153)
	at org.apache.maven.surefire.booter.ForkedBooter.main(ForkedBooter.java:103)
</pre></div></td>
<td>0</td>
<td>MTSATests.controller.UpdatingControllersTests@4cc0edeb</td></tr>
<tr>
<td title='MTSATests.controller.UpdatingControllersTests.environmentTest()'><b>environmentTest</b><br>Test class: MTSATests.controller.UpdatingControllersTests<br>Parameters: /ltsa/dist/examples/ControllerUpdate/2015-FSE-ProductionCell</td>
<td><div><pre>java.io.FileNotFoundException: /Users/Claudio1/Documents/School/University/Postdoc/Software/COVER/MTSA/mtsa/maven-root/mtsa/ltsa/dist/examples/ControllerUpdate/2015-FSE-ProductionCell_env.lts (No such file or directory)
	at java.io.FileInputStream.open0(Native Method)
	at java.io.FileInputStream.open(FileInputStream.java:195)
	at java.io.FileInputStream.&lt;init&gt;(FileInputStream.java:138)
	at ltsa.ui.FileInput.&lt;init&gt;(FileInput.java:19)
	at MTSAClient.ac.ic.doc.mtsa.MTSCompiler.compileCompositeState(MTSCompiler.java:37)
	at MTSAClient.ac.ic.doc.mtsa.MTSCompiler.compileMTS(MTSCompiler.java:27)
	at MTSATests.controller.UpdatingControllersTests.environmentTest(UpdatingControllersTests.java:61)
... Removed 28 stack frames</pre></div><a href='#' onClick='toggleBox("stack-trace1050349584", this, "Click to show all stack frames", "Click to hide stack frames")'>Click to show all stack frames</a>
<div class='stack-trace' id='stack-trace1050349584'><pre>java.io.FileNotFoundException: /Users/Claudio1/Documents/School/University/Postdoc/Software/COVER/MTSA/mtsa/maven-root/mtsa/ltsa/dist/examples/ControllerUpdate/2015-FSE-ProductionCell_env.lts (No such file or directory)
	at java.io.FileInputStream.open0(Native Method)
	at java.io.FileInputStream.open(FileInputStream.java:195)
	at java.io.FileInputStream.&lt;init&gt;(FileInputStream.java:138)
	at ltsa.ui.FileInput.&lt;init&gt;(FileInput.java:19)
	at MTSAClient.ac.ic.doc.mtsa.MTSCompiler.compileCompositeState(MTSCompiler.java:37)
	at MTSAClient.ac.ic.doc.mtsa.MTSCompiler.compileMTS(MTSCompiler.java:27)
	at MTSATests.controller.UpdatingControllersTests.environmentTest(UpdatingControllersTests.java:61)
	at sun.reflect.NativeMethodAccessorImpl.invoke0(Native Method)
	at sun.reflect.NativeMethodAccessorImpl.invoke(NativeMethodAccessorImpl.java:62)
	at sun.reflect.DelegatingMethodAccessorImpl.invoke(DelegatingMethodAccessorImpl.java:43)
	at java.lang.reflect.Method.invoke(Method.java:497)
	at org.testng.internal.MethodInvocationHelper.invokeMethod(MethodInvocationHelper.java:86)
	at org.testng.internal.Invoker.invokeMethod(Invoker.java:643)
	at org.testng.internal.Invoker.invokeTestMethod(Invoker.java:820)
	at org.testng.internal.Invoker.invokeTestMethods(Invoker.java:1128)
	at org.testng.internal.TestMethodWorker.invokeTestMethods(TestMethodWorker.java:129)
	at org.testng.internal.TestMethodWorker.run(TestMethodWorker.java:112)
	at org.testng.TestRunner.privateRun(TestRunner.java:782)
	at org.testng.TestRunner.run(TestRunner.java:632)
	at org.testng.SuiteRunner.runTest(SuiteRunner.java:366)
	at org.testng.SuiteRunner.runSequentially(SuiteRunner.java:361)
	at org.testng.SuiteRunner.privateRun(SuiteRunner.java:319)
	at org.testng.SuiteRunner.run(SuiteRunner.java:268)
	at org.testng.SuiteRunnerWorker.runSuite(SuiteRunnerWorker.java:52)
	at org.testng.SuiteRunnerWorker.run(SuiteRunnerWorker.java:86)
	at org.testng.TestNG.runSuitesSequentially(TestNG.java:1244)
	at org.testng.TestNG.runSuitesLocally(TestNG.java:1169)
	at org.testng.TestNG.run(TestNG.java:1064)
	at org.apache.maven.surefire.testng.TestNGExecutor.run(TestNGExecutor.java:115)
	at org.apache.maven.surefire.testng.TestNGDirectoryTestSuite.executeMulti(TestNGDirectoryTestSuite.java:204)
	at org.apache.maven.surefire.testng.TestNGDirectoryTestSuite.execute(TestNGDirectoryTestSuite.java:107)
	at org.apache.maven.surefire.testng.TestNGProvider.invoke(TestNGProvider.java:112)
	at org.apache.maven.surefire.booter.ForkedBooter.invokeProviderInSameClassLoader(ForkedBooter.java:200)
	at org.apache.maven.surefire.booter.ForkedBooter.runSuitesInProcess(ForkedBooter.java:153)
	at org.apache.maven.surefire.booter.ForkedBooter.main(ForkedBooter.java:103)
</pre></div></td>
<td>0</td>
<td>MTSATests.controller.UpdatingControllersTests@4cc0edeb</td></tr>
<tr>
<td title='MTSATests.controller.UpdatingControllersTests.environmentTest()'><b>environmentTest</b><br>Test class: MTSATests.controller.UpdatingControllersTests<br>Parameters: /ltsa/dist/examples/ControllerUpdate/2015-FSE-Wildlife</td>
<td><div><pre>java.io.FileNotFoundException: /Users/Claudio1/Documents/School/University/Postdoc/Software/COVER/MTSA/mtsa/maven-root/mtsa/ltsa/dist/examples/ControllerUpdate/2015-FSE-Wildlife_env.lts (No such file or directory)
	at java.io.FileInputStream.open0(Native Method)
	at java.io.FileInputStream.open(FileInputStream.java:195)
	at java.io.FileInputStream.&lt;init&gt;(FileInputStream.java:138)
	at ltsa.ui.FileInput.&lt;init&gt;(FileInput.java:19)
	at MTSAClient.ac.ic.doc.mtsa.MTSCompiler.compileCompositeState(MTSCompiler.java:37)
	at MTSAClient.ac.ic.doc.mtsa.MTSCompiler.compileMTS(MTSCompiler.java:27)
	at MTSATests.controller.UpdatingControllersTests.environmentTest(UpdatingControllersTests.java:61)
... Removed 28 stack frames</pre></div><a href='#' onClick='toggleBox("stack-trace1815546035", this, "Click to show all stack frames", "Click to hide stack frames")'>Click to show all stack frames</a>
<div class='stack-trace' id='stack-trace1815546035'><pre>java.io.FileNotFoundException: /Users/Claudio1/Documents/School/University/Postdoc/Software/COVER/MTSA/mtsa/maven-root/mtsa/ltsa/dist/examples/ControllerUpdate/2015-FSE-Wildlife_env.lts (No such file or directory)
	at java.io.FileInputStream.open0(Native Method)
	at java.io.FileInputStream.open(FileInputStream.java:195)
	at java.io.FileInputStream.&lt;init&gt;(FileInputStream.java:138)
	at ltsa.ui.FileInput.&lt;init&gt;(FileInput.java:19)
	at MTSAClient.ac.ic.doc.mtsa.MTSCompiler.compileCompositeState(MTSCompiler.java:37)
	at MTSAClient.ac.ic.doc.mtsa.MTSCompiler.compileMTS(MTSCompiler.java:27)
	at MTSATests.controller.UpdatingControllersTests.environmentTest(UpdatingControllersTests.java:61)
	at sun.reflect.NativeMethodAccessorImpl.invoke0(Native Method)
	at sun.reflect.NativeMethodAccessorImpl.invoke(NativeMethodAccessorImpl.java:62)
	at sun.reflect.DelegatingMethodAccessorImpl.invoke(DelegatingMethodAccessorImpl.java:43)
	at java.lang.reflect.Method.invoke(Method.java:497)
	at org.testng.internal.MethodInvocationHelper.invokeMethod(MethodInvocationHelper.java:86)
	at org.testng.internal.Invoker.invokeMethod(Invoker.java:643)
	at org.testng.internal.Invoker.invokeTestMethod(Invoker.java:820)
	at org.testng.internal.Invoker.invokeTestMethods(Invoker.java:1128)
	at org.testng.internal.TestMethodWorker.invokeTestMethods(TestMethodWorker.java:129)
	at org.testng.internal.TestMethodWorker.run(TestMethodWorker.java:112)
	at org.testng.TestRunner.privateRun(TestRunner.java:782)
	at org.testng.TestRunner.run(TestRunner.java:632)
	at org.testng.SuiteRunner.runTest(SuiteRunner.java:366)
	at org.testng.SuiteRunner.runSequentially(SuiteRunner.java:361)
	at org.testng.SuiteRunner.privateRun(SuiteRunner.java:319)
	at org.testng.SuiteRunner.run(SuiteRunner.java:268)
	at org.testng.SuiteRunnerWorker.runSuite(SuiteRunnerWorker.java:52)
	at org.testng.SuiteRunnerWorker.run(SuiteRunnerWorker.java:86)
	at org.testng.TestNG.runSuitesSequentially(TestNG.java:1244)
	at org.testng.TestNG.runSuitesLocally(TestNG.java:1169)
	at org.testng.TestNG.run(TestNG.java:1064)
	at org.apache.maven.surefire.testng.TestNGExecutor.run(TestNGExecutor.java:115)
	at org.apache.maven.surefire.testng.TestNGDirectoryTestSuite.executeMulti(TestNGDirectoryTestSuite.java:204)
	at org.apache.maven.surefire.testng.TestNGDirectoryTestSuite.execute(TestNGDirectoryTestSuite.java:107)
	at org.apache.maven.surefire.testng.TestNGProvider.invoke(TestNGProvider.java:112)
	at org.apache.maven.surefire.booter.ForkedBooter.invokeProviderInSameClassLoader(ForkedBooter.java:200)
	at org.apache.maven.surefire.booter.ForkedBooter.runSuitesInProcess(ForkedBooter.java:153)
	at org.apache.maven.surefire.booter.ForkedBooter.main(ForkedBooter.java:103)
</pre></div></td>
<td>0</td>
<td>MTSATests.controller.UpdatingControllersTests@4cc0edeb</td></tr>
<tr>
<td title='MTSATests.controller.UpdatingControllersTests.environmentTest()'><b>environmentTest</b><br>Test class: MTSATests.controller.UpdatingControllersTests<br>Parameters: /ltsa/dist/examples/ControllerUpdate/2015-FSE-Workflow</td>
<td><div><pre>java.io.FileNotFoundException: /Users/Claudio1/Documents/School/University/Postdoc/Software/COVER/MTSA/mtsa/maven-root/mtsa/ltsa/dist/examples/ControllerUpdate/2015-FSE-Workflow_env.lts (No such file or directory)
	at java.io.FileInputStream.open0(Native Method)
	at java.io.FileInputStream.open(FileInputStream.java:195)
	at java.io.FileInputStream.&lt;init&gt;(FileInputStream.java:138)
	at ltsa.ui.FileInput.&lt;init&gt;(FileInput.java:19)
	at MTSAClient.ac.ic.doc.mtsa.MTSCompiler.compileCompositeState(MTSCompiler.java:37)
	at MTSAClient.ac.ic.doc.mtsa.MTSCompiler.compileMTS(MTSCompiler.java:27)
	at MTSATests.controller.UpdatingControllersTests.environmentTest(UpdatingControllersTests.java:61)
... Removed 28 stack frames</pre></div><a href='#' onClick='toggleBox("stack-trace1864350231", this, "Click to show all stack frames", "Click to hide stack frames")'>Click to show all stack frames</a>
<div class='stack-trace' id='stack-trace1864350231'><pre>java.io.FileNotFoundException: /Users/Claudio1/Documents/School/University/Postdoc/Software/COVER/MTSA/mtsa/maven-root/mtsa/ltsa/dist/examples/ControllerUpdate/2015-FSE-Workflow_env.lts (No such file or directory)
	at java.io.FileInputStream.open0(Native Method)
	at java.io.FileInputStream.open(FileInputStream.java:195)
	at java.io.FileInputStream.&lt;init&gt;(FileInputStream.java:138)
	at ltsa.ui.FileInput.&lt;init&gt;(FileInput.java:19)
	at MTSAClient.ac.ic.doc.mtsa.MTSCompiler.compileCompositeState(MTSCompiler.java:37)
	at MTSAClient.ac.ic.doc.mtsa.MTSCompiler.compileMTS(MTSCompiler.java:27)
	at MTSATests.controller.UpdatingControllersTests.environmentTest(UpdatingControllersTests.java:61)
	at sun.reflect.NativeMethodAccessorImpl.invoke0(Native Method)
	at sun.reflect.NativeMethodAccessorImpl.invoke(NativeMethodAccessorImpl.java:62)
	at sun.reflect.DelegatingMethodAccessorImpl.invoke(DelegatingMethodAccessorImpl.java:43)
	at java.lang.reflect.Method.invoke(Method.java:497)
	at org.testng.internal.MethodInvocationHelper.invokeMethod(MethodInvocationHelper.java:86)
	at org.testng.internal.Invoker.invokeMethod(Invoker.java:643)
	at org.testng.internal.Invoker.invokeTestMethod(Invoker.java:820)
	at org.testng.internal.Invoker.invokeTestMethods(Invoker.java:1128)
	at org.testng.internal.TestMethodWorker.invokeTestMethods(TestMethodWorker.java:129)
	at org.testng.internal.TestMethodWorker.run(TestMethodWorker.java:112)
	at org.testng.TestRunner.privateRun(TestRunner.java:782)
	at org.testng.TestRunner.run(TestRunner.java:632)
	at org.testng.SuiteRunner.runTest(SuiteRunner.java:366)
	at org.testng.SuiteRunner.runSequentially(SuiteRunner.java:361)
	at org.testng.SuiteRunner.privateRun(SuiteRunner.java:319)
	at org.testng.SuiteRunner.run(SuiteRunner.java:268)
	at org.testng.SuiteRunnerWorker.runSuite(SuiteRunnerWorker.java:52)
	at org.testng.SuiteRunnerWorker.run(SuiteRunnerWorker.java:86)
	at org.testng.TestNG.runSuitesSequentially(TestNG.java:1244)
	at org.testng.TestNG.runSuitesLocally(TestNG.java:1169)
	at org.testng.TestNG.run(TestNG.java:1064)
	at org.apache.maven.surefire.testng.TestNGExecutor.run(TestNGExecutor.java:115)
	at org.apache.maven.surefire.testng.TestNGDirectoryTestSuite.executeMulti(TestNGDirectoryTestSuite.java:204)
	at org.apache.maven.surefire.testng.TestNGDirectoryTestSuite.execute(TestNGDirectoryTestSuite.java:107)
	at org.apache.maven.surefire.testng.TestNGProvider.invoke(TestNGProvider.java:112)
	at org.apache.maven.surefire.booter.ForkedBooter.invokeProviderInSameClassLoader(ForkedBooter.java:200)
	at org.apache.maven.surefire.booter.ForkedBooter.runSuitesInProcess(ForkedBooter.java:153)
	at org.apache.maven.surefire.booter.ForkedBooter.main(ForkedBooter.java:103)
</pre></div></td>
<td>0</td>
<td>MTSATests.controller.UpdatingControllersTests@4cc0edeb</td></tr>
<tr>
<td title='MTSATests.controller.UpdatingControllersTests.graphGenerator_producesCorrectGraph()'><b>graphGenerator_producesCorrectGraph</b><br>Test class: MTSATests.controller.UpdatingControllersTests<br>Parameters: /ltsa/dist/examples/ControllerUpdate/2015-Tokyo/colorBallsTransfer</td>
<td><div><pre>java.io.FileNotFoundException: /Users/Claudio1/Documents/School/University/Postdoc/Software/COVER/MTSA/mtsa/maven-root/mtsa/ltsa/dist/examples/ControllerUpdate/2015-Tokyo/colorBallsTransfer.lts (No such file or directory)
	at java.io.FileInputStream.open0(Native Method)
	at java.io.FileInputStream.open(FileInputStream.java:195)
	at java.io.FileInputStream.&lt;init&gt;(FileInputStream.java:138)
	at ltsa.ui.FileInput.&lt;init&gt;(FileInput.java:19)
	at MTSATests.controller.UpdatingControllersTests.graphGenerator_producesCorrectGraph(UpdatingControllersTests.java:135)
... Removed 28 stack frames</pre></div><a href='#' onClick='toggleBox("stack-trace25548982", this, "Click to show all stack frames", "Click to hide stack frames")'>Click to show all stack frames</a>
<div class='stack-trace' id='stack-trace25548982'><pre>java.io.FileNotFoundException: /Users/Claudio1/Documents/School/University/Postdoc/Software/COVER/MTSA/mtsa/maven-root/mtsa/ltsa/dist/examples/ControllerUpdate/2015-Tokyo/colorBallsTransfer.lts (No such file or directory)
	at java.io.FileInputStream.open0(Native Method)
	at java.io.FileInputStream.open(FileInputStream.java:195)
	at java.io.FileInputStream.&lt;init&gt;(FileInputStream.java:138)
	at ltsa.ui.FileInput.&lt;init&gt;(FileInput.java:19)
	at MTSATests.controller.UpdatingControllersTests.graphGenerator_producesCorrectGraph(UpdatingControllersTests.java:135)
	at sun.reflect.NativeMethodAccessorImpl.invoke0(Native Method)
	at sun.reflect.NativeMethodAccessorImpl.invoke(NativeMethodAccessorImpl.java:62)
	at sun.reflect.DelegatingMethodAccessorImpl.invoke(DelegatingMethodAccessorImpl.java:43)
	at java.lang.reflect.Method.invoke(Method.java:497)
	at org.testng.internal.MethodInvocationHelper.invokeMethod(MethodInvocationHelper.java:86)
	at org.testng.internal.Invoker.invokeMethod(Invoker.java:643)
	at org.testng.internal.Invoker.invokeTestMethod(Invoker.java:820)
	at org.testng.internal.Invoker.invokeTestMethods(Invoker.java:1128)
	at org.testng.internal.TestMethodWorker.invokeTestMethods(TestMethodWorker.java:129)
	at org.testng.internal.TestMethodWorker.run(TestMethodWorker.java:112)
	at org.testng.TestRunner.privateRun(TestRunner.java:782)
	at org.testng.TestRunner.run(TestRunner.java:632)
	at org.testng.SuiteRunner.runTest(SuiteRunner.java:366)
	at org.testng.SuiteRunner.runSequentially(SuiteRunner.java:361)
	at org.testng.SuiteRunner.privateRun(SuiteRunner.java:319)
	at org.testng.SuiteRunner.run(SuiteRunner.java:268)
	at org.testng.SuiteRunnerWorker.runSuite(SuiteRunnerWorker.java:52)
	at org.testng.SuiteRunnerWorker.run(SuiteRunnerWorker.java:86)
	at org.testng.TestNG.runSuitesSequentially(TestNG.java:1244)
	at org.testng.TestNG.runSuitesLocally(TestNG.java:1169)
	at org.testng.TestNG.run(TestNG.java:1064)
	at org.apache.maven.surefire.testng.TestNGExecutor.run(TestNGExecutor.java:115)
	at org.apache.maven.surefire.testng.TestNGDirectoryTestSuite.executeMulti(TestNGDirectoryTestSuite.java:204)
	at org.apache.maven.surefire.testng.TestNGDirectoryTestSuite.execute(TestNGDirectoryTestSuite.java:107)
	at org.apache.maven.surefire.testng.TestNGProvider.invoke(TestNGProvider.java:112)
	at org.apache.maven.surefire.booter.ForkedBooter.invokeProviderInSameClassLoader(ForkedBooter.java:200)
	at org.apache.maven.surefire.booter.ForkedBooter.runSuitesInProcess(ForkedBooter.java:153)
	at org.apache.maven.surefire.booter.ForkedBooter.main(ForkedBooter.java:103)
</pre></div></td>
<td>0</td>
<td>MTSATests.controller.UpdatingControllersTests@4cc0edeb</td></tr>
</table><p>
</body>
</html>