<?xml version="1.0" encoding="UTF-8"?>
<!-- Generated by org.testng.reporters.JUnitReportReporter -->
<testsuite hostname="claudios-MacBook-Air.local" name="MTSSynthesis.ar.dc.uba.lsc.ChartTest" tests="12" failures="2" timestamp="28 Sep 2016 13:44:24 GMT" time="0.032" errors="0">
  <testcase name="testTwoLinearisationsSeveralConditionsBeginingChartWithInteractionsA" time="0.003" classname="MTSSynthesis.ar.dc.uba.lsc.ChartTest"/>
  <testcase name="testTwoLinearisationsWithInteractionsAndConditions" time="0.000" classname="MTSSynthesis.ar.dc.uba.lsc.ChartTest"/>
  <testcase name="testTwoLinearisationsWithInteractionsAndConditionsA" time="0.002" classname="MTSSynthesis.ar.dc.uba.lsc.ChartTest">
    <failure type="java.lang.AssertionError" message="expected:&lt;[[User -&gt; pwd -&gt; ATM, ATM -&gt; checkPwd -&gt; Bank, Phi_1[Bank], Phi_2[ATM], Phi_3[User, ATM], Phi_4[Bank], ATM -&gt; wait -&gt; User, Bank -&gt; doCheck -&gt; Bank, Bank -&gt; checkOk -&gt; ATM, ATM -&gt; ok -&gt; User], [User -&gt; pwd -&gt; ATM, ATM -&gt; checkPwd -&gt; Bank, Phi_1[Bank], Phi_2[ATM], Phi_3[User, ATM], Phi_4[Bank], Bank -&gt; doCheck -&gt; Bank, ATM -&gt; wait -&gt; User, Bank -&gt; checkOk -&gt; ATM, ATM -&gt; ok -&gt; User]]&gt; but was:&lt;[[User -&gt; pwd -&gt; ATM, ATM -&gt; checkPwd -&gt; Bank, Phi_2[ATM], Phi_3[User, ATM], Phi_1[Bank], Phi_4[Bank], Bank -&gt; doCheck -&gt; Bank, ATM -&gt; wait -&gt; User, Bank -&gt; checkOk -&gt; ATM, ATM -&gt; ok -&gt; User], [User -&gt; pwd -&gt; ATM, ATM -&gt; checkPwd -&gt; Bank, Phi_2[ATM], Phi_3[User, ATM], Phi_1[Bank], Phi_4[Bank], ATM -&gt; wait -&gt; User, Bank -&gt; doCheck -&gt; Bank, Bank -&gt; checkOk -&gt; ATM, ATM -&gt; ok -&gt; User]]&gt;">
      <![CDATA[java.lang.AssertionError: expected:<[[User -> pwd -> ATM, ATM -> checkPwd -> Bank, Phi_1[Bank], Phi_2[ATM], Phi_3[User, ATM], Phi_4[Bank], ATM -> wait -> User, Bank -> doCheck -> Bank, Bank -> checkOk -> ATM, ATM -> ok -> User], [User -> pwd -> ATM, ATM -> checkPwd -> Bank, Phi_1[Bank], Phi_2[ATM], Phi_3[User, ATM], Phi_4[Bank], Bank -> doCheck -> Bank, ATM -> wait -> User, Bank -> checkOk -> ATM, ATM -> ok -> User]]]]><![CDATA[> but was:<[[User -> pwd -> ATM, ATM -> checkPwd -> Bank, Phi_2[ATM], Phi_3[User, ATM], Phi_1[Bank], Phi_4[Bank], Bank -> doCheck -> Bank, ATM -> wait -> User, Bank -> checkOk -> ATM, ATM -> ok -> User], [User -> pwd -> ATM, ATM -> checkPwd -> Bank, Phi_2[ATM], Phi_3[User, ATM], Phi_1[Bank], Phi_4[Bank], ATM -> wait -> User, Bank -> doCheck -> Bank, Bank -> checkOk -> ATM, ATM -> ok -> User]]]]><![CDATA[>
	at org.junit.Assert.fail(Assert.java:88)
	at org.junit.Assert.failNotEquals(Assert.java:834)
	at org.junit.Assert.assertEquals(Assert.java:118)
	at org.junit.Assert.assertEquals(Assert.java:144)
	at MTSSynthesis.ar.dc.uba.lsc.ChartTest.testTwoLinearisationsWithInteractionsAndConditionsA(ChartTest.java:430)
	at sun.reflect.NativeMethodAccessorImpl.invoke0(Native Method)
	at sun.reflect.NativeMethodAccessorImpl.invoke(NativeMethodAccessorImpl.java:62)
	at sun.reflect.DelegatingMethodAccessorImpl.invoke(DelegatingMethodAccessorImpl.java:43)
	at java.lang.reflect.Method.invoke(Method.java:497)
	at org.junit.runners.model.FrameworkMethod$1.runReflectiveCall(FrameworkMethod.java:50)
	at org.junit.internal.runners.model.ReflectiveCallable.run(ReflectiveCallable.java:12)
	at org.junit.runners.model.FrameworkMethod.invokeExplosively(FrameworkMethod.java:47)
	at org.junit.internal.runners.statements.InvokeMethod.evaluate(InvokeMethod.java:17)
	at org.junit.runners.ParentRunner.runLeaf(ParentRunner.java:325)
	at org.junit.runners.BlockJUnit4ClassRunner.runChild(BlockJUnit4ClassRunner.java:78)
	at org.junit.runners.BlockJUnit4ClassRunner.runChild(BlockJUnit4ClassRunner.java:57)
	at org.junit.runners.ParentRunner$3.run(ParentRunner.java:290)
	at org.junit.runners.ParentRunner$1.schedule(ParentRunner.java:71)
	at org.junit.runners.ParentRunner.runChildren(ParentRunner.java:288)
	at org.junit.runners.ParentRunner.access$000(ParentRunner.java:58)
	at org.junit.runners.ParentRunner$2.evaluate(ParentRunner.java:268)
	at org.junit.runners.ParentRunner.run(ParentRunner.java:363)
	at org.junit.runner.JUnitCore.run(JUnitCore.java:137)
	at org.junit.runner.JUnitCore.run(JUnitCore.java:115)
	at org.testng.junit.JUnit4TestRunner.start(JUnit4TestRunner.java:81)
	at org.testng.junit.JUnit4TestRunner.run(JUnit4TestRunner.java:69)
	at org.testng.TestRunner$1.run(TestRunner.java:697)
	at org.testng.TestRunner.runJUnitWorkers(TestRunner.java:1004)
	at org.testng.TestRunner.privateRunJUnit(TestRunner.java:728)
	at org.testng.TestRunner.run(TestRunner.java:629)
	at org.testng.SuiteRunner.runTest(SuiteRunner.java:366)
	at org.testng.SuiteRunner.runSequentially(SuiteRunner.java:361)
	at org.testng.SuiteRunner.privateRun(SuiteRunner.java:319)
	at org.testng.SuiteRunner.run(SuiteRunner.java:268)
	at org.testng.SuiteRunnerWorker.runSuite(SuiteRunnerWorker.java:52)
	at org.testng.SuiteRunnerWorker.run(SuiteRunnerWorker.java:86)
	at org.testng.TestNG.runSuitesSequentially(TestNG.java:1244)
	at org.testng.TestNG.runSuitesLocally(TestNG.java:1169)
	at org.testng.TestNG.run(TestNG.java:1064)
	at org.apache.maven.surefire.testng.TestNGExecutor.run(TestNGExecutor.java:115)
	at org.apache.maven.surefire.testng.TestNGDirectoryTestSuite.executeMulti(TestNGDirectoryTestSuite.java:211)
	at org.apache.maven.surefire.testng.TestNGDirectoryTestSuite.execute(TestNGDirectoryTestSuite.java:107)
	at org.apache.maven.surefire.testng.TestNGProvider.invoke(TestNGProvider.java:112)
	at org.apache.maven.surefire.booter.ForkedBooter.invokeProviderInSameClassLoader(ForkedBooter.java:200)
	at org.apache.maven.surefire.booter.ForkedBooter.runSuitesInProcess(ForkedBooter.java:153)
	at org.apache.maven.surefire.booter.ForkedBooter.main(ForkedBooter.java:103)
]]>
    </failure>
  </testcase> <!-- testTwoLinearisationsWithInteractionsAndConditionsA -->
  <testcase name="testOrderNotImportantForLinearisationOnlyInteractions" time="0.001" classname="MTSSynthesis.ar.dc.uba.lsc.ChartTest"/>
  <testcase name="testQtyInteractions" time="0.005" classname="MTSSynthesis.ar.dc.uba.lsc.ChartTest"/>
  <testcase name="testOrderNotImportantForConditionsInstances" time="0.000" classname="MTSSynthesis.ar.dc.uba.lsc.ChartTest"/>
  <testcase name="testTwoLinearisationsSeveralConditionsBeginingChartWithInteractionsB" time="0.001" classname="MTSSynthesis.ar.dc.uba.lsc.ChartTest"/>
  <testcase name="testOrderNotImportantForConditionInstances" time="0.003" classname="MTSSynthesis.ar.dc.uba.lsc.ChartTest"/>
  <testcase name="testOrderNotImportantForLinearisationInteractionsAndConditions" time="0.001" classname="MTSSynthesis.ar.dc.uba.lsc.ChartTest"/>
  <testcase name="testLinearisationsOnlyInteractions" time="0.014" classname="MTSSynthesis.ar.dc.uba.lsc.ChartTest"/>
  <testcase name="testTwoLinearisationsWithInteractionsAndConditionsB" time="0.001" classname="MTSSynthesis.ar.dc.uba.lsc.ChartTest">
    <failure type="java.lang.AssertionError" message="expected:&lt;[[User -&gt; pwd -&gt; ATM, ATM -&gt; checkPwd -&gt; Bank, Phi_1[Bank], Phi_2[ATM], Phi_3[Bank, ATM], Bank -&gt; doCheck -&gt; Bank, ATM -&gt; wait -&gt; User, Bank -&gt; checkOk -&gt; ATM, ATM -&gt; ok -&gt; User], [User -&gt; pwd -&gt; ATM, ATM -&gt; checkPwd -&gt; Bank, Phi_1[Bank], Phi_2[ATM], Phi_3[Bank, ATM], ATM -&gt; wait -&gt; User, Bank -&gt; doCheck -&gt; Bank, Bank -&gt; checkOk -&gt; ATM, ATM -&gt; ok -&gt; User]]&gt; but was:&lt;[[User -&gt; pwd -&gt; ATM, ATM -&gt; checkPwd -&gt; Bank, Phi_2[ATM], Phi_1[Bank], Phi_3[Bank, ATM], ATM -&gt; wait -&gt; User, Bank -&gt; doCheck -&gt; Bank, Bank -&gt; checkOk -&gt; ATM, ATM -&gt; ok -&gt; User], [User -&gt; pwd -&gt; ATM, ATM -&gt; checkPwd -&gt; Bank, Phi_2[ATM], Phi_1[Bank], Phi_3[Bank, ATM], Bank -&gt; doCheck -&gt; Bank, ATM -&gt; wait -&gt; User, Bank -&gt; checkOk -&gt; ATM, ATM -&gt; ok -&gt; User]]&gt;">
      <![CDATA[java.lang.AssertionError: expected:<[[User -> pwd -> ATM, ATM -> checkPwd -> Bank, Phi_1[Bank], Phi_2[ATM], Phi_3[Bank, ATM], Bank -> doCheck -> Bank, ATM -> wait -> User, Bank -> checkOk -> ATM, ATM -> ok -> User], [User -> pwd -> ATM, ATM -> checkPwd -> Bank, Phi_1[Bank], Phi_2[ATM], Phi_3[Bank, ATM], ATM -> wait -> User, Bank -> doCheck -> Bank, Bank -> checkOk -> ATM, ATM -> ok -> User]]]]><![CDATA[> but was:<[[User -> pwd -> ATM, ATM -> checkPwd -> Bank, Phi_2[ATM], Phi_1[Bank], Phi_3[Bank, ATM], ATM -> wait -> User, Bank -> doCheck -> Bank, Bank -> checkOk -> ATM, ATM -> ok -> User], [User -> pwd -> ATM, ATM -> checkPwd -> Bank, Phi_2[ATM], Phi_1[Bank], Phi_3[Bank, ATM], Bank -> doCheck -> Bank, ATM -> wait -> User, Bank -> checkOk -> ATM, ATM -> ok -> User]]]]><![CDATA[>
	at org.junit.Assert.fail(Assert.java:88)
	at org.junit.Assert.failNotEquals(Assert.java:834)
	at org.junit.Assert.assertEquals(Assert.java:118)
	at org.junit.Assert.assertEquals(Assert.java:144)
	at MTSSynthesis.ar.dc.uba.lsc.ChartTest.testTwoLinearisationsWithInteractionsAndConditionsB(ChartTest.java:466)
	at sun.reflect.NativeMethodAccessorImpl.invoke0(Native Method)
	at sun.reflect.NativeMethodAccessorImpl.invoke(NativeMethodAccessorImpl.java:62)
	at sun.reflect.DelegatingMethodAccessorImpl.invoke(DelegatingMethodAccessorImpl.java:43)
	at java.lang.reflect.Method.invoke(Method.java:497)
	at org.junit.runners.model.FrameworkMethod$1.runReflectiveCall(FrameworkMethod.java:50)
	at org.junit.internal.runners.model.ReflectiveCallable.run(ReflectiveCallable.java:12)
	at org.junit.runners.model.FrameworkMethod.invokeExplosively(FrameworkMethod.java:47)
	at org.junit.internal.runners.statements.InvokeMethod.evaluate(InvokeMethod.java:17)
	at org.junit.runners.ParentRunner.runLeaf(ParentRunner.java:325)
	at org.junit.runners.BlockJUnit4ClassRunner.runChild(BlockJUnit4ClassRunner.java:78)
	at org.junit.runners.BlockJUnit4ClassRunner.runChild(BlockJUnit4ClassRunner.java:57)
	at org.junit.runners.ParentRunner$3.run(ParentRunner.java:290)
	at org.junit.runners.ParentRunner$1.schedule(ParentRunner.java:71)
	at org.junit.runners.ParentRunner.runChildren(ParentRunner.java:288)
	at org.junit.runners.ParentRunner.access$000(ParentRunner.java:58)
	at org.junit.runners.ParentRunner$2.evaluate(ParentRunner.java:268)
	at org.junit.runners.ParentRunner.run(ParentRunner.java:363)
	at org.junit.runner.JUnitCore.run(JUnitCore.java:137)
	at org.junit.runner.JUnitCore.run(JUnitCore.java:115)
	at org.testng.junit.JUnit4TestRunner.start(JUnit4TestRunner.java:81)
	at org.testng.junit.JUnit4TestRunner.run(JUnit4TestRunner.java:69)
	at org.testng.TestRunner$1.run(TestRunner.java:697)
	at org.testng.TestRunner.runJUnitWorkers(TestRunner.java:1004)
	at org.testng.TestRunner.privateRunJUnit(TestRunner.java:728)
	at org.testng.TestRunner.run(TestRunner.java:629)
	at org.testng.SuiteRunner.runTest(SuiteRunner.java:366)
	at org.testng.SuiteRunner.runSequentially(SuiteRunner.java:361)
	at org.testng.SuiteRunner.privateRun(SuiteRunner.java:319)
	at org.testng.SuiteRunner.run(SuiteRunner.java:268)
	at org.testng.SuiteRunnerWorker.runSuite(SuiteRunnerWorker.java:52)
	at org.testng.SuiteRunnerWorker.run(SuiteRunnerWorker.java:86)
	at org.testng.TestNG.runSuitesSequentially(TestNG.java:1244)
	at org.testng.TestNG.runSuitesLocally(TestNG.java:1169)
	at org.testng.TestNG.run(TestNG.java:1064)
	at org.apache.maven.surefire.testng.TestNGExecutor.run(TestNGExecutor.java:115)
	at org.apache.maven.surefire.testng.TestNGDirectoryTestSuite.executeMulti(TestNGDirectoryTestSuite.java:211)
	at org.apache.maven.surefire.testng.TestNGDirectoryTestSuite.execute(TestNGDirectoryTestSuite.java:107)
	at org.apache.maven.surefire.testng.TestNGProvider.invoke(TestNGProvider.java:112)
	at org.apache.maven.surefire.booter.ForkedBooter.invokeProviderInSameClassLoader(ForkedBooter.java:200)
	at org.apache.maven.surefire.booter.ForkedBooter.runSuitesInProcess(ForkedBooter.java:153)
	at org.apache.maven.surefire.booter.ForkedBooter.main(ForkedBooter.java:103)
]]>
    </failure>
  </testcase> <!-- testTwoLinearisationsWithInteractionsAndConditionsB -->
  <testcase name="testLinearisationsWithInteractionsAndConditions" time="0.001" classname="MTSSynthesis.ar.dc.uba.lsc.ChartTest"/>
</testsuite> <!-- MTSSynthesis.ar.dc.uba.lsc.ChartTest -->
