<!DOCTYPE html PUBLIC "-//W3C//DTD XHTML 1.1//EN" "http://www.w3.org/TR/xhtml11/DTD/xhtml11.dtd">
<html xmlns="http://www.w3.org/1999/xhtml"><head><title>TestNG Report</title><style type="text/css">table {margin-bottom:10px;border-collapse:collapse;empty-cells:show}th,td {border:1px solid #009;padding:.25em .5em}th {vertical-align:bottom}td {vertical-align:top}table a {font-weight:bold}.stripe td {background-color: #E6EBF9}.num {text-align:right}.passedodd td {background-color: #3F3}.passedeven td {background-color: #0A0}.skippedodd td {background-color: #DDD}.skippedeven td {background-color: #CCC}.failedodd td,.attn {background-color: #F33}.failedeven td,.stripe .attn {background-color: #D00}.stacktrace {white-space:pre;font-family:monospace}.totop {font-size:85%;text-align:center;border-bottom:2px solid #000}</style></head><body><table><tr><th>Test</th><th># Passed</th><th># Skipped</th><th># Failed</th><th>Time (ms)</th><th>Included Groups</th><th>Excluded Groups</th></tr><tr><th colspan="7">Surefire suite</th></tr><tr><td><a href="#t0">Surefire test</a></td><td class="num">0</td><td class="num">0</td><td class="num attn">39</td><td class="num">147</td><td></td><td></td></tr></table><table><thead><tr><th>Class</th><th>Method</th><th>Start</th><th>Time (ms)</th></tr></thead><tbody><tr><th colspan="4">Surefire suite</th></tr></tbody><tbody id="t0"><tr><th colspan="4">Surefire test &#8212; failed</th></tr><tr class="failedeven"><td rowspan="4">MTSATests.controller.OppositeGR1GameSolverTests</td><td><a href="#m0">OppositeGR1GameTest</a></td><td rowspan="4">1475070257507</td><td rowspan="4">9</td></tr><tr class="failedeven"><td><a href="#m1">OppositeGR1GameTest</a></td></tr><tr class="failedeven"><td><a href="#m2">OppositeGR1GameTest</a></td></tr><tr class="failedeven"><td><a href="#m3">OppositeGR1GameTest</a></td></tr><tr class="failedodd"><td rowspan="16">MTSATests.controller.OppositeSafeGameSolverTests</td><td><a href="#m4">OppositeSafeGameTest</a></td><td rowspan="16">1475070257440</td><td rowspan="16">1</td></tr><tr class="failedodd"><td><a href="#m5">OppositeSafeGameTest</a></td></tr><tr class="failedodd"><td><a href="#m6">OppositeSafeGameTest</a></td></tr><tr class="failedodd"><td><a href="#m7">OppositeSafeGameTest</a></td></tr><tr class="failedodd"><td><a href="#m8">OppositeSafeGameTest</a></td></tr><tr class="failedodd"><td><a href="#m9">OppositeSafeGameTest</a></td></tr><tr class="failedodd"><td><a href="#m10">OppositeSafeGameTest</a></td></tr><tr class="failedodd"><td><a href="#m11">OppositeSafeGameTest</a></td></tr><tr class="failedodd"><td><a href="#m12">OppositeSafeGameTest</a></td></tr><tr class="failedodd"><td><a href="#m13">OppositeSafeGameTest</a></td></tr><tr class="failedodd"><td><a href="#m14">OppositeSafeGameTest</a></td></tr><tr class="failedodd"><td><a href="#m15">OppositeSafeGameTest</a></td></tr><tr class="failedodd"><td><a href="#m16">OppositeSafeGameTest</a></td></tr><tr class="failedodd"><td><a href="#m17">OppositeSafeGameTest</a></td></tr><tr class="failedodd"><td><a href="#m18">OppositeSafeGameTest</a></td></tr><tr class="failedodd"><td><a href="#m19">OppositeSafeGameTest</a></td></tr><tr class="failedeven"><td rowspan="1">MTSATests.controller.SafeGameSolverTests</td><td><a href="#m20">SafeGameTest</a></td><td rowspan="1">1475070257470</td><td rowspan="1">2</td></tr><tr class="failedodd"><td rowspan="18">MTSATests.controller.UpdatingControllersTests</td><td><a href="#m21">checkUpdatingFormula</a></td><td rowspan="8">1475070257478</td><td rowspan="8">1</td></tr><tr class="failedodd"><td><a href="#m22">checkUpdatingFormula</a></td></tr><tr class="failedodd"><td><a href="#m23">checkUpdatingFormula</a></td></tr><tr class="failedodd"><td><a href="#m24">checkUpdatingFormula</a></td></tr><tr class="failedodd"><td><a href="#m25">checkUpdatingFormula</a></td></tr><tr class="failedodd"><td><a href="#m26">checkUpdatingFormula</a></td></tr><tr class="failedodd"><td><a href="#m27">checkUpdatingFormula</a></td></tr><tr class="failedodd"><td><a href="#m28">checkUpdatingFormula</a></td></tr><tr class="failedodd"><td><a href="#m29">environmentTest</a></td><td rowspan="9">1475070257493</td><td rowspan="9">1</td></tr><tr class="failedodd"><td><a href="#m30">environmentTest</a></td></tr><tr class="failedodd"><td><a href="#m31">environmentTest</a></td></tr><tr class="failedodd"><td><a href="#m32">environmentTest</a></td></tr><tr class="failedodd"><td><a href="#m33">environmentTest</a></td></tr><tr class="failedodd"><td><a href="#m34">environmentTest</a></td></tr><tr class="failedodd"><td><a href="#m35">environmentTest</a></td></tr><tr class="failedodd"><td><a href="#m36">environmentTest</a></td></tr><tr class="failedodd"><td><a href="#m37">environmentTest</a></td></tr><tr class="failedodd"><td><a href="#m38">graphGenerator_producesCorrectGraph</a></td><td rowspan="1">1475070257497</td><td rowspan="1">1</td></tr></tbody></table><h2>Surefire test</h2><h3 id="m0">MTSATests.controller.OppositeGR1GameSolverTests#OppositeGR1GameTest</h3><table class="result"><tr class="param"><th>Parameter #1</th><th>Parameter #2</th><th>Parameter #3</th><th>Parameter #4</th><th>Parameter #5</th><th>Parameter #6</th></tr><tr class="param stripe"><td>../ltsa/dist/examples/OppositeGR1/Tests/Base_cases.lts</td><td>CASE1</td><td>EXP1</td><td>C1</td><td>G1</td><td>../ltsa/dist/examples/OppositeGR1/Tests/Base_cases.CASE1.result</td></tr><tr><th colspan="6">Exception</th></tr><tr><td colspan="6"><div class="stacktrace">java.lang.AssertionError: mut was null expected [true] but found [false]
	at MTSATests.controller.OppositeGR1GameSolverTests.OppositeGR1GameTest(OppositeGR1GameSolverTests.java:77)
... Removed 31 stack frames</div></td></tr></table><p class="totop"><a href="#summary">back to summary</a></p><h3 id="m1">MTSATests.controller.OppositeGR1GameSolverTests#OppositeGR1GameTest</h3><table class="result"><tr class="param"><th>Parameter #1</th><th>Parameter #2</th><th>Parameter #3</th><th>Parameter #4</th><th>Parameter #5</th><th>Parameter #6</th></tr><tr class="param stripe"><td>../ltsa/dist/examples/OppositeGR1/Tests/Base_cases.lts</td><td>CASE0</td><td>EXP0</td><td>C0</td><td>G1</td><td>../ltsa/dist/examples/OppositeGR1/Tests/Base_cases.CASE0.result</td></tr><tr><th colspan="6">Exception</th></tr><tr><td colspan="6"><div class="stacktrace">java.lang.AssertionError: mut was null expected [true] but found [false]
	at MTSATests.controller.OppositeGR1GameSolverTests.OppositeGR1GameTest(OppositeGR1GameSolverTests.java:77)
... Removed 31 stack frames</div></td></tr></table><p class="totop"><a href="#summary">back to summary</a></p><h3 id="m2">MTSATests.controller.OppositeGR1GameSolverTests#OppositeGR1GameTest</h3><table class="result"><tr class="param"><th>Parameter #1</th><th>Parameter #2</th><th>Parameter #3</th><th>Parameter #4</th><th>Parameter #5</th><th>Parameter #6</th></tr><tr class="param stripe"><td>../ltsa/dist/examples/OppositeGR1/Tests/Base_cases.lts</td><td>CASE2</td><td>EXP2</td><td>C2</td><td>G1</td><td>../ltsa/dist/examples/OppositeGR1/Tests/Base_cases.CASE2.result</td></tr><tr><th colspan="6">Exception</th></tr><tr><td colspan="6"><div class="stacktrace">java.lang.AssertionError: mut was null expected [true] but found [false]
	at MTSATests.controller.OppositeGR1GameSolverTests.OppositeGR1GameTest(OppositeGR1GameSolverTests.java:77)
... Removed 31 stack frames</div></td></tr></table><p class="totop"><a href="#summary">back to summary</a></p><h3 id="m3">MTSATests.controller.OppositeGR1GameSolverTests#OppositeGR1GameTest</h3><table class="result"><tr class="param"><th>Parameter #1</th><th>Parameter #2</th><th>Parameter #3</th><th>Parameter #4</th><th>Parameter #5</th><th>Parameter #6</th></tr><tr class="param stripe"><td>../ltsa/dist/examples/OppositeGR1/Tests/Base_cases.lts</td><td>CASE3</td><td>EXP3</td><td>C3</td><td>G1</td><td>../ltsa/dist/examples/OppositeGR1/Tests/Base_cases.CASE3.result</td></tr><tr><th colspan="6">Exception</th></tr><tr><td colspan="6"><div class="stacktrace">java.lang.AssertionError: mut was null expected [true] but found [false]
	at MTSATests.controller.OppositeGR1GameSolverTests.OppositeGR1GameTest(OppositeGR1GameSolverTests.java:77)
... Removed 31 stack frames</div></td></tr></table><p class="totop"><a href="#summary">back to summary</a></p><h3 id="m4">MTSATests.controller.OppositeSafeGameSolverTests#OppositeSafeGameTest</h3><table class="result"><tr class="param"><th>Parameter #1</th><th>Parameter #2</th><th>Parameter #3</th><th>Parameter #4</th><th>Parameter #5</th><th>Parameter #6</th><th>Parameter #7</th></tr><tr class="param stripe"><td>section-4.64-bookstore</td><td>../ltsa/dist/examples/SafetyCuts/Tests/dIppolito/section-4.64-bookstore.lts</td><td>ENV</td><td>EXP</td><td>C</td><td>G1</td><td>../ltsa/dist/examples/SafetyCuts/Results/dIppolito/section-4.64-bookstore.result</td></tr><tr><th colspan="7">Exception</th></tr><tr><td colspan="7"><div class="stacktrace">java.lang.AssertionError: expected [true] but found [false]
	at MTSATests.controller.OppositeSafeGameSolverTests.OppositeSafeGameTest(OppositeSafeGameSolverTests.java:201)
... Removed 32 stack frames</div></td></tr></table><p class="totop"><a href="#summary">back to summary</a></p><h3 id="m5">MTSATests.controller.OppositeSafeGameSolverTests#OppositeSafeGameTest</h3><table class="result"><tr class="param"><th>Parameter #1</th><th>Parameter #2</th><th>Parameter #3</th><th>Parameter #4</th><th>Parameter #5</th><th>Parameter #6</th><th>Parameter #7</th></tr><tr class="param stripe"><td>prod_cell_variant</td><td>../ltsa/dist/examples/SafetyCuts/Tests/prod_cell_variant.lts</td><td>Plant</td><td>EXP</td><td>C</td><td>G1</td><td>../ltsa/dist/examples/SafetyCuts/Results/prod_cell_variant.result</td></tr><tr><th colspan="7">Exception</th></tr><tr><td colspan="7"><div class="stacktrace">java.lang.AssertionError: expected [true] but found [false]
	at MTSATests.controller.OppositeSafeGameSolverTests.OppositeSafeGameTest(OppositeSafeGameSolverTests.java:201)
... Removed 32 stack frames</div></td></tr></table><p class="totop"><a href="#summary">back to summary</a></p><h3 id="m6">MTSATests.controller.OppositeSafeGameSolverTests#OppositeSafeGameTest</h3><table class="result"><tr class="param"><th>Parameter #1</th><th>Parameter #2</th><th>Parameter #3</th><th>Parameter #4</th><th>Parameter #5</th><th>Parameter #6</th><th>Parameter #7</th></tr><tr class="param stripe"><td>section-3.84-productioncell-small</td><td>../ltsa/dist/examples/SafetyCuts/Tests/dIppolito/section-3.84-productioncell-small.lts</td><td>ENV</td><td>EXP</td><td>C</td><td>Objective</td><td>../ltsa/dist/examples/SafetyCuts/Results/dIppolito/section-3.84-productioncell-small.result</td></tr><tr><th colspan="7">Exception</th></tr><tr><td colspan="7"><div class="stacktrace">java.lang.AssertionError: expected [true] but found [false]
	at MTSATests.controller.OppositeSafeGameSolverTests.OppositeSafeGameTest(OppositeSafeGameSolverTests.java:201)
... Removed 32 stack frames</div></td></tr></table><p class="totop"><a href="#summary">back to summary</a></p><h3 id="m7">MTSATests.controller.OppositeSafeGameSolverTests#OppositeSafeGameTest</h3><table class="result"><tr class="param"><th>Parameter #1</th><th>Parameter #2</th><th>Parameter #3</th><th>Parameter #4</th><th>Parameter #5</th><th>Parameter #6</th><th>Parameter #7</th></tr><tr class="param stripe"><td>section-3.83-bookstore</td><td>../ltsa/dist/examples/SafetyCuts/Tests/dIppolito/section-3.83-bookstore.lts</td><td>ENV</td><td>EXP</td><td>C</td><td>G1</td><td>../ltsa/dist/examples/SafetyCuts/Results/dIppolito/section-3.83-bookstore.result</td></tr><tr><th colspan="7">Exception</th></tr><tr><td colspan="7"><div class="stacktrace">java.lang.AssertionError: expected [true] but found [false]
	at MTSATests.controller.OppositeSafeGameSolverTests.OppositeSafeGameTest(OppositeSafeGameSolverTests.java:201)
... Removed 32 stack frames</div></td></tr></table><p class="totop"><a href="#summary">back to summary</a></p><h3 id="m8">MTSATests.controller.OppositeSafeGameSolverTests#OppositeSafeGameTest</h3><table class="result"><tr class="param"><th>Parameter #1</th><th>Parameter #2</th><th>Parameter #3</th><th>Parameter #4</th><th>Parameter #5</th><th>Parameter #6</th><th>Parameter #7</th></tr><tr class="param stripe"><td>section-3.1-productioncell</td><td>../ltsa/dist/examples/SafetyCuts/Tests/dIppolito/section-3.1-productioncell.lts</td><td>ENV</td><td>EXP</td><td>C</td><td>Objective</td><td>../ltsa/dist/examples/SafetyCuts/Results/dIppolito/section-3.1-productioncell.result</td></tr><tr><th colspan="7">Exception</th></tr><tr><td colspan="7"><div class="stacktrace">java.lang.AssertionError: expected [true] but found [false]
	at MTSATests.controller.OppositeSafeGameSolverTests.OppositeSafeGameTest(OppositeSafeGameSolverTests.java:201)
... Removed 32 stack frames</div></td></tr></table><p class="totop"><a href="#summary">back to summary</a></p><h3 id="m9">MTSATests.controller.OppositeSafeGameSolverTests#OppositeSafeGameTest</h3><table class="result"><tr class="param"><th>Parameter #1</th><th>Parameter #2</th><th>Parameter #3</th><th>Parameter #4</th><th>Parameter #5</th><th>Parameter #6</th><th>Parameter #7</th></tr><tr class="param stripe"><td>section-4.2-biscotti</td><td>../ltsa/dist/examples/SafetyCuts/Tests/dIppolito/section-4.2-biscotti.lts</td><td>ENV</td><td>EXP</td><td>C</td><td>G1</td><td>../ltsa/dist/examples/SafetyCuts/Results/dIppolito/section-4.2-biscotti.result</td></tr><tr><th colspan="7">Exception</th></tr><tr><td colspan="7"><div class="stacktrace">java.lang.AssertionError: expected [true] but found [false]
	at MTSATests.controller.OppositeSafeGameSolverTests.OppositeSafeGameTest(OppositeSafeGameSolverTests.java:201)
... Removed 32 stack frames</div></td></tr></table><p class="totop"><a href="#summary">back to summary</a></p><h3 id="m10">MTSATests.controller.OppositeSafeGameSolverTests#OppositeSafeGameTest</h3><table class="result"><tr class="param"><th>Parameter #1</th><th>Parameter #2</th><th>Parameter #3</th><th>Parameter #4</th><th>Parameter #5</th><th>Parameter #6</th><th>Parameter #7</th></tr><tr class="param stripe"><td>section-4.62-payandship</td><td>../ltsa/dist/examples/SafetyCuts/Tests/dIppolito/section-4.62-payandship.lts</td><td>ENV</td><td>EXP</td><td>C</td><td>G1</td><td>../ltsa/dist/examples/SafetyCuts/Results/dIppolito/section-4.62-payandship.result</td></tr><tr><th colspan="7">Exception</th></tr><tr><td colspan="7"><div class="stacktrace">java.lang.AssertionError: expected [true] but found [false]
	at MTSATests.controller.OppositeSafeGameSolverTests.OppositeSafeGameTest(OppositeSafeGameSolverTests.java:201)
... Removed 32 stack frames</div></td></tr></table><p class="totop"><a href="#summary">back to summary</a></p><h3 id="m11">MTSATests.controller.OppositeSafeGameSolverTests#OppositeSafeGameTest</h3><table class="result"><tr class="param"><th>Parameter #1</th><th>Parameter #2</th><th>Parameter #3</th><th>Parameter #4</th><th>Parameter #5</th><th>Parameter #6</th><th>Parameter #7</th></tr><tr class="param stripe"><td>section-3.82-purchaseanddelivery</td><td>../ltsa/dist/examples/SafetyCuts/Tests/dIppolito/section-3.82-purchaseanddelivery.lts</td><td>ENV</td><td>EXP</td><td>C</td><td>G1</td><td>../ltsa/dist/examples/SafetyCuts/Results/dIppolito/section-3.82-purchaseanddelivery.result</td></tr><tr><th colspan="7">Exception</th></tr><tr><td colspan="7"><div class="stacktrace">java.lang.AssertionError: expected [true] but found [false]
	at MTSATests.controller.OppositeSafeGameSolverTests.OppositeSafeGameTest(OppositeSafeGameSolverTests.java:201)
... Removed 32 stack frames</div></td></tr></table><p class="totop"><a href="#summary">back to summary</a></p><h3 id="m12">MTSATests.controller.OppositeSafeGameSolverTests#OppositeSafeGameTest</h3><table class="result"><tr class="param"><th>Parameter #1</th><th>Parameter #2</th><th>Parameter #3</th><th>Parameter #4</th><th>Parameter #5</th><th>Parameter #6</th><th>Parameter #7</th></tr><tr class="param stripe"><td>tomAndJerryV12</td><td>../ltsa/dist/examples/SafetyCuts/Tests/TomAndJerryV12.lts</td><td>Tom_Jerry</td><td>EXP</td><td>C</td><td>G1</td><td>../ltsa/dist/examples/SafetyCuts/Results/TomAndJerryV12.result</td></tr><tr><th colspan="7">Exception</th></tr><tr><td colspan="7"><div class="stacktrace">java.lang.AssertionError: expected [true] but found [false]
	at MTSATests.controller.OppositeSafeGameSolverTests.OppositeSafeGameTest(OppositeSafeGameSolverTests.java:201)
... Removed 32 stack frames</div></td></tr></table><p class="totop"><a href="#summary">back to summary</a></p><h3 id="m13">MTSATests.controller.OppositeSafeGameSolverTests#OppositeSafeGameTest</h3><table class="result"><tr class="param"><th>Parameter #1</th><th>Parameter #2</th><th>Parameter #3</th><th>Parameter #4</th><th>Parameter #5</th><th>Parameter #6</th><th>Parameter #7</th></tr><tr class="param stripe"><td>section-3.81-autonomousvehicles</td><td>../ltsa/dist/examples/SafetyCuts/Tests/dIppolito/section-3.81-autonomousvehicles.lts</td><td>ENV</td><td>EXP</td><td>C</td><td>G1</td><td>../ltsa/dist/examples/SafetyCuts/Results/dIppolito/section-3.81-autonomousvehicles.result</td></tr><tr><th colspan="7">Exception</th></tr><tr><td colspan="7"><div class="stacktrace">java.lang.AssertionError: expected [true] but found [false]
	at MTSATests.controller.OppositeSafeGameSolverTests.OppositeSafeGameTest(OppositeSafeGameSolverTests.java:201)
... Removed 32 stack frames</div></td></tr></table><p class="totop"><a href="#summary">back to summary</a></p><h3 id="m14">MTSATests.controller.OppositeSafeGameSolverTests#OppositeSafeGameTest</h3><table class="result"><tr class="param"><th>Parameter #1</th><th>Parameter #2</th><th>Parameter #3</th><th>Parameter #4</th><th>Parameter #5</th><th>Parameter #6</th><th>Parameter #7</th></tr><tr class="param stripe"><td>section-4.61-productioncell</td><td>../ltsa/dist/examples/SafetyCuts/Tests/dIppolito/section-4.61-productioncell.lts</td><td>Plant</td><td>EXP</td><td>C</td><td>G1</td><td>../ltsa/dist/examples/SafetyCuts/Results/dIppolito/section-4.61-productioncell.result</td></tr><tr><th colspan="7">Exception</th></tr><tr><td colspan="7"><div class="stacktrace">java.lang.AssertionError: expected [true] but found [false]
	at MTSATests.controller.OppositeSafeGameSolverTests.OppositeSafeGameTest(OppositeSafeGameSolverTests.java:201)
... Removed 32 stack frames</div></td></tr></table><p class="totop"><a href="#summary">back to summary</a></p><h3 id="m15">MTSATests.controller.OppositeSafeGameSolverTests#OppositeSafeGameTest</h3><table class="result"><tr class="param"><th>Parameter #1</th><th>Parameter #2</th><th>Parameter #3</th><th>Parameter #4</th><th>Parameter #5</th><th>Parameter #6</th><th>Parameter #7</th></tr><tr class="param stripe"><td>section-4.71-productioncell</td><td>../ltsa/dist/examples/SafetyCuts/Tests/dIppolito/section-4.71-productioncell.lts</td><td>ENV</td><td>EXP</td><td>C</td><td>G1</td><td>../ltsa/dist/examples/SafetyCuts/Results/dIppolito/section-4.71-productioncell.result</td></tr><tr><th colspan="7">Exception</th></tr><tr><td colspan="7"><div class="stacktrace">java.lang.AssertionError: expected [true] but found [false]
	at MTSATests.controller.OppositeSafeGameSolverTests.OppositeSafeGameTest(OppositeSafeGameSolverTests.java:201)
... Removed 32 stack frames</div></td></tr></table><p class="totop"><a href="#summary">back to summary</a></p><h3 id="m16">MTSATests.controller.OppositeSafeGameSolverTests#OppositeSafeGameTest</h3><table class="result"><tr class="param"><th>Parameter #1</th><th>Parameter #2</th><th>Parameter #3</th><th>Parameter #4</th><th>Parameter #5</th><th>Parameter #6</th><th>Parameter #7</th></tr><tr class="param stripe"><td>section-4.1-travelagency</td><td>../ltsa/dist/examples/SafetyCuts/Tests/dIppolito/section-4.1-travelagency.lts</td><td>ENV</td><td>EXP</td><td>C</td><td>G1</td><td>../ltsa/dist/examples/SafetyCuts/Results/dIppolito/section-4.1-travelagency.result</td></tr><tr><th colspan="7">Exception</th></tr><tr><td colspan="7"><div class="stacktrace">java.lang.AssertionError: expected [true] but found [false]
	at MTSATests.controller.OppositeSafeGameSolverTests.OppositeSafeGameTest(OppositeSafeGameSolverTests.java:201)
... Removed 32 stack frames</div></td></tr></table><p class="totop"><a href="#summary">back to summary</a></p><h3 id="m17">MTSATests.controller.OppositeSafeGameSolverTests#OppositeSafeGameTest</h3><table class="result"><tr class="param"><th>Parameter #1</th><th>Parameter #2</th><th>Parameter #3</th><th>Parameter #4</th><th>Parameter #5</th><th>Parameter #6</th><th>Parameter #7</th></tr><tr class="param stripe"><td>Augmented Biscotti</td><td>../ltsa/dist/examples/SafetyCuts/Tests/Augmented-Biscotti.lts</td><td>BISCOTTI</td><td>EXP</td><td>C</td><td>G1</td><td>../ltsa/dist/examples/SafetyCuts/Results/Augmented-Biscotti.result</td></tr><tr><th colspan="7">Exception</th></tr><tr><td colspan="7"><div class="stacktrace">java.lang.AssertionError: expected [true] but found [false]
	at MTSATests.controller.OppositeSafeGameSolverTests.OppositeSafeGameTest(OppositeSafeGameSolverTests.java:201)
... Removed 32 stack frames</div></td></tr></table><p class="totop"><a href="#summary">back to summary</a></p><h3 id="m18">MTSATests.controller.OppositeSafeGameSolverTests#OppositeSafeGameTest</h3><table class="result"><tr class="param"><th>Parameter #1</th><th>Parameter #2</th><th>Parameter #3</th><th>Parameter #4</th><th>Parameter #5</th><th>Parameter #6</th><th>Parameter #7</th></tr><tr class="param stripe"><td>arbiter</td><td>../ltsa/dist/examples/SafetyCuts/Tests/arbiter.lts</td><td>PROCS</td><td>EXP</td><td>C</td><td>PETERSON</td><td>../ltsa/dist/examples/SafetyCuts/Results/arbiter.result</td></tr><tr><th colspan="7">Exception</th></tr><tr><td colspan="7"><div class="stacktrace">java.lang.AssertionError: expected [true] but found [false]
	at MTSATests.controller.OppositeSafeGameSolverTests.OppositeSafeGameTest(OppositeSafeGameSolverTests.java:201)
... Removed 32 stack frames</div></td></tr></table><p class="totop"><a href="#summary">back to summary</a></p><h3 id="m19">MTSATests.controller.OppositeSafeGameSolverTests#OppositeSafeGameTest</h3><table class="result"><tr class="param"><th>Parameter #1</th><th>Parameter #2</th><th>Parameter #3</th><th>Parameter #4</th><th>Parameter #5</th><th>Parameter #6</th><th>Parameter #7</th></tr><tr class="param stripe"><td>section-4.63-autonomousvehicles</td><td>../ltsa/dist/examples/SafetyCuts/Tests/dIppolito/section-4.63-autonomousvehicles.lts</td><td>PLANT</td><td>EXP</td><td>C</td><td>G1</td><td>../ltsa/dist/examples/SafetyCuts/Results/dIppolito/section-4.63-autonomousvehicles.result</td></tr><tr><th colspan="7">Exception</th></tr><tr><td colspan="7"><div class="stacktrace">java.lang.AssertionError: expected [true] but found [false]
	at MTSATests.controller.OppositeSafeGameSolverTests.OppositeSafeGameTest(OppositeSafeGameSolverTests.java:201)
... Removed 32 stack frames</div></td></tr></table><p class="totop"><a href="#summary">back to summary</a></p><h3 id="m20">MTSATests.controller.SafeGameSolverTests#SafeGameTest</h3><table class="result"><tr class="param"><th>Parameter #1</th><th>Parameter #2</th><th>Parameter #3</th><th>Parameter #4</th><th>Parameter #5</th><th>Parameter #6</th></tr><tr class="param stripe"><td>../ltsa/dist/examples/SafetyCuts/Tests/safe_game_test.lts</td><td>MUT</td><td>EXP</td><td>C</td><td>G1</td><td>../ltsa/dist/examples/SafetyCuts/Results/safe_game_test.results</td></tr><tr><th colspan="6">Exception</th></tr><tr><td colspan="6"><div class="stacktrace">java.lang.NullPointerException
	at MTSSynthesis.controller.game.safe.SafeGame.&lt;init&gt;(SafeGame.java:29)
	at MTSSynthesis.controller.game.model.SafeGameSolver.&lt;init&gt;(SafeGameSolver.java:24)
	at MTSATests.controller.SafeGameSolverTests.getLTSSafeGameStrategyFromFile(SafeGameSolverTests.java:29)
	at MTSATests.controller.SafeGameSolverTests.getMut(SafeGameSolverTests.java:74)
	at MTSATests.controller.SafeGameSolverTests.SafeGameTest(SafeGameSolverTests.java:61)
... Removed 28 stack frames</div></td></tr></table><p class="totop"><a href="#summary">back to summary</a></p><h3 id="m21">MTSATests.controller.UpdatingControllersTests#checkUpdatingFormula</h3><table class="result"><tr class="param"><th>Parameter #1</th></tr><tr class="param stripe"><td>/ltsa/dist/examples/ControllerUpdate/Tests/UAV_test</td></tr><tr><th>Exception</th></tr><tr><td><div class="stacktrace">java.io.FileNotFoundException: /Users/Claudio1/Documents/School/University/Postdoc/Software/COVER/MTSA/mtsa/maven-root/mtsa/ltsa/dist/examples/ControllerUpdate/Tests/UAV_test.lts (No such file or directory)
	at java.io.FileInputStream.open0(Native Method)
	at java.io.FileInputStream.open(FileInputStream.java:195)
	at java.io.FileInputStream.&lt;init&gt;(FileInputStream.java:138)
	at ltsa.ui.FileInput.&lt;init&gt;(FileInput.java:19)
	at MTSAClient.ac.ic.doc.mtsa.MTSCompiler.compileCompositeState(MTSCompiler.java:37)
	at MTSATests.controller.UpdatingControllersTests.checkUpdatingFormula(UpdatingControllersTests.java:113)
... Removed 28 stack frames</div></td></tr></table><p class="totop"><a href="#summary">back to summary</a></p><h3 id="m22">MTSATests.controller.UpdatingControllersTests#checkUpdatingFormula</h3><table class="result"><tr class="param"><th>Parameter #1</th></tr><tr class="param stripe"><td>/ltsa/dist/examples/ControllerUpdate/2015-FSE-Workflow</td></tr><tr><th>Exception</th></tr><tr><td><div class="stacktrace">java.io.FileNotFoundException: /Users/Claudio1/Documents/School/University/Postdoc/Software/COVER/MTSA/mtsa/maven-root/mtsa/ltsa/dist/examples/ControllerUpdate/2015-FSE-Workflow.lts (No such file or directory)
	at java.io.FileInputStream.open0(Native Method)
	at java.io.FileInputStream.open(FileInputStream.java:195)
	at java.io.FileInputStream.&lt;init&gt;(FileInputStream.java:138)
	at ltsa.ui.FileInput.&lt;init&gt;(FileInput.java:19)
	at MTSAClient.ac.ic.doc.mtsa.MTSCompiler.compileCompositeState(MTSCompiler.java:37)
	at MTSATests.controller.UpdatingControllersTests.checkUpdatingFormula(UpdatingControllersTests.java:113)
... Removed 28 stack frames</div></td></tr></table><p class="totop"><a href="#summary">back to summary</a></p><h3 id="m23">MTSATests.controller.UpdatingControllersTests#checkUpdatingFormula</h3><table class="result"><tr class="param"><th>Parameter #1</th></tr><tr class="param stripe"><td>/ltsa/dist/examples/ControllerUpdate/Tests/removing_actions_test</td></tr><tr><th>Exception</th></tr><tr><td><div class="stacktrace">java.io.FileNotFoundException: /Users/Claudio1/Documents/School/University/Postdoc/Software/COVER/MTSA/mtsa/maven-root/mtsa/ltsa/dist/examples/ControllerUpdate/Tests/removing_actions_test.lts (No such file or directory)
	at java.io.FileInputStream.open0(Native Method)
	at java.io.FileInputStream.open(FileInputStream.java:195)
	at java.io.FileInputStream.&lt;init&gt;(FileInputStream.java:138)
	at ltsa.ui.FileInput.&lt;init&gt;(FileInput.java:19)
	at MTSAClient.ac.ic.doc.mtsa.MTSCompiler.compileCompositeState(MTSCompiler.java:37)
	at MTSATests.controller.UpdatingControllersTests.checkUpdatingFormula(UpdatingControllersTests.java:113)
... Removed 28 stack frames</div></td></tr></table><p class="totop"><a href="#summary">back to summary</a></p><h3 id="m24">MTSATests.controller.UpdatingControllersTests#checkUpdatingFormula</h3><table class="result"><tr class="param"><th>Parameter #1</th></tr><tr class="param stripe"><td>/ltsa/dist/examples/ControllerUpdate/Ghezzi/2015-FSE-PowerPlant-Ghezzi2013</td></tr><tr><th>Exception</th></tr><tr><td><div class="stacktrace">java.io.FileNotFoundException: /Users/Claudio1/Documents/School/University/Postdoc/Software/COVER/MTSA/mtsa/maven-root/mtsa/ltsa/dist/examples/ControllerUpdate/Ghezzi/2015-FSE-PowerPlant-Ghezzi2013.lts (No such file or directory)
	at java.io.FileInputStream.open0(Native Method)
	at java.io.FileInputStream.open(FileInputStream.java:195)
	at java.io.FileInputStream.&lt;init&gt;(FileInputStream.java:138)
	at ltsa.ui.FileInput.&lt;init&gt;(FileInput.java:19)
	at MTSAClient.ac.ic.doc.mtsa.MTSCompiler.compileCompositeState(MTSCompiler.java:37)
	at MTSATests.controller.UpdatingControllersTests.checkUpdatingFormula(UpdatingControllersTests.java:113)
... Removed 28 stack frames</div></td></tr></table><p class="totop"><a href="#summary">back to summary</a></p><h3 id="m25">MTSATests.controller.UpdatingControllersTests#checkUpdatingFormula</h3><table class="result"><tr class="param"><th>Parameter #1</th></tr><tr class="param stripe"><td>/ltsa/dist/examples/ControllerUpdate/Ghezzi/2015-FSE-Railcab-Ghezzi2012</td></tr><tr><th>Exception</th></tr><tr><td><div class="stacktrace">java.io.FileNotFoundException: /Users/Claudio1/Documents/School/University/Postdoc/Software/COVER/MTSA/mtsa/maven-root/mtsa/ltsa/dist/examples/ControllerUpdate/Ghezzi/2015-FSE-Railcab-Ghezzi2012.lts (No such file or directory)
	at java.io.FileInputStream.open0(Native Method)
	at java.io.FileInputStream.open(FileInputStream.java:195)
	at java.io.FileInputStream.&lt;init&gt;(FileInputStream.java:138)
	at ltsa.ui.FileInput.&lt;init&gt;(FileInput.java:19)
	at MTSAClient.ac.ic.doc.mtsa.MTSCompiler.compileCompositeState(MTSCompiler.java:37)
	at MTSATests.controller.UpdatingControllersTests.checkUpdatingFormula(UpdatingControllersTests.java:113)
... Removed 28 stack frames</div></td></tr></table><p class="totop"><a href="#summary">back to summary</a></p><h3 id="m26">MTSATests.controller.UpdatingControllersTests#checkUpdatingFormula</h3><table class="result"><tr class="param"><th>Parameter #1</th></tr><tr class="param stripe"><td>/ltsa/dist/examples/ControllerUpdate/Tests/adding_actions_test</td></tr><tr><th>Exception</th></tr><tr><td><div class="stacktrace">java.io.FileNotFoundException: /Users/Claudio1/Documents/School/University/Postdoc/Software/COVER/MTSA/mtsa/maven-root/mtsa/ltsa/dist/examples/ControllerUpdate/Tests/adding_actions_test.lts (No such file or directory)
	at java.io.FileInputStream.open0(Native Method)
	at java.io.FileInputStream.open(FileInputStream.java:195)
	at java.io.FileInputStream.&lt;init&gt;(FileInputStream.java:138)
	at ltsa.ui.FileInput.&lt;init&gt;(FileInput.java:19)
	at MTSAClient.ac.ic.doc.mtsa.MTSCompiler.compileCompositeState(MTSCompiler.java:37)
	at MTSATests.controller.UpdatingControllersTests.checkUpdatingFormula(UpdatingControllersTests.java:113)
... Removed 28 stack frames</div></td></tr></table><p class="totop"><a href="#summary">back to summary</a></p><h3 id="m27">MTSATests.controller.UpdatingControllersTests#checkUpdatingFormula</h3><table class="result"><tr class="param"><th>Parameter #1</th></tr><tr class="param stripe"><td>/ltsa/dist/examples/ControllerUpdate/2015-Tokyo/colorBallsTransfer</td></tr><tr><th>Exception</th></tr><tr><td><div class="stacktrace">java.io.FileNotFoundException: /Users/Claudio1/Documents/School/University/Postdoc/Software/COVER/MTSA/mtsa/maven-root/mtsa/ltsa/dist/examples/ControllerUpdate/2015-Tokyo/colorBallsTransfer.lts (No such file or directory)
	at java.io.FileInputStream.open0(Native Method)
	at java.io.FileInputStream.open(FileInputStream.java:195)
	at java.io.FileInputStream.&lt;init&gt;(FileInputStream.java:138)
	at ltsa.ui.FileInput.&lt;init&gt;(FileInput.java:19)
	at MTSAClient.ac.ic.doc.mtsa.MTSCompiler.compileCompositeState(MTSCompiler.java:37)
	at MTSATests.controller.UpdatingControllersTests.checkUpdatingFormula(UpdatingControllersTests.java:113)
... Removed 28 stack frames</div></td></tr></table><p class="totop"><a href="#summary">back to summary</a></p><h3 id="m28">MTSATests.controller.UpdatingControllersTests#checkUpdatingFormula</h3><table class="result"><tr class="param"><th>Parameter #1</th></tr><tr class="param stripe"><td>/ltsa/dist/examples/ControllerUpdate/Tests/productionCell_test</td></tr><tr><th>Exception</th></tr><tr><td><div class="stacktrace">java.io.FileNotFoundException: /Users/Claudio1/Documents/School/University/Postdoc/Software/COVER/MTSA/mtsa/maven-root/mtsa/ltsa/dist/examples/ControllerUpdate/Tests/productionCell_test.lts (No such file or directory)
	at java.io.FileInputStream.open0(Native Method)
	at java.io.FileInputStream.open(FileInputStream.java:195)
	at java.io.FileInputStream.&lt;init&gt;(FileInputStream.java:138)
	at ltsa.ui.FileInput.&lt;init&gt;(FileInput.java:19)
	at MTSAClient.ac.ic.doc.mtsa.MTSCompiler.compileCompositeState(MTSCompiler.java:37)
	at MTSATests.controller.UpdatingControllersTests.checkUpdatingFormula(UpdatingControllersTests.java:113)
... Removed 28 stack frames</div></td></tr></table><p class="totop"><a href="#summary">back to summary</a></p><h3 id="m29">MTSATests.controller.UpdatingControllersTests#environmentTest</h3><table class="result"><tr class="param"><th>Parameter #1</th></tr><tr class="param stripe"><td>/ltsa/dist/examples/ControllerUpdate/2015-FSE-Wildlife</td></tr><tr><th>Exception</th></tr><tr><td><div class="stacktrace">java.io.FileNotFoundException: /Users/Claudio1/Documents/School/University/Postdoc/Software/COVER/MTSA/mtsa/maven-root/mtsa/ltsa/dist/examples/ControllerUpdate/2015-FSE-Wildlife_env.lts (No such file or directory)
	at java.io.FileInputStream.open0(Native Method)
	at java.io.FileInputStream.open(FileInputStream.java:195)
	at java.io.FileInputStream.&lt;init&gt;(FileInputStream.java:138)
	at ltsa.ui.FileInput.&lt;init&gt;(FileInput.java:19)
	at MTSAClient.ac.ic.doc.mtsa.MTSCompiler.compileCompositeState(MTSCompiler.java:37)
	at MTSAClient.ac.ic.doc.mtsa.MTSCompiler.compileMTS(MTSCompiler.java:27)
	at MTSATests.controller.UpdatingControllersTests.environmentTest(UpdatingControllersTests.java:61)
... Removed 28 stack frames</div></td></tr></table><p class="totop"><a href="#summary">back to summary</a></p><h3 id="m30">MTSATests.controller.UpdatingControllersTests#environmentTest</h3><table class="result"><tr class="param"><th>Parameter #1</th></tr><tr class="param stripe"><td>/ltsa/dist/examples/ControllerUpdate/2015-FSE-Workflow</td></tr><tr><th>Exception</th></tr><tr><td><div class="stacktrace">java.io.FileNotFoundException: /Users/Claudio1/Documents/School/University/Postdoc/Software/COVER/MTSA/mtsa/maven-root/mtsa/ltsa/dist/examples/ControllerUpdate/2015-FSE-Workflow_env.lts (No such file or directory)
	at java.io.FileInputStream.open0(Native Method)
	at java.io.FileInputStream.open(FileInputStream.java:195)
	at java.io.FileInputStream.&lt;init&gt;(FileInputStream.java:138)
	at ltsa.ui.FileInput.&lt;init&gt;(FileInput.java:19)
	at MTSAClient.ac.ic.doc.mtsa.MTSCompiler.compileCompositeState(MTSCompiler.java:37)
	at MTSAClient.ac.ic.doc.mtsa.MTSCompiler.compileMTS(MTSCompiler.java:27)
	at MTSATests.controller.UpdatingControllersTests.environmentTest(UpdatingControllersTests.java:61)
... Removed 28 stack frames</div></td></tr></table><p class="totop"><a href="#summary">back to summary</a></p><h3 id="m31">MTSATests.controller.UpdatingControllersTests#environmentTest</h3><table class="result"><tr class="param"><th>Parameter #1</th></tr><tr class="param stripe"><td>/ltsa/dist/examples/ControllerUpdate/2015-FSE-ProductionCell</td></tr><tr><th>Exception</th></tr><tr><td><div class="stacktrace">java.io.FileNotFoundException: /Users/Claudio1/Documents/School/University/Postdoc/Software/COVER/MTSA/mtsa/maven-root/mtsa/ltsa/dist/examples/ControllerUpdate/2015-FSE-ProductionCell_env.lts (No such file or directory)
	at java.io.FileInputStream.open0(Native Method)
	at java.io.FileInputStream.open(FileInputStream.java:195)
	at java.io.FileInputStream.&lt;init&gt;(FileInputStream.java:138)
	at ltsa.ui.FileInput.&lt;init&gt;(FileInput.java:19)
	at MTSAClient.ac.ic.doc.mtsa.MTSCompiler.compileCompositeState(MTSCompiler.java:37)
	at MTSAClient.ac.ic.doc.mtsa.MTSCompiler.compileMTS(MTSCompiler.java:27)
	at MTSATests.controller.UpdatingControllersTests.environmentTest(UpdatingControllersTests.java:61)
... Removed 28 stack frames</div></td></tr></table><p class="totop"><a href="#summary">back to summary</a></p><h3 id="m32">MTSATests.controller.UpdatingControllersTests#environmentTest</h3><table class="result"><tr class="param"><th>Parameter #1</th></tr><tr class="param stripe"><td>/ltsa/dist/examples/ControllerUpdate/Tests/adding_actions_test</td></tr><tr><th>Exception</th></tr><tr><td><div class="stacktrace">java.io.FileNotFoundException: /Users/Claudio1/Documents/School/University/Postdoc/Software/COVER/MTSA/mtsa/maven-root/mtsa/ltsa/dist/examples/ControllerUpdate/Tests/adding_actions_test_env.lts (No such file or directory)
	at java.io.FileInputStream.open0(Native Method)
	at java.io.FileInputStream.open(FileInputStream.java:195)
	at java.io.FileInputStream.&lt;init&gt;(FileInputStream.java:138)
	at ltsa.ui.FileInput.&lt;init&gt;(FileInput.java:19)
	at MTSAClient.ac.ic.doc.mtsa.MTSCompiler.compileCompositeState(MTSCompiler.java:37)
	at MTSAClient.ac.ic.doc.mtsa.MTSCompiler.compileMTS(MTSCompiler.java:27)
	at MTSATests.controller.UpdatingControllersTests.environmentTest(UpdatingControllersTests.java:61)
... Removed 28 stack frames</div></td></tr></table><p class="totop"><a href="#summary">back to summary</a></p><h3 id="m33">MTSATests.controller.UpdatingControllersTests#environmentTest</h3><table class="result"><tr class="param"><th>Parameter #1</th></tr><tr class="param stripe"><td>/ltsa/dist/examples/ControllerUpdate/Tests/removing_actions_test</td></tr><tr><th>Exception</th></tr><tr><td><div class="stacktrace">java.io.FileNotFoundException: /Users/Claudio1/Documents/School/University/Postdoc/Software/COVER/MTSA/mtsa/maven-root/mtsa/ltsa/dist/examples/ControllerUpdate/Tests/removing_actions_test_env.lts (No such file or directory)
	at java.io.FileInputStream.open0(Native Method)
	at java.io.FileInputStream.open(FileInputStream.java:195)
	at java.io.FileInputStream.&lt;init&gt;(FileInputStream.java:138)
	at ltsa.ui.FileInput.&lt;init&gt;(FileInput.java:19)
	at MTSAClient.ac.ic.doc.mtsa.MTSCompiler.compileCompositeState(MTSCompiler.java:37)
	at MTSAClient.ac.ic.doc.mtsa.MTSCompiler.compileMTS(MTSCompiler.java:27)
	at MTSATests.controller.UpdatingControllersTests.environmentTest(UpdatingControllersTests.java:61)
... Removed 28 stack frames</div></td></tr></table><p class="totop"><a href="#summary">back to summary</a></p><h3 id="m34">MTSATests.controller.UpdatingControllersTests#environmentTest</h3><table class="result"><tr class="param"><th>Parameter #1</th></tr><tr class="param stripe"><td>/ltsa/dist/examples/ControllerUpdate/Tests/UAV_test</td></tr><tr><th>Exception</th></tr><tr><td><div class="stacktrace">java.io.FileNotFoundException: /Users/Claudio1/Documents/School/University/Postdoc/Software/COVER/MTSA/mtsa/maven-root/mtsa/ltsa/dist/examples/ControllerUpdate/Tests/UAV_test_env.lts (No such file or directory)
	at java.io.FileInputStream.open0(Native Method)
	at java.io.FileInputStream.open(FileInputStream.java:195)
	at java.io.FileInputStream.&lt;init&gt;(FileInputStream.java:138)
	at ltsa.ui.FileInput.&lt;init&gt;(FileInput.java:19)
	at MTSAClient.ac.ic.doc.mtsa.MTSCompiler.compileCompositeState(MTSCompiler.java:37)
	at MTSAClient.ac.ic.doc.mtsa.MTSCompiler.compileMTS(MTSCompiler.java:27)
	at MTSATests.controller.UpdatingControllersTests.environmentTest(UpdatingControllersTests.java:61)
... Removed 28 stack frames</div></td></tr></table><p class="totop"><a href="#summary">back to summary</a></p><h3 id="m35">MTSATests.controller.UpdatingControllersTests#environmentTest</h3><table class="result"><tr class="param"><th>Parameter #1</th></tr><tr class="param stripe"><td>/ltsa/dist/examples/ControllerUpdate/Tests/productionCell_test</td></tr><tr><th>Exception</th></tr><tr><td><div class="stacktrace">java.io.FileNotFoundException: /Users/Claudio1/Documents/School/University/Postdoc/Software/COVER/MTSA/mtsa/maven-root/mtsa/ltsa/dist/examples/ControllerUpdate/Tests/productionCell_test_env.lts (No such file or directory)
	at java.io.FileInputStream.open0(Native Method)
	at java.io.FileInputStream.open(FileInputStream.java:195)
	at java.io.FileInputStream.&lt;init&gt;(FileInputStream.java:138)
	at ltsa.ui.FileInput.&lt;init&gt;(FileInput.java:19)
	at MTSAClient.ac.ic.doc.mtsa.MTSCompiler.compileCompositeState(MTSCompiler.java:37)
	at MTSAClient.ac.ic.doc.mtsa.MTSCompiler.compileMTS(MTSCompiler.java:27)
	at MTSATests.controller.UpdatingControllersTests.environmentTest(UpdatingControllersTests.java:61)
... Removed 28 stack frames</div></td></tr></table><p class="totop"><a href="#summary">back to summary</a></p><h3 id="m36">MTSATests.controller.UpdatingControllersTests#environmentTest</h3><table class="result"><tr class="param"><th>Parameter #1</th></tr><tr class="param stripe"><td>/ltsa/dist/examples/ControllerUpdate/Ghezzi/2015-FSE-PowerPlant-Ghezzi2013</td></tr><tr><th>Exception</th></tr><tr><td><div class="stacktrace">java.io.FileNotFoundException: /Users/Claudio1/Documents/School/University/Postdoc/Software/COVER/MTSA/mtsa/maven-root/mtsa/ltsa/dist/examples/ControllerUpdate/Ghezzi/2015-FSE-PowerPlant-Ghezzi2013_env.lts (No such file or directory)
	at java.io.FileInputStream.open0(Native Method)
	at java.io.FileInputStream.open(FileInputStream.java:195)
	at java.io.FileInputStream.&lt;init&gt;(FileInputStream.java:138)
	at ltsa.ui.FileInput.&lt;init&gt;(FileInput.java:19)
	at MTSAClient.ac.ic.doc.mtsa.MTSCompiler.compileCompositeState(MTSCompiler.java:37)
	at MTSAClient.ac.ic.doc.mtsa.MTSCompiler.compileMTS(MTSCompiler.java:27)
	at MTSATests.controller.UpdatingControllersTests.environmentTest(UpdatingControllersTests.java:61)
... Removed 28 stack frames</div></td></tr></table><p class="totop"><a href="#summary">back to summary</a></p><h3 id="m37">MTSATests.controller.UpdatingControllersTests#environmentTest</h3><table class="result"><tr class="param"><th>Parameter #1</th></tr><tr class="param stripe"><td>/ltsa/dist/examples/ControllerUpdate/Ghezzi/2015-FSE-Railcab-Ghezzi2012</td></tr><tr><th>Exception</th></tr><tr><td><div class="stacktrace">java.io.FileNotFoundException: /Users/Claudio1/Documents/School/University/Postdoc/Software/COVER/MTSA/mtsa/maven-root/mtsa/ltsa/dist/examples/ControllerUpdate/Ghezzi/2015-FSE-Railcab-Ghezzi2012_env.lts (No such file or directory)
	at java.io.FileInputStream.open0(Native Method)
	at java.io.FileInputStream.open(FileInputStream.java:195)
	at java.io.FileInputStream.&lt;init&gt;(FileInputStream.java:138)
	at ltsa.ui.FileInput.&lt;init&gt;(FileInput.java:19)
	at MTSAClient.ac.ic.doc.mtsa.MTSCompiler.compileCompositeState(MTSCompiler.java:37)
	at MTSAClient.ac.ic.doc.mtsa.MTSCompiler.compileMTS(MTSCompiler.java:27)
	at MTSATests.controller.UpdatingControllersTests.environmentTest(UpdatingControllersTests.java:61)
... Removed 28 stack frames</div></td></tr></table><p class="totop"><a href="#summary">back to summary</a></p><h3 id="m38">MTSATests.controller.UpdatingControllersTests#graphGenerator_producesCorrectGraph</h3><table class="result"><tr class="param"><th>Parameter #1</th></tr><tr class="param stripe"><td>/ltsa/dist/examples/ControllerUpdate/2015-Tokyo/colorBallsTransfer</td></tr><tr><th>Exception</th></tr><tr><td><div class="stacktrace">java.io.FileNotFoundException: /Users/Claudio1/Documents/School/University/Postdoc/Software/COVER/MTSA/mtsa/maven-root/mtsa/ltsa/dist/examples/ControllerUpdate/2015-Tokyo/colorBallsTransfer.lts (No such file or directory)
	at java.io.FileInputStream.open0(Native Method)
	at java.io.FileInputStream.open(FileInputStream.java:195)
	at java.io.FileInputStream.&lt;init&gt;(FileInputStream.java:138)
	at ltsa.ui.FileInput.&lt;init&gt;(FileInput.java:19)
	at MTSATests.controller.UpdatingControllersTests.graphGenerator_producesCorrectGraph(UpdatingControllersTests.java:135)
... Removed 28 stack frames</div></td></tr></table><p class="totop"><a href="#summary">back to summary</a></p></body></html>